<?xml version="1.0" encoding="utf-8"?><testsuites name="pytest tests"><testsuite name="pytest" errors="0" failures="0" skipped="0" tests="24" time="13.412" timestamp="2026-03-26T16:14:38.510333+00:00" hostname="agent-env-7c86d851-259e-473b-989f-34aa8ff73841"><testcase classname="backend.tests.test_analytics_coleen.TestAnalyticsBatch" name="test_batch_accepts_page_view_events" time="0.490" /><testcase classname="backend.tests.test_analytics_coleen.TestAnalyticsBatch" name="test_batch_accepts_multiple_events" time="0.370" /><testcase classname="backend.tests.test_analytics_coleen.TestAnalyticsBatch" name="test_batch_accepts_click_events" time="0.368" /><testcase classname="backend.tests.test_analytics_coleen.TestSiteAnalytics" name="test_site_analytics_returns_summary" time="0.390" /><testcase classname="backend.tests.test_analytics_coleen.TestSiteAnalytics" name="test_site_analytics_returns_daily" time="0.386" /><testcase classname="backend.tests.test_analytics_coleen.TestSiteAnalytics" name="test_site_analytics_returns_top_pages" time="0.371" /><testcase classname="backend.tests.test_analytics_coleen.TestSiteAnalytics" name="test_site_analytics_returns_devices" time="0.389" /><testcase classname="backend.tests.test_analytics_coleen.TestSiteAnalytics" name="test_site_analytics_returns_referrers" time="0.393" /><testcase classname="backend.tests.test_analytics_coleen.TestSiteAnalytics" name="test_site_analytics_returns_hourly_today" time="0.394" /><testcase classname="backend.tests.test_analytics_coleen.TestSiteAnalytics" name="test_site_analytics_returns_recent_activity" time="0.377" /><testcase classname="backend.tests.test_analytics_coleen.TestWorkspaceLogin" name="test_coleen_login_success" time="0.473" /><testcase classname="backend.tests.test_analytics_coleen.TestWorkspaceLogin" name="test_admin_login_success" time="0.490" /><testcase classname="backend.tests.test_analytics_coleen.TestWorkspaceLogin" name="test_invalid_password_rejected" time="0.350" /><testcase classname="backend.tests.test_analytics_coleen.TestSharedPartners" name="test_get_partners_list" time="0.371" /><testcase classname="backend.tests.test_analytics_coleen.TestSharedPartners" name="test_create_partner" time="0.752" /><testcase classname="backend.tests.test_analytics_coleen.TestSharedPartners" name="test_update_partner" time="1.459" /><testcase classname="backend.tests.test_analytics_coleen.TestSharedPartners" name="test_delete_partner" time="0.730" /><testcase classname="backend.tests.test_analytics_coleen.TestSharedContacts" name="test_get_contacts_list" time="0.375" /><testcase classname="backend.tests.test_analytics_coleen.TestSharedContacts" name="test_create_contact" time="0.724" /><testcase classname="backend.tests.test_analytics_coleen.TestSharedContacts" name="test_delete_contact" time="1.082" /><testcase classname="backend.tests.test_analytics_coleen.TestSharedExpenses" name="test_get_expenses_list" time="0.367" /><testcase classname="backend.tests.test_analytics_coleen.TestSharedExpenses" name="test_create_expense" time="0.728" /><testcase classname="backend.tests.test_analytics_coleen.TestSharedExpenses" name="test_delete_expense" time="1.109" /><testcase classname="backend.tests.test_analytics_coleen.TestExistingPartners" name="test_existing_partners_count" time="0.374" /></testsuite></testsuites>