<?xml version="1.0" encoding="utf-8"?><testsuites name="pytest tests"><testsuite name="pytest" errors="0" failures="0" skipped="0" tests="11" time="14.918" timestamp="2026-02-26T14:27:47.882475+00:00" hostname="agent-env-f87bf28b-03b2-4882-90e0-68bbdc7652a1"><testcase classname="backend.tests.test_batch_multilingual.TestBatchApprove" name="test_batch_approve_success" time="3.232" /><testcase classname="backend.tests.test_batch_multilingual.TestBatchApprove" name="test_batch_approve_already_approved" time="3.378" /><testcase classname="backend.tests.test_batch_multilingual.TestBatchApprove" name="test_batch_approve_max_50_limit" time="0.421" /><testcase classname="backend.tests.test_batch_multilingual.TestBatchApprove" name="test_batch_approve_empty_list" time="0.407" /><testcase classname="backend.tests.test_batch_multilingual.TestBatchSendBadges" name="test_batch_send_badges_specific_ids" time="2.757" /><testcase classname="backend.tests.test_batch_multilingual.TestBatchSendBadges" name="test_batch_send_badges_empty_means_all_approved" time="0.411" /><testcase classname="backend.tests.test_batch_multilingual.TestBatchSendBadges" name="test_batch_send_badges_max_50_limit" time="0.440" /><testcase classname="backend.tests.test_batch_multilingual.TestPartnerNotification" name="test_approval_triggers_partner_notification" time="2.601" /><testcase classname="backend.tests.test_batch_multilingual.TestAPIHealth" name="test_api_root" time="0.403" /><testcase classname="backend.tests.test_batch_multilingual.TestAPIHealth" name="test_registrations_endpoint" time="0.407" /><testcase classname="backend.tests.test_batch_multilingual.TestAPIHealth" name="test_partners_endpoint" time="0.399" /></testsuite></testsuites>