<?xml version="1.0" encoding="utf-8"?><testsuites name="pytest tests"><testsuite name="pytest" errors="0" failures="0" skipped="0" tests="18" time="4.231" timestamp="2026-03-13T20:36:02.652888+00:00" hostname="agent-env-88dc0b58-0f55-4064-835b-b7e7b2da0737"><testcase classname="tests.test_cc2026_new_features.TestProAccessBypass" name="test_pro_request_access_admin_bypass" time="0.271" /><testcase classname="tests.test_cc2026_new_features.TestProAccessBypass" name="test_pro_verify_code_admin_bypass" time="0.216" /><testcase classname="tests.test_cc2026_new_features.TestProAccessBypass" name="test_pro_verify_code_wrong_code" time="0.309" /><testcase classname="tests.test_cc2026_new_features.TestProAccessBypass" name="test_pro_request_access_unknown_email" time="0.088" /><testcase classname="tests.test_cc2026_new_features.TestScanDebit" name="test_scan_debit_staff_entree_valid" time="0.873" /><testcase classname="tests.test_cc2026_new_features.TestScanDebit" name="test_scan_debit_zone_denied_backstage_vip" time="0.402" /><testcase classname="tests.test_cc2026_new_features.TestScanDebit" name="test_scan_debit_with_jetons" time="0.560" /><testcase classname="tests.test_cc2026_new_features.TestScanDebit" name="test_scan_debit_badge_not_found" time="0.369" /><testcase classname="tests.test_cc2026_new_features.TestDashboardLive" name="test_dashboard_cc2026_live" time="0.131" /><testcase classname="tests.test_cc2026_new_features.TestAdminReconcile" name="test_admin_reconcile" time="0.143" /><testcase classname="tests.test_cc2026_new_features.TestBatchEmail" name="test_batch_email_dry_run" time="0.098" /><testcase classname="tests.test_cc2026_new_features.TestBatchEmail" name="test_batch_email_invalid_template" time="0.103" /><testcase classname="tests.test_cc2026_new_features.TestBatchEmail" name="test_batch_email_with_filter" time="0.087" /><testcase classname="tests.test_cc2026_new_features.TestBadgeTypesAndJetons" name="test_badge_types_returns_14_types_7_zones" time="0.089" /><testcase classname="tests.test_cc2026_new_features.TestBadgeTypesAndJetons" name="test_jetons_packs_returns_4_packs" time="0.083" /><testcase classname="tests.test_cc2026_new_features.TestZoneAccessMatrix" name="test_zone_access_entree_generale_all_types" time="0.089" /><testcase classname="tests.test_cc2026_new_features.TestZoneAccessMatrix" name="test_zone_access_backstage_limited" time="0.107" /><testcase classname="tests.test_cc2026_new_features.TestZoneAccessMatrix" name="test_zone_access_vip_lounge" time="0.105" /></testsuite></testsuites>