<?xml version="1.0" encoding="utf-8"?><testsuites name="pytest tests"><testsuite name="pytest" errors="0" failures="0" skipped="0" tests="25" time="5.439" timestamp="2026-03-13T19:45:41.225061+00:00" hostname="agent-env-88dc0b58-0f55-4064-835b-b7e7b2da0737"><testcase classname="backend.tests.test_cc2026_badges_jetons.TestBadgeTypes" name="test_get_badge_types" time="0.166" /><testcase classname="backend.tests.test_cc2026_badges_jetons.TestBadgeInscription" name="test_inscription_vip_badge" time="0.409" /><testcase classname="backend.tests.test_cc2026_badges_jetons.TestBadgeInscription" name="test_inscription_bnv_badge" time="0.160" /><testcase classname="backend.tests.test_cc2026_badges_jetons.TestBadgeInscription" name="test_inscription_art_badge" time="0.409" /><testcase classname="backend.tests.test_cc2026_badges_jetons.TestBadgeInscription" name="test_inscription_exp_vip_badge" time="0.166" /><testcase classname="backend.tests.test_cc2026_badges_jetons.TestBadgeInscription" name="test_inscription_invalid_type" time="0.093" /><testcase classname="backend.tests.test_cc2026_badges_jetons.TestBadgeInscription" name="test_inscription_duplicate_email" time="0.234" /><testcase classname="backend.tests.test_cc2026_badges_jetons.TestBadgeActivation" name="test_activate_badge" time="0.760" /><testcase classname="backend.tests.test_cc2026_badges_jetons.TestBadgeActivation" name="test_activate_invalid_token" time="0.130" /><testcase classname="backend.tests.test_cc2026_badges_jetons.TestBadgeScan" name="test_vip_zone_access" time="0.402" /><testcase classname="backend.tests.test_cc2026_badges_jetons.TestBadgeScan" name="test_art_backstage_access" time="0.361" /><testcase classname="backend.tests.test_cc2026_badges_jetons.TestBadgeScan" name="test_inactive_badge_cannot_scan" time="0.231" /><testcase classname="backend.tests.test_cc2026_badges_jetons.TestBadgeLookupAndList" name="test_badge_lookup" time="0.253" /><testcase classname="backend.tests.test_cc2026_badges_jetons.TestBadgeLookupAndList" name="test_badge_lookup_not_found" time="0.086" /><testcase classname="backend.tests.test_cc2026_badges_jetons.TestBadgeLookupAndList" name="test_badge_list" time="0.101" /><testcase classname="backend.tests.test_cc2026_badges_jetons.TestBadgeLookupAndList" name="test_badge_list_filter_by_type" time="0.114" /><testcase classname="backend.tests.test_cc2026_badges_jetons.TestBadgeStats" name="test_badge_stats" time="0.085" /><testcase classname="backend.tests.test_cc2026_badges_jetons.TestJetonsPacks" name="test_get_packs" time="0.088" /><testcase classname="backend.tests.test_cc2026_badges_jetons.TestJetonsWallet" name="test_wallet_lookup" time="0.201" /><testcase classname="backend.tests.test_cc2026_badges_jetons.TestJetonsWallet" name="test_wallet_not_found" time="0.092" /><testcase classname="backend.tests.test_cc2026_badges_jetons.TestJetonsSpend" name="test_spend_insufficient_balance" time="0.190" /><testcase classname="backend.tests.test_cc2026_badges_jetons.TestJetonsSpend" name="test_spend_invalid_amount" time="0.202" /><testcase classname="backend.tests.test_cc2026_badges_jetons.TestJetonsStats" name="test_jetons_stats" time="0.086" /><testcase classname="backend.tests.test_cc2026_badges_jetons.TestFREKHealth" name="test_frek_health" time="0.147" /><testcase classname="backend.tests.test_cc2026_badges_jetons.TestFREKStatus" name="test_frek_status" time="0.146" /></testsuite></testsuites>