<?xml version="1.0" encoding="utf-8"?><testsuites name="pytest tests"><testsuite name="pytest" errors="0" failures="0" skipped="0" tests="15" time="7.853" timestamp="2026-02-27T23:10:57.954011+00:00" hostname="agent-env-86ffa918-b767-4d80-ae6d-8cdb18286488"><testcase classname="tests.test_cms_features.TestCMSTheme" name="test_get_theme" time="0.567" /><testcase classname="tests.test_cms_features.TestCMSTheme" name="test_public_theme_endpoint" time="0.402" /><testcase classname="tests.test_cms_features.TestCMSContent" name="test_get_program_content" time="0.429" /><testcase classname="tests.test_cms_features.TestCMSContent" name="test_get_home_content" time="0.444" /><testcase classname="tests.test_cms_features.TestCMSContent" name="test_cms_content_list" time="0.414" /><testcase classname="tests.test_cms_features.TestCMSContent" name="test_init_defaults" time="0.545" /><testcase classname="tests.test_cms_features.TestCMSPages" name="test_get_pages_list" time="0.520" /><testcase classname="tests.test_cms_features.TestCMSPages" name="test_create_and_delete_page" time="1.341" /><testcase classname="tests.test_cms_features.TestCMSPages" name="test_public_page_404" time="0.430" /><testcase classname="tests.test_cms_features.TestCMSMedia" name="test_get_media_list" time="0.442" /><testcase classname="tests.test_cms_features.TestCMSSpeakers" name="test_get_speakers_list" time="0.449" /><testcase classname="tests.test_cms_features.TestCMSPartners" name="test_get_partners_list" time="0.422" /><testcase classname="tests.test_cms_features.TestProgramFeatures" name="test_4_day_program_structure" time="0.473" /><testcase classname="tests.test_cms_features.TestProgramFeatures" name="test_day3_terracotta_highlight" time="0.418" /><testcase classname="tests.test_cms_features.TestProgramFeatures" name="test_slot_structure" time="0.454" /></testsuite></testsuites>