<?xml version="1.0" encoding="utf-8"?><testsuites name="pytest tests"><testsuite name="pytest" errors="0" failures="15" skipped="0" tests="15" time="0.478" timestamp="2026-02-27T23:10:43.081464+00:00" hostname="agent-env-86ffa918-b767-4d80-ae6d-8cdb18286488"><testcase classname="tests.test_cms_features.TestCMSTheme" name="test_get_theme" time="0.001"><failure message="requests.exceptions.MissingSchema: Invalid URL '/api/cms/theme': No scheme supplied. Perhaps you meant https:///api/cms/theme?">tests/test_cms_features.py:24: in test_get_theme
    response = requests.get(f"{BASE_URL}/api/cms/theme")
               ^^^^^^^^^^^^^^^^^^^^^^^^^^^^^^^^^^^^^^^^^
/root/.venv/lib/python3.11/site-packages/requests/api.py:73: in get
    return request("get", url, params=params, **kwargs)
           ^^^^^^^^^^^^^^^^^^^^^^^^^^^^^^^^^^^^^^^^^^^^
/root/.venv/lib/python3.11/site-packages/requests/api.py:59: in request
    return session.request(method=method, url=url, **kwargs)
           ^^^^^^^^^^^^^^^^^^^^^^^^^^^^^^^^^^^^^^^^^^^^^^^^^
/root/.venv/lib/python3.11/site-packages/requests/sessions.py:575: in request
    prep = self.prepare_request(req)
           ^^^^^^^^^^^^^^^^^^^^^^^^^
/root/.venv/lib/python3.11/site-packages/requests/sessions.py:484: in prepare_request
    p.prepare(
/root/.venv/lib/python3.11/site-packages/requests/models.py:367: in prepare
    self.prepare_url(url, params)
/root/.venv/lib/python3.11/site-packages/requests/models.py:438: in prepare_url
    raise MissingSchema(
E   requests.exceptions.MissingSchema: Invalid URL '/api/cms/theme': No scheme supplied. Perhaps you meant https:///api/cms/theme?</failure></testcase><testcase classname="tests.test_cms_features.TestCMSTheme" name="test_public_theme_endpoint" time="0.001"><failure message="requests.exceptions.MissingSchema: Invalid URL '/api/public/theme': No scheme supplied. Perhaps you meant https:///api/public/theme?">tests/test_cms_features.py:42: in test_public_theme_endpoint
    response = requests.get(f"{BASE_URL}/api/public/theme")
               ^^^^^^^^^^^^^^^^^^^^^^^^^^^^^^^^^^^^^^^^^^^^
/root/.venv/lib/python3.11/site-packages/requests/api.py:73: in get
    return request("get", url, params=params, **kwargs)
           ^^^^^^^^^^^^^^^^^^^^^^^^^^^^^^^^^^^^^^^^^^^^
/root/.venv/lib/python3.11/site-packages/requests/api.py:59: in request
    return session.request(method=method, url=url, **kwargs)
           ^^^^^^^^^^^^^^^^^^^^^^^^^^^^^^^^^^^^^^^^^^^^^^^^^
/root/.venv/lib/python3.11/site-packages/requests/sessions.py:575: in request
    prep = self.prepare_request(req)
           ^^^^^^^^^^^^^^^^^^^^^^^^^
/root/.venv/lib/python3.11/site-packages/requests/sessions.py:484: in prepare_request
    p.prepare(
/root/.venv/lib/python3.11/site-packages/requests/models.py:367: in prepare
    self.prepare_url(url, params)
/root/.venv/lib/python3.11/site-packages/requests/models.py:438: in prepare_url
    raise MissingSchema(
E   requests.exceptions.MissingSchema: Invalid URL '/api/public/theme': No scheme supplied. Perhaps you meant https:///api/public/theme?</failure></testcase><testcase classname="tests.test_cms_features.TestCMSContent" name="test_get_program_content" time="0.001"><failure message="requests.exceptions.MissingSchema: Invalid URL '/api/public/content/program': No scheme supplied. Perhaps you meant https:///api/public/content/program?">tests/test_cms_features.py:56: in test_get_program_content
    response = requests.get(f"{BASE_URL}/api/public/content/program")
               ^^^^^^^^^^^^^^^^^^^^^^^^^^^^^^^^^^^^^^^^^^^^^^^^^^^^^^
/root/.venv/lib/python3.11/site-packages/requests/api.py:73: in get
    return request("get", url, params=params, **kwargs)
           ^^^^^^^^^^^^^^^^^^^^^^^^^^^^^^^^^^^^^^^^^^^^
/root/.venv/lib/python3.11/site-packages/requests/api.py:59: in request
    return session.request(method=method, url=url, **kwargs)
           ^^^^^^^^^^^^^^^^^^^^^^^^^^^^^^^^^^^^^^^^^^^^^^^^^
/root/.venv/lib/python3.11/site-packages/requests/sessions.py:575: in request
    prep = self.prepare_request(req)
           ^^^^^^^^^^^^^^^^^^^^^^^^^
/root/.venv/lib/python3.11/site-packages/requests/sessions.py:484: in prepare_request
    p.prepare(
/root/.venv/lib/python3.11/site-packages/requests/models.py:367: in prepare
    self.prepare_url(url, params)
/root/.venv/lib/python3.11/site-packages/requests/models.py:438: in prepare_url
    raise MissingSchema(
E   requests.exceptions.MissingSchema: Invalid URL '/api/public/content/program': No scheme supplied. Perhaps you meant https:///api/public/content/program?</failure></testcase><testcase classname="tests.test_cms_features.TestCMSContent" name="test_get_home_content" time="0.001"><failure message="requests.exceptions.MissingSchema: Invalid URL '/api/public/content/home': No scheme supplied. Perhaps you meant https:///api/public/content/home?">tests/test_cms_features.py:91: in test_get_home_content
    response = requests.get(f"{BASE_URL}/api/public/content/home")
               ^^^^^^^^^^^^^^^^^^^^^^^^^^^^^^^^^^^^^^^^^^^^^^^^^^^
/root/.venv/lib/python3.11/site-packages/requests/api.py:73: in get
    return request("get", url, params=params, **kwargs)
           ^^^^^^^^^^^^^^^^^^^^^^^^^^^^^^^^^^^^^^^^^^^^
/root/.venv/lib/python3.11/site-packages/requests/api.py:59: in request
    return session.request(method=method, url=url, **kwargs)
           ^^^^^^^^^^^^^^^^^^^^^^^^^^^^^^^^^^^^^^^^^^^^^^^^^
/root/.venv/lib/python3.11/site-packages/requests/sessions.py:575: in request
    prep = self.prepare_request(req)
           ^^^^^^^^^^^^^^^^^^^^^^^^^
/root/.venv/lib/python3.11/site-packages/requests/sessions.py:484: in prepare_request
    p.prepare(
/root/.venv/lib/python3.11/site-packages/requests/models.py:367: in prepare
    self.prepare_url(url, params)
/root/.venv/lib/python3.11/site-packages/requests/models.py:438: in prepare_url
    raise MissingSchema(
E   requests.exceptions.MissingSchema: Invalid URL '/api/public/content/home': No scheme supplied. Perhaps you meant https:///api/public/content/home?</failure></testcase><testcase classname="tests.test_cms_features.TestCMSContent" name="test_cms_content_list" time="0.000"><failure message="requests.exceptions.MissingSchema: Invalid URL '/api/cms/content': No scheme supplied. Perhaps you meant https:///api/cms/content?">tests/test_cms_features.py:104: in test_cms_content_list
    response = requests.get(f"{BASE_URL}/api/cms/content")
               ^^^^^^^^^^^^^^^^^^^^^^^^^^^^^^^^^^^^^^^^^^^
/root/.venv/lib/python3.11/site-packages/requests/api.py:73: in get
    return request("get", url, params=params, **kwargs)
           ^^^^^^^^^^^^^^^^^^^^^^^^^^^^^^^^^^^^^^^^^^^^
/root/.venv/lib/python3.11/site-packages/requests/api.py:59: in request
    return session.request(method=method, url=url, **kwargs)
           ^^^^^^^^^^^^^^^^^^^^^^^^^^^^^^^^^^^^^^^^^^^^^^^^^
/root/.venv/lib/python3.11/site-packages/requests/sessions.py:575: in request
    prep = self.prepare_request(req)
           ^^^^^^^^^^^^^^^^^^^^^^^^^
/root/.venv/lib/python3.11/site-packages/requests/sessions.py:484: in prepare_request
    p.prepare(
/root/.venv/lib/python3.11/site-packages/requests/models.py:367: in prepare
    self.prepare_url(url, params)
/root/.venv/lib/python3.11/site-packages/requests/models.py:438: in prepare_url
    raise MissingSchema(
E   requests.exceptions.MissingSchema: Invalid URL '/api/cms/content': No scheme supplied. Perhaps you meant https:///api/cms/content?</failure></testcase><testcase classname="tests.test_cms_features.TestCMSContent" name="test_init_defaults" time="0.000"><failure message="requests.exceptions.MissingSchema: Invalid URL '/api/cms/content/init-defaults': No scheme supplied. Perhaps you meant https:///api/cms/content/init-defaults?">tests/test_cms_features.py:114: in test_init_defaults
    response = requests.post(f"{BASE_URL}/api/cms/content/init-defaults")
               ^^^^^^^^^^^^^^^^^^^^^^^^^^^^^^^^^^^^^^^^^^^^^^^^^^^^^^^^^^
/root/.venv/lib/python3.11/site-packages/requests/api.py:115: in post
    return request("post", url, data=data, json=json, **kwargs)
           ^^^^^^^^^^^^^^^^^^^^^^^^^^^^^^^^^^^^^^^^^^^^^^^^^^^^
/root/.venv/lib/python3.11/site-packages/requests/api.py:59: in request
    return session.request(method=method, url=url, **kwargs)
           ^^^^^^^^^^^^^^^^^^^^^^^^^^^^^^^^^^^^^^^^^^^^^^^^^
/root/.venv/lib/python3.11/site-packages/requests/sessions.py:575: in request
    prep = self.prepare_request(req)
           ^^^^^^^^^^^^^^^^^^^^^^^^^
/root/.venv/lib/python3.11/site-packages/requests/sessions.py:484: in prepare_request
    p.prepare(
/root/.venv/lib/python3.11/site-packages/requests/models.py:367: in prepare
    self.prepare_url(url, params)
/root/.venv/lib/python3.11/site-packages/requests/models.py:438: in prepare_url
    raise MissingSchema(
E   requests.exceptions.MissingSchema: Invalid URL '/api/cms/content/init-defaults': No scheme supplied. Perhaps you meant https:///api/cms/content/init-defaults?</failure></testcase><testcase classname="tests.test_cms_features.TestCMSPages" name="test_get_pages_list" time="0.000"><failure message="requests.exceptions.MissingSchema: Invalid URL '/api/cms/pages': No scheme supplied. Perhaps you meant https:///api/cms/pages?">tests/test_cms_features.py:127: in test_get_pages_list
    response = requests.get(f"{BASE_URL}/api/cms/pages")
               ^^^^^^^^^^^^^^^^^^^^^^^^^^^^^^^^^^^^^^^^^
/root/.venv/lib/python3.11/site-packages/requests/api.py:73: in get
    return request("get", url, params=params, **kwargs)
           ^^^^^^^^^^^^^^^^^^^^^^^^^^^^^^^^^^^^^^^^^^^^
/root/.venv/lib/python3.11/site-packages/requests/api.py:59: in request
    return session.request(method=method, url=url, **kwargs)
           ^^^^^^^^^^^^^^^^^^^^^^^^^^^^^^^^^^^^^^^^^^^^^^^^^
/root/.venv/lib/python3.11/site-packages/requests/sessions.py:575: in request
    prep = self.prepare_request(req)
           ^^^^^^^^^^^^^^^^^^^^^^^^^
/root/.venv/lib/python3.11/site-packages/requests/sessions.py:484: in prepare_request
    p.prepare(
/root/.venv/lib/python3.11/site-packages/requests/models.py:367: in prepare
    self.prepare_url(url, params)
/root/.venv/lib/python3.11/site-packages/requests/models.py:438: in prepare_url
    raise MissingSchema(
E   requests.exceptions.MissingSchema: Invalid URL '/api/cms/pages': No scheme supplied. Perhaps you meant https:///api/cms/pages?</failure></testcase><testcase classname="tests.test_cms_features.TestCMSPages" name="test_create_and_delete_page" time="0.000"><failure message="requests.exceptions.MissingSchema: Invalid URL '/api/cms/pages': No scheme supplied. Perhaps you meant https:///api/cms/pages?">tests/test_cms_features.py:150: in test_create_and_delete_page
    create_response = requests.post(f"{BASE_URL}/api/cms/pages", json=create_payload)
                      ^^^^^^^^^^^^^^^^^^^^^^^^^^^^^^^^^^^^^^^^^^^^^^^^^^^^^^^^^^^^^^^
/root/.venv/lib/python3.11/site-packages/requests/api.py:115: in post
    return request("post", url, data=data, json=json, **kwargs)
           ^^^^^^^^^^^^^^^^^^^^^^^^^^^^^^^^^^^^^^^^^^^^^^^^^^^^
/root/.venv/lib/python3.11/site-packages/requests/api.py:59: in request
    return session.request(method=method, url=url, **kwargs)
           ^^^^^^^^^^^^^^^^^^^^^^^^^^^^^^^^^^^^^^^^^^^^^^^^^
/root/.venv/lib/python3.11/site-packages/requests/sessions.py:575: in request
    prep = self.prepare_request(req)
           ^^^^^^^^^^^^^^^^^^^^^^^^^
/root/.venv/lib/python3.11/site-packages/requests/sessions.py:484: in prepare_request
    p.prepare(
/root/.venv/lib/python3.11/site-packages/requests/models.py:367: in prepare
    self.prepare_url(url, params)
/root/.venv/lib/python3.11/site-packages/requests/models.py:438: in prepare_url
    raise MissingSchema(
E   requests.exceptions.MissingSchema: Invalid URL '/api/cms/pages': No scheme supplied. Perhaps you meant https:///api/cms/pages?</failure></testcase><testcase classname="tests.test_cms_features.TestCMSPages" name="test_public_page_404" time="0.000"><failure message="requests.exceptions.MissingSchema: Invalid URL '/api/public/page/nonexistent-slug-12345': No scheme supplied. Perhaps you meant https:///api/public/page/nonexistent-slug-12345?">tests/test_cms_features.py:174: in test_public_page_404
    response = requests.get(f"{BASE_URL}/api/public/page/nonexistent-slug-12345")
               ^^^^^^^^^^^^^^^^^^^^^^^^^^^^^^^^^^^^^^^^^^^^^^^^^^^^^^^^^^^^^^^^^^
/root/.venv/lib/python3.11/site-packages/requests/api.py:73: in get
    return request("get", url, params=params, **kwargs)
           ^^^^^^^^^^^^^^^^^^^^^^^^^^^^^^^^^^^^^^^^^^^^
/root/.venv/lib/python3.11/site-packages/requests/api.py:59: in request
    return session.request(method=method, url=url, **kwargs)
           ^^^^^^^^^^^^^^^^^^^^^^^^^^^^^^^^^^^^^^^^^^^^^^^^^
/root/.venv/lib/python3.11/site-packages/requests/sessions.py:575: in request
    prep = self.prepare_request(req)
           ^^^^^^^^^^^^^^^^^^^^^^^^^
/root/.venv/lib/python3.11/site-packages/requests/sessions.py:484: in prepare_request
    p.prepare(
/root/.venv/lib/python3.11/site-packages/requests/models.py:367: in prepare
    self.prepare_url(url, params)
/root/.venv/lib/python3.11/site-packages/requests/models.py:438: in prepare_url
    raise MissingSchema(
E   requests.exceptions.MissingSchema: Invalid URL '/api/public/page/nonexistent-slug-12345': No scheme supplied. Perhaps you meant https:///api/public/page/nonexistent-slug-12345?</failure></testcase><testcase classname="tests.test_cms_features.TestCMSMedia" name="test_get_media_list" time="0.000"><failure message="requests.exceptions.MissingSchema: Invalid URL '/api/cms/media': No scheme supplied. Perhaps you meant https:///api/cms/media?">tests/test_cms_features.py:184: in test_get_media_list
    response = requests.get(f"{BASE_URL}/api/cms/media")
               ^^^^^^^^^^^^^^^^^^^^^^^^^^^^^^^^^^^^^^^^^
/root/.venv/lib/python3.11/site-packages/requests/api.py:73: in get
    return request("get", url, params=params, **kwargs)
           ^^^^^^^^^^^^^^^^^^^^^^^^^^^^^^^^^^^^^^^^^^^^
/root/.venv/lib/python3.11/site-packages/requests/api.py:59: in request
    return session.request(method=method, url=url, **kwargs)
           ^^^^^^^^^^^^^^^^^^^^^^^^^^^^^^^^^^^^^^^^^^^^^^^^^
/root/.venv/lib/python3.11/site-packages/requests/sessions.py:575: in request
    prep = self.prepare_request(req)
           ^^^^^^^^^^^^^^^^^^^^^^^^^
/root/.venv/lib/python3.11/site-packages/requests/sessions.py:484: in prepare_request
    p.prepare(
/root/.venv/lib/python3.11/site-packages/requests/models.py:367: in prepare
    self.prepare_url(url, params)
/root/.venv/lib/python3.11/site-packages/requests/models.py:438: in prepare_url
    raise MissingSchema(
E   requests.exceptions.MissingSchema: Invalid URL '/api/cms/media': No scheme supplied. Perhaps you meant https:///api/cms/media?</failure></testcase><testcase classname="tests.test_cms_features.TestCMSSpeakers" name="test_get_speakers_list" time="0.000"><failure message="requests.exceptions.MissingSchema: Invalid URL '/api/cms/speakers': No scheme supplied. Perhaps you meant https:///api/cms/speakers?">tests/test_cms_features.py:198: in test_get_speakers_list
    response = requests.get(f"{BASE_URL}/api/cms/speakers")
               ^^^^^^^^^^^^^^^^^^^^^^^^^^^^^^^^^^^^^^^^^^^^
/root/.venv/lib/python3.11/site-packages/requests/api.py:73: in get
    return request("get", url, params=params, **kwargs)
           ^^^^^^^^^^^^^^^^^^^^^^^^^^^^^^^^^^^^^^^^^^^^
/root/.venv/lib/python3.11/site-packages/requests/api.py:59: in request
    return session.request(method=method, url=url, **kwargs)
           ^^^^^^^^^^^^^^^^^^^^^^^^^^^^^^^^^^^^^^^^^^^^^^^^^
/root/.venv/lib/python3.11/site-packages/requests/sessions.py:575: in request
    prep = self.prepare_request(req)
           ^^^^^^^^^^^^^^^^^^^^^^^^^
/root/.venv/lib/python3.11/site-packages/requests/sessions.py:484: in prepare_request
    p.prepare(
/root/.venv/lib/python3.11/site-packages/requests/models.py:367: in prepare
    self.prepare_url(url, params)
/root/.venv/lib/python3.11/site-packages/requests/models.py:438: in prepare_url
    raise MissingSchema(
E   requests.exceptions.MissingSchema: Invalid URL '/api/cms/speakers': No scheme supplied. Perhaps you meant https:///api/cms/speakers?</failure></testcase><testcase classname="tests.test_cms_features.TestCMSPartners" name="test_get_partners_list" time="0.000"><failure message="requests.exceptions.MissingSchema: Invalid URL '/api/cms/partners': No scheme supplied. Perhaps you meant https:///api/cms/partners?">tests/test_cms_features.py:212: in test_get_partners_list
    response = requests.get(f"{BASE_URL}/api/cms/partners")
               ^^^^^^^^^^^^^^^^^^^^^^^^^^^^^^^^^^^^^^^^^^^^
/root/.venv/lib/python3.11/site-packages/requests/api.py:73: in get
    return request("get", url, params=params, **kwargs)
           ^^^^^^^^^^^^^^^^^^^^^^^^^^^^^^^^^^^^^^^^^^^^
/root/.venv/lib/python3.11/site-packages/requests/api.py:59: in request
    return session.request(method=method, url=url, **kwargs)
           ^^^^^^^^^^^^^^^^^^^^^^^^^^^^^^^^^^^^^^^^^^^^^^^^^
/root/.venv/lib/python3.11/site-packages/requests/sessions.py:575: in request
    prep = self.prepare_request(req)
           ^^^^^^^^^^^^^^^^^^^^^^^^^
/root/.venv/lib/python3.11/site-packages/requests/sessions.py:484: in prepare_request
    p.prepare(
/root/.venv/lib/python3.11/site-packages/requests/models.py:367: in prepare
    self.prepare_url(url, params)
/root/.venv/lib/python3.11/site-packages/requests/models.py:438: in prepare_url
    raise MissingSchema(
E   requests.exceptions.MissingSchema: Invalid URL '/api/cms/partners': No scheme supplied. Perhaps you meant https:///api/cms/partners?</failure></testcase><testcase classname="tests.test_cms_features.TestProgramFeatures" name="test_4_day_program_structure" time="0.000"><failure message="requests.exceptions.MissingSchema: Invalid URL '/api/public/content/program': No scheme supplied. Perhaps you meant https:///api/public/content/program?">tests/test_cms_features.py:226: in test_4_day_program_structure
    response = requests.get(f"{BASE_URL}/api/public/content/program")
               ^^^^^^^^^^^^^^^^^^^^^^^^^^^^^^^^^^^^^^^^^^^^^^^^^^^^^^
/root/.venv/lib/python3.11/site-packages/requests/api.py:73: in get
    return request("get", url, params=params, **kwargs)
           ^^^^^^^^^^^^^^^^^^^^^^^^^^^^^^^^^^^^^^^^^^^^
/root/.venv/lib/python3.11/site-packages/requests/api.py:59: in request
    return session.request(method=method, url=url, **kwargs)
           ^^^^^^^^^^^^^^^^^^^^^^^^^^^^^^^^^^^^^^^^^^^^^^^^^
/root/.venv/lib/python3.11/site-packages/requests/sessions.py:575: in request
    prep = self.prepare_request(req)
           ^^^^^^^^^^^^^^^^^^^^^^^^^
/root/.venv/lib/python3.11/site-packages/requests/sessions.py:484: in prepare_request
    p.prepare(
/root/.venv/lib/python3.11/site-packages/requests/models.py:367: in prepare
    self.prepare_url(url, params)
/root/.venv/lib/python3.11/site-packages/requests/models.py:438: in prepare_url
    raise MissingSchema(
E   requests.exceptions.MissingSchema: Invalid URL '/api/public/content/program': No scheme supplied. Perhaps you meant https:///api/public/content/program?</failure></testcase><testcase classname="tests.test_cms_features.TestProgramFeatures" name="test_day3_terracotta_highlight" time="0.000"><failure message="requests.exceptions.MissingSchema: Invalid URL '/api/public/content/program': No scheme supplied. Perhaps you meant https:///api/public/content/program?">tests/test_cms_features.py:249: in test_day3_terracotta_highlight
    response = requests.get(f"{BASE_URL}/api/public/content/program")
               ^^^^^^^^^^^^^^^^^^^^^^^^^^^^^^^^^^^^^^^^^^^^^^^^^^^^^^
/root/.venv/lib/python3.11/site-packages/requests/api.py:73: in get
    return request("get", url, params=params, **kwargs)
           ^^^^^^^^^^^^^^^^^^^^^^^^^^^^^^^^^^^^^^^^^^^^
/root/.venv/lib/python3.11/site-packages/requests/api.py:59: in request
    return session.request(method=method, url=url, **kwargs)
           ^^^^^^^^^^^^^^^^^^^^^^^^^^^^^^^^^^^^^^^^^^^^^^^^^
/root/.venv/lib/python3.11/site-packages/requests/sessions.py:575: in request
    prep = self.prepare_request(req)
           ^^^^^^^^^^^^^^^^^^^^^^^^^
/root/.venv/lib/python3.11/site-packages/requests/sessions.py:484: in prepare_request
    p.prepare(
/root/.venv/lib/python3.11/site-packages/requests/models.py:367: in prepare
    self.prepare_url(url, params)
/root/.venv/lib/python3.11/site-packages/requests/models.py:438: in prepare_url
    raise MissingSchema(
E   requests.exceptions.MissingSchema: Invalid URL '/api/public/content/program': No scheme supplied. Perhaps you meant https:///api/public/content/program?</failure></testcase><testcase classname="tests.test_cms_features.TestProgramFeatures" name="test_slot_structure" time="0.000"><failure message="requests.exceptions.MissingSchema: Invalid URL '/api/public/content/program': No scheme supplied. Perhaps you meant https:///api/public/content/program?">tests/test_cms_features.py:261: in test_slot_structure
    response = requests.get(f"{BASE_URL}/api/public/content/program")
               ^^^^^^^^^^^^^^^^^^^^^^^^^^^^^^^^^^^^^^^^^^^^^^^^^^^^^^
/root/.venv/lib/python3.11/site-packages/requests/api.py:73: in get
    return request("get", url, params=params, **kwargs)
           ^^^^^^^^^^^^^^^^^^^^^^^^^^^^^^^^^^^^^^^^^^^^
/root/.venv/lib/python3.11/site-packages/requests/api.py:59: in request
    return session.request(method=method, url=url, **kwargs)
           ^^^^^^^^^^^^^^^^^^^^^^^^^^^^^^^^^^^^^^^^^^^^^^^^^
/root/.venv/lib/python3.11/site-packages/requests/sessions.py:575: in request
    prep = self.prepare_request(req)
           ^^^^^^^^^^^^^^^^^^^^^^^^^
/root/.venv/lib/python3.11/site-packages/requests/sessions.py:484: in prepare_request
    p.prepare(
/root/.venv/lib/python3.11/site-packages/requests/models.py:367: in prepare
    self.prepare_url(url, params)
/root/.venv/lib/python3.11/site-packages/requests/models.py:438: in prepare_url
    raise MissingSchema(
E   requests.exceptions.MissingSchema: Invalid URL '/api/public/content/program': No scheme supplied. Perhaps you meant https:///api/public/content/program?</failure></testcase></testsuite></testsuites>