<?xml version="1.0" encoding="utf-8"?><testsuites name="pytest tests"><testsuite name="pytest" errors="0" failures="1" skipped="0" tests="22" time="2.325" timestamp="2026-02-28T01:21:46.261572+00:00" hostname="agent-env-722e4710-b499-4f73-8686-ea3dbb5ade18"><testcase classname="backend.tests.test_final_audit.TestHealthAndRoot" name="test_api_root" time="0.253" /><testcase classname="backend.tests.test_final_audit.TestCMSMapTerritories" name="test_get_map_territories" time="0.103" /><testcase classname="backend.tests.test_final_audit.TestRegistrations" name="test_get_registrations" time="0.087" /><testcase classname="backend.tests.test_final_audit.TestRegistrations" name="test_get_registrations_filtered_by_status" time="0.116" /><testcase classname="backend.tests.test_final_audit.TestCatalog" name="test_get_catalog" time="0.080" /><testcase classname="backend.tests.test_final_audit.TestPartners" name="test_get_partners" time="0.084" /><testcase classname="backend.tests.test_final_audit.TestCMSEndpoints" name="test_get_cms_media" time="0.118" /><testcase classname="backend.tests.test_final_audit.TestCMSEndpoints" name="test_get_cms_speakers" time="0.091" /><testcase classname="backend.tests.test_final_audit.TestCMSEndpoints" name="test_get_cms_partners" time="0.088" /><testcase classname="backend.tests.test_final_audit.TestCMSEndpoints" name="test_get_cms_theme" time="0.093" /><testcase classname="backend.tests.test_final_audit.TestCMSEndpoints" name="test_get_cms_content" time="0.083" /><testcase classname="backend.tests.test_final_audit.TestCMSEndpoints" name="test_get_cms_pages" time="0.083" /><testcase classname="backend.tests.test_final_audit.TestStripeIntegration" name="test_get_stripe_public_key" time="0.081" /><testcase classname="backend.tests.test_final_audit.TestStripeIntegration" name="test_create_checkout_session_validation" time="0.087" /><testcase classname="backend.tests.test_final_audit.TestSmartConnectEngine" name="test_get_smart_profiles" time="0.176" /><testcase classname="backend.tests.test_final_audit.TestSmartConnectEngine" name="test_search_match_endpoint" time="0.074" /><testcase classname="backend.tests.test_final_audit.TestEmailLogs" name="test_get_email_logs" time="0.101" /><testcase classname="backend.tests.test_final_audit.TestEmailLogs" name="test_get_email_stats" time="0.087" /><testcase classname="backend.tests.test_final_audit.TestBatchOperations" name="test_get_batch_history" time="0.080" /><testcase classname="backend.tests.test_final_audit.TestSiteConfiguration" name="test_get_site_config" time="0.087" /><testcase classname="backend.tests.test_final_audit.TestSiteConfiguration" name="test_get_annual_intention" time="0.081"><failure message="assert 404 == 200&#10; +  where 404 = &lt;Response [404]&gt;.status_code">backend/tests/test_final_audit.py:282: in test_get_annual_intention
    assert response.status_code == 200
E   assert 404 == 200
E    +  where 404 = &lt;Response [404]&gt;.status_code</failure></testcase><testcase classname="backend.tests.test_final_audit.TestExportEndpoints" name="test_export_registrations_csv" time="0.082" /></testsuite></testsuites>