<?xml version="1.0" encoding="utf-8"?><testsuites name="pytest tests"><testsuite name="pytest" errors="0" failures="0" skipped="0" tests="14" time="9.383" timestamp="2026-02-26T14:46:40.683809+00:00" hostname="agent-env-f87bf28b-03b2-4882-90e0-68bbdc7652a1"><testcase classname="backend.tests.test_final_features.TestBatchBadgeProgress" name="test_send_badges_returns_job_id" time="1.439" /><testcase classname="backend.tests.test_final_features.TestBatchBadgeProgress" name="test_batch_progress_endpoint_structure" time="2.770" /><testcase classname="backend.tests.test_final_features.TestBatchBadgeProgress" name="test_invalid_job_id_returns_404" time="0.435" /><testcase classname="backend.tests.test_final_features.TestEmailLogs" name="test_email_logs_endpoint_returns_list" time="0.476" /><testcase classname="backend.tests.test_final_features.TestEmailLogs" name="test_email_logs_filter_by_type" time="0.439" /><testcase classname="backend.tests.test_final_features.TestEmailLogs" name="test_email_logs_filter_by_status" time="0.417" /><testcase classname="backend.tests.test_final_features.TestAdvancedStats" name="test_advanced_stats_endpoint_structure" time="0.403" /><testcase classname="backend.tests.test_final_features.TestAdvancedStats" name="test_kpis_structure" time="0.412" /><testcase classname="backend.tests.test_final_features.TestAdvancedStats" name="test_tier_analysis_has_revenue" time="0.417" /><testcase classname="backend.tests.test_final_features.TestAdvancedStats" name="test_partner_analysis_has_revenue" time="0.394" /><testcase classname="backend.tests.test_final_features.TestReportSummary" name="test_report_summary_endpoint" time="0.415" /><testcase classname="backend.tests.test_final_features.TestReportSummary" name="test_key_metrics_fields" time="0.419" /><testcase classname="backend.tests.test_final_features.TestReportSummary" name="test_communication_fields" time="0.429" /><testcase classname="backend.tests.test_final_features.TestAdminAuth" name="test_admin_verify" time="0.439" /></testsuite></testsuites>