<?xml version="1.0" encoding="utf-8"?><testsuites name="pytest tests"><testsuite name="pytest" errors="0" failures="0" skipped="0" tests="9" time="3.546" timestamp="2026-03-27T08:45:29.013266+00:00" hostname="agent-env-7c86d851-259e-473b-989f-34aa8ff73841"><testcase classname="tests.test_hcaptcha_integration.TestHCaptchaService" name="test_hcaptcha_service_exists" time="0.052" /><testcase classname="tests.test_hcaptcha_integration.TestContactEndpointWithCaptcha" name="test_contact_with_captcha_token_success" time="0.311" /><testcase classname="tests.test_hcaptcha_integration.TestContactEndpointWithCaptcha" name="test_contact_without_captcha_token_graceful" time="0.136" /><testcase classname="tests.test_hcaptcha_integration.TestBadgeInscriptionWithCaptcha" name="test_badge_inscription_with_captcha_success" time="1.134" /><testcase classname="tests.test_hcaptcha_integration.TestBadgeInscriptionWithCaptcha" name="test_badge_inscription_without_captcha_graceful" time="0.390" /><testcase classname="tests.test_hcaptcha_integration.TestCheckoutSessionWithCaptcha" name="test_checkout_session_with_captcha_accreditation" time="0.721" /><testcase classname="tests.test_hcaptcha_integration.TestCheckoutSessionWithCaptcha" name="test_checkout_session_with_captcha_partnership" time="0.516" /><testcase classname="tests.test_hcaptcha_integration.TestAPIHealthAndBasics" name="test_api_root" time="0.104" /><testcase classname="tests.test_hcaptcha_integration.TestAPIHealthAndBasics" name="test_badge_types_endpoint" time="0.123" /></testsuite></testsuites>