<?xml version="1.0" encoding="utf-8"?><testsuites name="pytest tests"><testsuite name="pytest" errors="0" failures="2" skipped="0" tests="16" time="22.018" timestamp="2026-04-14T16:31:34.858673+00:00" hostname="agent-env-7c86d851-259e-473b-989f-34aa8ff73841"><testcase classname="backend.tests.test_iteration90_faq_support.TestFAQEndpoints" name="test_get_faq_list" time="3.251" /><testcase classname="backend.tests.test_iteration90_faq_support.TestFAQEndpoints" name="test_get_faq_by_category" time="3.100" /><testcase classname="backend.tests.test_iteration90_faq_support.TestSupportTicketEndpoints" name="test_create_ticket_success" time="3.124" /><testcase classname="backend.tests.test_iteration90_faq_support.TestSupportTicketEndpoints" name="test_create_ticket_missing_fields" time="3.127"><failure message="AssertionError: Expected 400 for empty name, got 422&#10;assert 422 == 400&#10; +  where 422 = &lt;Response [422]&gt;.status_code">backend/tests/test_iteration90_faq_support.py:118: in test_create_ticket_missing_fields
    assert response.status_code == 400, f"Expected 400 for empty name, got {response.status_code}"
E   AssertionError: Expected 400 for empty name, got 422
E   assert 422 == 400
E    +  where 422 = &lt;Response [422]&gt;.status_code</failure></testcase><testcase classname="backend.tests.test_iteration90_faq_support.TestSupportTicketEndpoints" name="test_get_my_tickets" time="6.202"><failure message="AssertionError: Expected 200, got 429&#10;assert 429 == 200&#10; +  where 429 = &lt;Response [429]&gt;.status_code">backend/tests/test_iteration90_faq_support.py:151: in test_get_my_tickets
    assert response.status_code == 200, f"Expected 200, got {response.status_code}"
E   AssertionError: Expected 200, got 429
E   assert 429 == 200
E    +  where 429 = &lt;Response [429]&gt;.status_code</failure></testcase><testcase classname="backend.tests.test_iteration90_faq_support.TestSupportTicketEndpoints" name="test_admin_get_all_tickets" time="3.119" /><testcase classname="backend.tests.test_iteration90_faq_support.TestFREKMasking" name="test_pricing_page_no_frek" time="0.000" /><testcase classname="backend.tests.test_iteration90_faq_support.TestFREKMasking" name="test_faq_page_no_frek" time="0.000" /><testcase classname="backend.tests.test_iteration90_faq_support.TestFREKMasking" name="test_support_page_no_frek" time="0.000" /><testcase classname="backend.tests.test_iteration90_faq_support.TestEmailUpdate" name="test_faq_page_correct_email" time="0.000" /><testcase classname="backend.tests.test_iteration90_faq_support.TestEmailUpdate" name="test_support_page_correct_email" time="0.000" /><testcase classname="backend.tests.test_iteration90_faq_support.TestEmailUpdate" name="test_pricing_page_correct_email" time="0.000" /><testcase classname="backend.tests.test_iteration90_faq_support.TestPricingPageContent" name="test_visiteur_description" time="0.000" /><testcase classname="backend.tests.test_iteration90_faq_support.TestPricingPageContent" name="test_visiteur_exclusions" time="0.000" /><testcase classname="backend.tests.test_iteration90_faq_support.TestAppRoutes" name="test_faq_routes_exist" time="0.000" /><testcase classname="backend.tests.test_iteration90_faq_support.TestAppRoutes" name="test_support_routes_exist" time="0.000" /></testsuite></testsuites>