<?xml version="1.0" encoding="utf-8"?><testsuites name="pytest tests"><testsuite name="pytest" errors="0" failures="0" skipped="0" tests="10" time="2.271" timestamp="2026-04-02T02:07:22.570260+00:00" hostname="agent-env-7c86d851-259e-473b-989f-34aa8ff73841"><testcase classname="backend.tests.test_iteration60_console_cleanup.TestIteration60ConsoleCleanup" name="test_registrations_endpoint" time="1.488" /><testcase classname="backend.tests.test_iteration60_console_cleanup.TestIteration60ConsoleCleanup" name="test_stats_endpoint" time="0.093" /><testcase classname="backend.tests.test_iteration60_console_cleanup.TestIteration60ConsoleCleanup" name="test_advanced_stats_endpoint" time="0.072" /><testcase classname="backend.tests.test_iteration60_console_cleanup.TestIteration60ConsoleCleanup" name="test_catalog_endpoint" time="0.084" /><testcase classname="backend.tests.test_iteration60_console_cleanup.TestIteration60ConsoleCleanup" name="test_partners_endpoint" time="0.070" /><testcase classname="backend.tests.test_iteration60_console_cleanup.TestIteration60ConsoleCleanup" name="test_email_logs_endpoint" time="0.086" /><testcase classname="backend.tests.test_iteration60_console_cleanup.TestIteration60ConsoleCleanup" name="test_smart_engine_endpoint" time="0.080" /><testcase classname="backend.tests.test_iteration60_console_cleanup.TestIteration60ConsoleCleanup" name="test_team_notifications_endpoint" time="0.087" /><testcase classname="backend.tests.test_iteration60_console_cleanup.TestIteration60ConsoleCleanup" name="test_jetons_stats_endpoint" time="0.073" /><testcase classname="backend.tests.test_iteration60_console_cleanup.TestIteration60ConsoleCleanup" name="test_site_analytics_endpoint" time="0.085" /></testsuite></testsuites>