<?xml version="1.0" encoding="utf-8"?><testsuites name="pytest tests"><testsuite name="pytest" errors="0" failures="1" skipped="0" tests="15" time="1.425" timestamp="2026-04-08T02:38:01.376196+00:00" hostname="agent-env-7c86d851-259e-473b-989f-34aa8ff73841"><testcase classname="backend.tests.test_iter59_new_endpoints.TestIter59PublicEndpoints" name="test_trade_offers_returns_offers_list" time="0.104" /><testcase classname="backend.tests.test_iter59_new_endpoints.TestIter59PublicEndpoints" name="test_export_csv_returns_csv" time="0.081" /><testcase classname="backend.tests.test_iter59_new_endpoints.TestIter59PublicEndpoints" name="test_frek_profile_unknown_returns_404" time="0.079" /><testcase classname="backend.tests.test_iter59_new_endpoints.TestIter59AuthRequiredEndpoints" name="test_wallet_transfer_requires_auth" time="0.077" /><testcase classname="backend.tests.test_iter59_new_endpoints.TestIter59AuthRequiredEndpoints" name="test_wallet_swap_requires_auth" time="0.126" /><testcase classname="backend.tests.test_iter59_new_endpoints.TestIter59AuthRequiredEndpoints" name="test_builder_projects_get_requires_auth" time="0.076" /><testcase classname="backend.tests.test_iter59_new_endpoints.TestIter59AuthRequiredEndpoints" name="test_builder_projects_post_requires_auth" time="0.074" /><testcase classname="backend.tests.test_iter59_new_endpoints.TestIter59AuthRequiredEndpoints" name="test_builder_publish_requires_auth" time="0.100" /><testcase classname="backend.tests.test_iter59_new_endpoints.TestIter59AuthRequiredEndpoints" name="test_frek_certify_requires_auth" time="0.080" /><testcase classname="backend.tests.test_iter59_new_endpoints.TestIter59AuthRequiredEndpoints" name="test_user_follow_requires_auth" time="0.139" /><testcase classname="backend.tests.test_iter59_new_endpoints.TestIter59AuthRequiredEndpoints" name="test_brain_sessions_requires_auth" time="0.076" /><testcase classname="backend.tests.test_iter59_new_endpoints.TestIter59AuthRequiredEndpoints" name="test_brain_activity_requires_auth" time="0.068" /><testcase classname="backend.tests.test_iter59_new_endpoints.TestIter59ExistingEndpoints" name="test_health_endpoint" time="0.089"><failure message="AssertionError: Expected 200 or 429, got 404&#10;assert 404 in [200, 429]&#10; +  where 404 = &lt;Response [404]&gt;.status_code">backend/tests/test_iter59_new_endpoints.py:144: in test_health_endpoint
    assert response.status_code in [200, 429], f"Expected 200 or 429, got {response.status_code}"
E   AssertionError: Expected 200 or 429, got 404
E   assert 404 in [200, 429]
E    +  where 404 = &lt;Response [404]&gt;.status_code</failure></testcase><testcase classname="backend.tests.test_iter59_new_endpoints.TestIter59ExistingEndpoints" name="test_feed_posts_endpoint" time="0.090" /><testcase classname="backend.tests.test_iter59_new_endpoints.TestIter59ExistingEndpoints" name="test_planning_cc2026_endpoint" time="0.084" /></testsuite></testsuites>