<?xml version="1.0" encoding="utf-8"?><testsuites name="pytest tests"><testsuite name="pytest" errors="0" failures="0" skipped="0" tests="13" time="1.787" timestamp="2026-04-07T21:31:54.176619+00:00" hostname="agent-env-7c86d851-259e-473b-989f-34aa8ff73841"><testcase classname="backend.tests.test_iteration78_doctrine_cc_flow.TestDoctrineFlowStats" name="test_flow_stats_returns_valid_structure" time="0.151" /><testcase classname="backend.tests.test_iteration78_doctrine_cc_flow.TestDoctrineFlowStats" name="test_flow_stats_flows_structure" time="0.084" /><testcase classname="backend.tests.test_iteration78_doctrine_cc_flow.TestDoctrineMyPermissions" name="test_my_permissions_requires_auth" time="0.097" /><testcase classname="backend.tests.test_iteration78_doctrine_cc_flow.TestDoctrineMyPermissions" name="test_my_permissions_returns_receives_array" time="0.215" /><testcase classname="backend.tests.test_iteration78_doctrine_cc_flow.TestDoctrineMyPermissions" name="test_my_permissions_has_cc_flow_structure" time="0.083" /><testcase classname="backend.tests.test_iteration78_doctrine_cc_flow.TestWalletBuyPackCCFlow" name="test_buy_pack_requires_auth" time="0.101" /><testcase classname="backend.tests.test_iteration78_doctrine_cc_flow.TestWalletBuyPackCCFlow" name="test_buy_pack_returns_success_structure" time="0.201" /><testcase classname="backend.tests.test_iteration78_doctrine_cc_flow.TestWalletTransferCCFlow" name="test_transfer_requires_auth" time="0.093" /><testcase classname="backend.tests.test_iteration78_doctrine_cc_flow.TestWalletTransferCCFlow" name="test_transfer_validates_recipient" time="0.227" /><testcase classname="backend.tests.test_iteration78_doctrine_cc_flow.TestWalletTransferCCFlow" name="test_transfer_prevents_self_transfer" time="0.076" /><testcase classname="backend.tests.test_iteration78_doctrine_cc_flow.TestDoctrinePermissionsEndpoint" name="test_permissions_returns_all_roles" time="0.122" /><testcase classname="backend.tests.test_iteration78_doctrine_cc_flow.TestWalletMeEndpoint" name="test_wallet_me_requires_auth" time="0.083" /><testcase classname="backend.tests.test_iteration78_doctrine_cc_flow.TestWalletMeEndpoint" name="test_wallet_me_returns_balance" time="0.171" /></testsuite></testsuites>