<?xml version="1.0" encoding="utf-8"?><testsuites name="pytest tests"><testsuite name="pytest" errors="0" failures="0" skipped="0" tests="11" time="5.669" timestamp="2026-03-26T17:12:58.420910+00:00" hostname="agent-env-7c86d851-259e-473b-989f-34aa8ff73841"><testcase classname="backend.tests.test_iteration35_refactored_routes.TestSharedRoutes" name="test_get_partners_returns_array" time="0.640" /><testcase classname="backend.tests.test_iteration35_refactored_routes.TestSharedRoutes" name="test_get_contacts_returns_array" time="0.420" /><testcase classname="backend.tests.test_iteration35_refactored_routes.TestSharedRoutes" name="test_get_tasks_returns_array" time="0.460" /><testcase classname="backend.tests.test_iteration35_refactored_routes.TestSharedRoutes" name="test_get_expenses_returns_array" time="0.551" /><testcase classname="backend.tests.test_iteration35_refactored_routes.TestSharedRoutes" name="test_partner_crud_create_update_delete" time="1.307" /><testcase classname="backend.tests.test_iteration35_refactored_routes.TestTerrainRoutes" name="test_get_affluence_returns_counts" time="0.425" /><testcase classname="backend.tests.test_iteration35_refactored_routes.TestTerrainRoutes" name="test_validate_badge_invalid_returns_not_found" time="0.439" /><testcase classname="backend.tests.test_iteration35_refactored_routes.TestTerrainRoutes" name="test_search_returns_results_array" time="0.438" /><testcase classname="backend.tests.test_iteration35_refactored_routes.TestTerrainRoutes" name="test_search_short_query_returns_empty" time="0.431" /><testcase classname="backend.tests.test_iteration35_refactored_routes.TestBadgeExportStats" name="test_export_stats_returns_structure" time="0.491" /><testcase classname="backend.tests.test_iteration35_refactored_routes.TestServerLineCount" name="test_server_py_under_8400_lines" time="0.001" /></testsuite></testsuites>