<?xml version="1.0" encoding="utf-8"?><testsuites name="pytest tests"><testsuite name="pytest" errors="0" failures="0" skipped="0" tests="13" time="1.459" timestamp="2026-04-08T03:13:44.682307+00:00" hostname="agent-env-7c86d851-259e-473b-989f-34aa8ff73841"><testcase classname="backend.tests.test_iter60_uploads_buttons.TestBrainUpload" name="test_brain_upload_requires_auth" time="0.225" /><testcase classname="backend.tests.test_iter60_uploads_buttons.TestBrainUpload" name="test_brain_upload_rejects_invalid_mime" time="0.186" /><testcase classname="backend.tests.test_iter60_uploads_buttons.TestBuilderUpload" name="test_builder_upload_requires_auth" time="0.101" /><testcase classname="backend.tests.test_iter60_uploads_buttons.TestFilesEndpoint" name="test_files_returns_404_for_unknown" time="0.131" /><testcase classname="backend.tests.test_iter60_uploads_buttons.TestBrainSessionMessages" name="test_brain_session_messages_requires_auth" time="0.088" /><testcase classname="backend.tests.test_iter60_uploads_buttons.TestUserFollow" name="test_follow_requires_auth" time="0.087" /><testcase classname="backend.tests.test_iter60_uploads_buttons.TestFeedEclair" name="test_eclair_requires_auth" time="0.065" /><testcase classname="backend.tests.test_iter60_uploads_buttons.TestBrainSessions" name="test_brain_sessions_requires_auth" time="0.083" /><testcase classname="backend.tests.test_iter60_uploads_buttons.TestFeedPosts" name="test_feed_posts_returns_data" time="0.084" /><testcase classname="backend.tests.test_iter60_uploads_buttons.TestBuilderProjects" name="test_builder_projects_requires_auth" time="0.093" /><testcase classname="backend.tests.test_iter60_uploads_buttons.TestBuilderProjects" name="test_builder_create_project_requires_auth" time="0.073" /><testcase classname="backend.tests.test_iter60_uploads_buttons.TestOrbitalMenuNavigation" name="test_wallet_endpoint_exists" time="0.092" /><testcase classname="backend.tests.test_iter60_uploads_buttons.TestOrbitalMenuNavigation" name="test_feed_endpoint_exists" time="0.090" /></testsuite></testsuites>