<?xml version="1.0" encoding="utf-8"?><testsuites name="pytest tests"><testsuite name="pytest" errors="0" failures="0" skipped="0" tests="14" time="40.960" timestamp="2026-04-05T01:22:26.813724+00:00" hostname="agent-env-7c86d851-259e-473b-989f-34aa8ff73841"><testcase classname="backend.tests.test_iteration75_wallet_analytics_brain.TestAuthentication" name="test_auth_me_returns_profile" time="0.097" /><testcase classname="backend.tests.test_iteration75_wallet_analytics_brain.TestWalletEndpoints" name="test_wallet_me_returns_balance" time="0.097" /><testcase classname="backend.tests.test_iteration75_wallet_analytics_brain.TestWalletEndpoints" name="test_wallet_history_returns_transactions" time="0.046" /><testcase classname="backend.tests.test_iteration75_wallet_analytics_brain.TestWalletEndpoints" name="test_wallet_buy_pack_culture" time="0.091" /><testcase classname="backend.tests.test_iteration75_wallet_analytics_brain.TestWalletEndpoints" name="test_wallet_analytics_returns_categories" time="0.044" /><testcase classname="backend.tests.test_iteration75_wallet_analytics_brain.TestWalletEndpoints" name="test_wallet_unauthenticated_returns_401" time="0.089" /><testcase classname="backend.tests.test_iteration75_wallet_analytics_brain.TestAnalyticsEndpoints" name="test_analytics_track_single_event" time="0.006" /><testcase classname="backend.tests.test_iteration75_wallet_analytics_brain.TestAnalyticsEndpoints" name="test_analytics_batch_multiple_events" time="0.004" /><testcase classname="backend.tests.test_iteration75_wallet_analytics_brain.TestAnalyticsEndpoints" name="test_analytics_site_stats_returns_overview" time="0.007" /><testcase classname="backend.tests.test_iteration75_wallet_analytics_brain.TestCVLBrainAnticipation" name="test_brain_cc2026_anticipation" time="8.754" /><testcase classname="backend.tests.test_iteration75_wallet_analytics_brain.TestCVLBrainAnticipation" name="test_brain_cvln_confidentiality_redirect" time="12.333" /><testcase classname="backend.tests.test_iteration75_wallet_analytics_brain.TestCVLBrainAnticipation" name="test_brain_gafam_redirect" time="9.276" /><testcase classname="backend.tests.test_iteration75_wallet_analytics_brain.TestCVLBrainAnticipation" name="test_brain_jeton_cc_knowledge" time="9.845" /><testcase classname="backend.tests.test_iteration75_wallet_analytics_brain.TestWalletHistoryPersistence" name="test_buy_pack_creates_transaction_in_history" time="0.184" /></testsuite></testsuites>