<?xml version="1.0" encoding="utf-8"?><testsuites name="pytest tests"><testsuite name="pytest" errors="0" failures="0" skipped="0" tests="9" time="1.417" timestamp="2026-04-01T04:59:58.695926+00:00" hostname="agent-env-7c86d851-259e-473b-989f-34aa8ff73841"><testcase classname="backend.tests.test_iteration47_features.TestIteration47Backend" name="test_health_check" time="0.211" /><testcase classname="backend.tests.test_iteration47_features.TestIteration47Backend" name="test_patch_photo_endpoint_exists_returns_404_for_invalid_id" time="0.079" /><testcase classname="backend.tests.test_iteration47_features.TestIteration47Backend" name="test_catalog_returns_total_field" time="0.080" /><testcase classname="backend.tests.test_iteration47_features.TestIteration47Backend" name="test_search_suggestions_returns_404_for_invalid_participant" time="0.079" /><testcase classname="backend.tests.test_iteration47_features.TestIteration47Backend" name="test_workspace_login_twina" time="0.076" /><testcase classname="backend.tests.test_iteration47_features.TestIteration47Backend" name="test_workspace_login_admin" time="0.191" /><testcase classname="backend.tests.test_iteration47_features.TestIteration47Backend" name="test_checkout_session_accepts_show_in_catalog" time="0.475" /><testcase classname="backend.tests.test_iteration47_features.TestIteration47Backend" name="test_registrations_list" time="0.088" /><testcase classname="backend.tests.test_iteration47_features.TestIteration47Backend" name="test_partners_list" time="0.089" /></testsuite></testsuites>