<?xml version="1.0" encoding="utf-8"?><testsuites name="pytest tests"><testsuite name="pytest" errors="0" failures="0" skipped="0" tests="15" time="1.515" timestamp="2026-04-01T02:33:52.635006+00:00" hostname="agent-env-7c86d851-259e-473b-989f-34aa8ff73841"><testcase classname="backend.tests.test_iteration43_recommendations.TestHealthCheck" name="test_api_health" time="0.146" /><testcase classname="backend.tests.test_iteration43_recommendations.TestConnectionRecommendations" name="test_connections_vip_badge" time="0.124" /><testcase classname="backend.tests.test_iteration43_recommendations.TestConnectionRecommendations" name="test_connections_artist_badge" time="0.081" /><testcase classname="backend.tests.test_iteration43_recommendations.TestConnectionRecommendations" name="test_connections_invalid_badge" time="0.094" /><testcase classname="backend.tests.test_iteration43_recommendations.TestEventRecommendations" name="test_events_artist_badge" time="0.081" /><testcase classname="backend.tests.test_iteration43_recommendations.TestEventRecommendations" name="test_events_vip_badge" time="0.078" /><testcase classname="backend.tests.test_iteration43_recommendations.TestEventRecommendations" name="test_events_invalid_badge" time="0.104" /><testcase classname="backend.tests.test_iteration43_recommendations.TestPartnershipRecommendations" name="test_partnerships_vip_badge" time="0.085" /><testcase classname="backend.tests.test_iteration43_recommendations.TestPartnershipRecommendations" name="test_partnerships_benevole_badge" time="0.097" /><testcase classname="backend.tests.test_iteration43_recommendations.TestAdminOverview" name="test_admin_overview" time="0.084" /><testcase classname="backend.tests.test_iteration43_recommendations.TestEventsList" name="test_all_events_list" time="0.078" /><testcase classname="backend.tests.test_iteration43_recommendations.TestCVLBrainEnrichment" name="test_connections_with_enrichment" time="0.080" /><testcase classname="backend.tests.test_iteration43_recommendations.TestCVLBrainEnrichment" name="test_events_with_enrichment" time="0.090" /><testcase classname="backend.tests.test_iteration43_recommendations.TestMgraphRegression" name="test_mgraph_endpoint" time="0.107" /><testcase classname="backend.tests.test_iteration43_recommendations.TestNotificationsRegression" name="test_notifications_endpoint" time="0.097" /></testsuite></testsuites>