<?xml version="1.0" encoding="utf-8"?><testsuites name="pytest tests"><testsuite name="pytest" errors="0" failures="0" skipped="0" tests="13" time="16.383" timestamp="2026-04-01T05:51:17.737496+00:00" hostname="agent-env-7c86d851-259e-473b-989f-34aa8ff73841"><testcase classname="tests.test_ghost_population.TestGhostSeed" name="test_seed_ghost_profiles" time="0.301" /><testcase classname="tests.test_ghost_population.TestGhostAdminStats" name="test_admin_stats_returns_metrics" time="0.202" /><testcase classname="tests.test_ghost_population.TestGhostAdminProfiles" name="test_admin_profiles_lists_all" time="0.184" /><testcase classname="tests.test_ghost_population.TestGhostOnboarding" name="test_onboarding_complete_new_user" time="8.274" /><testcase classname="tests.test_ghost_population.TestGhostJetons" name="test_jetons_balance_existing_user" time="6.497" /><testcase classname="tests.test_ghost_population.TestGhostJetons" name="test_jetons_balance_nonexistent_user" time="0.078" /><testcase classname="tests.test_ghost_population.TestGhostAutoComment" name="test_auto_comment_requires_post_id" time="0.066" /><testcase classname="tests.test_ghost_population.TestGhostAutoComment" name="test_auto_comment_on_nonexistent_post" time="0.088" /><testcase classname="tests.test_ghost_population.TestGhostRetirement" name="test_check_retirement" time="0.104" /><testcase classname="tests.test_ghost_population.TestProSocialFeed" name="test_feed_includes_ghost_posts" time="0.181" /><testcase classname="tests.test_ghost_population.TestProSocialDirectory" name="test_directory_includes_ghosts" time="0.170" /><testcase classname="tests.test_ghost_population.TestProSpaceLogin" name="test_bypass_login_request_access" time="0.079" /><testcase classname="tests.test_ghost_population.TestProSpaceLogin" name="test_bypass_login_verify_code" time="0.084" /></testsuite></testsuites>