<?xml version="1.0" encoding="utf-8"?><testsuites name="pytest tests"><testsuite name="pytest" errors="0" failures="2" skipped="0" tests="17" time="5.070" timestamp="2026-04-08T00:05:30.961107+00:00" hostname="agent-env-7c86d851-259e-473b-989f-34aa8ff73841"><testcase classname="tests.test_iter80_omega.TestAdhesionEndpoints" name="test_get_adhesion_levels_returns_4_levels" time="0.158" /><testcase classname="tests.test_iter80_omega.TestAdhesionEndpoints" name="test_get_current_adhesion_requires_auth" time="0.074" /><testcase classname="tests.test_iter80_omega.TestFeedEndpoints" name="test_get_feed_posts_returns_list" time="0.098" /><testcase classname="tests.test_iter80_omega.TestFeedEndpoints" name="test_eclair_post_requires_auth" time="0.084" /><testcase classname="tests.test_iter80_omega.TestFeedEndpoints" name="test_comment_post_requires_auth" time="0.123" /><testcase classname="tests.test_iter80_omega.TestFrekEndpoints" name="test_frek_health_returns_healthy" time="0.078"><failure message="assert 429 == 200&#10; +  where 429 = &lt;Response [429]&gt;.status_code">tests/test_iter80_omega.py:89: in test_frek_health_returns_healthy
    assert response.status_code == 200
E   assert 429 == 200
E    +  where 429 = &lt;Response [429]&gt;.status_code</failure></testcase><testcase classname="tests.test_iter80_omega.TestBrainMemoryEndpoints" name="test_brain_memory_history_returns_conversations" time="0.084" /><testcase classname="tests.test_iter80_omega.TestBrainMemoryEndpoints" name="test_brain_memory_get_specific_session" time="0.070" /><testcase classname="tests.test_iter80_omega.TestUserEndpoints" name="test_user_settings_requires_auth" time="0.565" /><testcase classname="tests.test_iter80_omega.TestUserEndpoints" name="test_rgpd_delete_account_requires_auth" time="0.571" /><testcase classname="tests.test_iter80_omega.TestUserEndpoints" name="test_rgpd_endpoint_exists" time="0.578" /><testcase classname="tests.test_iter80_omega.TestWalletEndpoints" name="test_wallet_me_requires_auth" time="0.594" /><testcase classname="tests.test_iter80_omega.TestWalletEndpoints" name="test_wallet_history_requires_auth" time="0.585" /><testcase classname="tests.test_iter80_omega.TestWalletEndpoints" name="test_buy_pack_requires_auth" time="0.572" /><testcase classname="tests.test_iter80_omega.TestBrainChatEndpoint" name="test_brain_chat_enriched_requires_permission" time="0.594" /><testcase classname="tests.test_iter80_omega.TestVitrineHomepage" name="test_homepage_loads" time="0.081" /><testcase classname="tests.test_iter80_omega.TestVitrineHomepage" name="test_api_health" time="0.069"><failure message="assert 429 == 200&#10; +  where 429 = &lt;Response [429]&gt;.status_code">tests/test_iter80_omega.py:202: in test_api_health
    assert response.status_code == 200
E   assert 429 == 200
E    +  where 429 = &lt;Response [429]&gt;.status_code</failure></testcase></testsuite></testsuites>