<?xml version="1.0" encoding="utf-8"?><testsuites name="pytest tests"><testsuite name="pytest" errors="0" failures="0" skipped="0" tests="23" time="3.202" timestamp="2026-03-27T09:07:21.040275+00:00" hostname="agent-env-7c86d851-259e-473b-989f-34aa8ff73841"><testcase classname="backend.tests.test_iteration37_chantiers.TestSmartEngineDashboard" name="test_dashboard_returns_8_streams" time="0.256" /><testcase classname="backend.tests.test_iteration37_chantiers.TestSmartEngineDashboard" name="test_predictive_stream" time="0.145" /><testcase classname="backend.tests.test_iteration37_chantiers.TestSmartEngineDashboard" name="test_conversion_stream" time="0.085" /><testcase classname="backend.tests.test_iteration37_chantiers.TestSmartEngineDashboard" name="test_verified_identity_stream" time="0.115" /><testcase classname="backend.tests.test_iteration37_chantiers.TestSmartEngineDashboard" name="test_live_audience_stream" time="0.078" /><testcase classname="backend.tests.test_iteration37_chantiers.TestSmartEngineDashboard" name="test_creation_origin_stream" time="0.089" /><testcase classname="backend.tests.test_iteration37_chantiers.TestSmartEngineDashboard" name="test_cultural_diffusion_stream" time="0.087" /><testcase classname="backend.tests.test_iteration37_chantiers.TestSmartEngineDashboard" name="test_mgraph_stream" time="0.084" /><testcase classname="backend.tests.test_iteration37_chantiers.TestSmartEngineDashboard" name="test_creative_network_stream" time="0.108" /><testcase classname="backend.tests.test_iteration37_chantiers.TestAIAgentsDashboard" name="test_list_returns_10_agents" time="0.096" /><testcase classname="backend.tests.test_iteration37_chantiers.TestAIAgentsDashboard" name="test_agent_status_detail" time="0.080" /><testcase classname="backend.tests.test_iteration37_chantiers.TestAIAgentsDashboard" name="test_agent_toggle" time="0.260" /><testcase classname="backend.tests.test_iteration37_chantiers.TestAIAgentsDashboard" name="test_agent_logs" time="0.080" /><testcase classname="backend.tests.test_iteration37_chantiers.TestAIAgentsDashboard" name="test_all_agent_ids_exist" time="0.079" /><testcase classname="backend.tests.test_iteration37_chantiers.TestProSocialFeed" name="test_feed_returns_posts" time="0.094" /><testcase classname="backend.tests.test_iteration37_chantiers.TestProSocialFeed" name="test_create_post" time="0.074" /><testcase classname="backend.tests.test_iteration37_chantiers.TestProSocialFeed" name="test_like_post" time="0.266" /><testcase classname="backend.tests.test_iteration37_chantiers.TestProSocialFeed" name="test_comment_on_post" time="0.170" /><testcase classname="backend.tests.test_iteration37_chantiers.TestProSocialFeed" name="test_directory_returns_professionals" time="0.082" /><testcase classname="backend.tests.test_iteration37_chantiers.TestProSocialFeed" name="test_directory_search" time="0.081" /><testcase classname="backend.tests.test_iteration37_chantiers.TestProSocialFeed" name="test_directory_filter_by_type" time="0.104" /><testcase classname="backend.tests.test_iteration37_chantiers.TestHCaptchaEndpoints" name="test_contact_with_captcha" time="0.196" /><testcase classname="backend.tests.test_iteration37_chantiers.TestHCaptchaEndpoints" name="test_badge_inscription_with_captcha" time="0.435" /></testsuite></testsuites>