<?xml version="1.0" encoding="utf-8"?><testsuites name="pytest tests"><testsuite name="pytest" errors="0" failures="0" skipped="0" tests="23" time="3.257" timestamp="2026-04-01T23:34:45.862130+00:00" hostname="agent-env-7c86d851-259e-473b-989f-34aa8ff73841"><testcase classname="backend.tests.test_iteration54_monnaie_forte.TestShopPackages" name="test_packages_returns_5_packs" time="0.130" /><testcase classname="backend.tests.test_iteration54_monnaie_forte.TestShopPackages" name="test_package_kt_decouverte" time="0.082" /><testcase classname="backend.tests.test_iteration54_monnaie_forte.TestShopPackages" name="test_package_kt_culture" time="0.078" /><testcase classname="backend.tests.test_iteration54_monnaie_forte.TestShopPackages" name="test_package_kt_diaspora" time="0.073" /><testcase classname="backend.tests.test_iteration54_monnaie_forte.TestShopPackages" name="test_package_kt_vip" time="0.084" /><testcase classname="backend.tests.test_iteration54_monnaie_forte.TestShopPackages" name="test_package_kt_partenaire" time="0.085" /><testcase classname="backend.tests.test_iteration54_monnaie_forte.TestShopPackages" name="test_packages_have_marketing_label" time="0.078" /><testcase classname="backend.tests.test_iteration54_monnaie_forte.TestShopPackages" name="test_packages_have_validity_extension" time="0.076" /><testcase classname="backend.tests.test_iteration54_monnaie_forte.TestShopPackages" name="test_packages_have_legal_entity" time="0.086" /><testcase classname="backend.tests.test_iteration54_monnaie_forte.TestFintechDashboard" name="test_dashboard_returns_200" time="0.082" /><testcase classname="backend.tests.test_iteration54_monnaie_forte.TestFintechDashboard" name="test_dashboard_has_float_object" time="0.083" /><testcase classname="backend.tests.test_iteration54_monnaie_forte.TestFintechDashboard" name="test_dashboard_has_legal_entity" time="0.086" /><testcase classname="backend.tests.test_iteration54_monnaie_forte.TestFintechDashboard" name="test_dashboard_has_adoption_by_zone" time="0.083" /><testcase classname="backend.tests.test_iteration54_monnaie_forte.TestFintechDashboard" name="test_dashboard_has_revenue_by_pack" time="0.075" /><testcase classname="backend.tests.test_iteration54_monnaie_forte.TestFintechDashboard" name="test_dashboard_has_validity_extension" time="0.105" /><testcase classname="backend.tests.test_iteration54_monnaie_forte.TestShopProducts" name="test_products_returns_200" time="0.080" /><testcase classname="backend.tests.test_iteration54_monnaie_forte.TestShopProducts" name="test_products_jetons_category" time="0.070" /><testcase classname="backend.tests.test_iteration54_monnaie_forte.TestCheckoutCreate" name="test_checkout_kt_decouverte" time="0.616" /><testcase classname="backend.tests.test_iteration54_monnaie_forte.TestCheckoutCreate" name="test_checkout_kt_vip" time="0.445" /><testcase classname="backend.tests.test_iteration54_monnaie_forte.TestCheckoutCreate" name="test_checkout_kt_partenaire" time="0.434" /><testcase classname="backend.tests.test_iteration54_monnaie_forte.TestWalletValidityExtension" name="test_wallet_returns_200" time="0.093" /><testcase classname="backend.tests.test_iteration54_monnaie_forte.TestWalletValidityExtension" name="test_wallet_has_required_fields" time="0.065" /><testcase classname="backend.tests.test_iteration54_monnaie_forte.TestGhostBridgeVIP" name="test_ghost_profiles_exist" time="0.088" /></testsuite></testsuites>