<?xml version="1.0" encoding="utf-8"?><testsuites name="pytest tests"><testsuite name="pytest" errors="0" failures="0" skipped="0" tests="21" time="2.633" timestamp="2026-03-27T09:35:33.659511+00:00" hostname="agent-env-7c86d851-259e-473b-989f-34aa8ff73841"><testcase classname="backend.tests.test_iteration38_chantiers.TestSmartEngineDashboard" name="test_dashboard_returns_8_streams_overview" time="0.170" /><testcase classname="backend.tests.test_iteration38_chantiers.TestSmartEngineDashboard" name="test_predictive_returns_data" time="0.093" /><testcase classname="backend.tests.test_iteration38_chantiers.TestSmartEngineDashboard" name="test_conversion_returns_funnel" time="0.089" /><testcase classname="backend.tests.test_iteration38_chantiers.TestSmartEngineDashboard" name="test_verified_identity_returns_badge_stats" time="0.092" /><testcase classname="backend.tests.test_iteration38_chantiers.TestSmartEngineDashboard" name="test_mgraph_returns_nodes_edges" time="0.118" /><testcase classname="backend.tests.test_iteration38_chantiers.TestSmartEngineDashboard" name="test_live_audience_returns_active_sessions" time="0.105" /><testcase classname="backend.tests.test_iteration38_chantiers.TestSmartEngineDashboard" name="test_creation_origin_returns_country_data" time="0.086" /><testcase classname="backend.tests.test_iteration38_chantiers.TestSmartEngineDashboard" name="test_cultural_diffusion_returns_engagement_data" time="0.082" /><testcase classname="backend.tests.test_iteration38_chantiers.TestSmartEngineDashboard" name="test_creative_network_returns_connections_data" time="0.080" /><testcase classname="backend.tests.test_iteration38_chantiers.TestAIAgentsDashboard" name="test_list_returns_10_agents" time="0.083" /><testcase classname="backend.tests.test_iteration38_chantiers.TestAIAgentsDashboard" name="test_agent_status_returns_detail" time="0.098" /><testcase classname="backend.tests.test_iteration38_chantiers.TestAIAgentsDashboard" name="test_toggle_agent_state" time="0.249" /><testcase classname="backend.tests.test_iteration38_chantiers.TestAIAgentsDashboard" name="test_agent_logs_endpoint" time="0.073" /><testcase classname="backend.tests.test_iteration38_chantiers.TestProSocialFeed" name="test_feed_returns_posts" time="0.220" /><testcase classname="backend.tests.test_iteration38_chantiers.TestProSocialFeed" name="test_create_post" time="0.086" /><testcase classname="backend.tests.test_iteration38_chantiers.TestProSocialFeed" name="test_toggle_like" time="0.266" /><testcase classname="backend.tests.test_iteration38_chantiers.TestProSocialFeed" name="test_add_comment" time="0.189" /><testcase classname="backend.tests.test_iteration38_chantiers.TestProSocialFeed" name="test_directory_returns_professionals" time="0.079" /><testcase classname="backend.tests.test_iteration38_chantiers.TestProSocialFeed" name="test_recommendations_endpoint" time="0.094" /><testcase classname="backend.tests.test_iteration38_chantiers.TestHCaptchaIntegration" name="test_contact_with_captcha_token_works" time="0.179" /><testcase classname="backend.tests.test_iteration38_chantiers.TestHCaptchaSitekey" name="test_hcaptcha_sitekey_is_production" time="0.000" /></testsuite></testsuites>