<?xml version="1.0" encoding="utf-8"?><testsuites name="pytest tests"><testsuite name="pytest" errors="0" failures="0" skipped="0" tests="12" time="16.856" timestamp="2026-03-26T16:37:32.831151+00:00" hostname="agent-env-7c86d851-259e-473b-989f-34aa8ff73841"><testcase classname="backend.tests.test_iteration34_pricing_registration.TestPricingAndRegistration" name="test_partners_api_returns_list" time="0.579" /><testcase classname="backend.tests.test_iteration34_pricing_registration.TestPricingAndRegistration" name="test_partner_photo_upload_api_exists" time="0.929" /><testcase classname="backend.tests.test_iteration34_pricing_registration.TestPricingAndRegistration" name="test_partner_photo_upload_with_valid_image" time="7.137" /><testcase classname="backend.tests.test_iteration34_pricing_registration.TestPricingAndRegistration" name="test_partner_has_logo_url_after_upload" time="0.444" /><testcase classname="backend.tests.test_iteration34_pricing_registration.TestBadgeInscriptionAPI" name="test_badge_inscription_endpoint" time="3.251" /><testcase classname="backend.tests.test_iteration34_pricing_registration.TestCheckoutSessionAPI" name="test_checkout_session_endpoint_exists" time="0.955" /><testcase classname="backend.tests.test_iteration34_pricing_registration.TestImageUploadAPI" name="test_upload_image_endpoint" time="1.515" /><testcase classname="backend.tests.test_iteration34_pricing_registration.TestWorkspaceLogin" name="test_coleen_workspace_login" time="0.460" /><testcase classname="backend.tests.test_iteration34_pricing_registration.TestWorkspaceLogin" name="test_admin_workspace_login" time="0.424" /><testcase classname="backend.tests.test_iteration34_pricing_registration.TestSWCacheVersion" name="test_sw_cache_version" time="0.397" /><testcase classname="backend.tests.test_iteration34_pricing_registration.TestHeaderNavigation" name="test_frontend_loads" time="0.391" /><testcase classname="backend.tests.test_iteration34_pricing_registration.TestHeaderNavigation" name="test_pricing_page_loads" time="0.309" /></testsuite></testsuites>