<?xml version="1.0" encoding="utf-8"?><testsuites name="pytest tests"><testsuite name="pytest" errors="0" failures="1" skipped="0" tests="21" time="2.116" timestamp="2026-04-01T22:19:02.619546+00:00" hostname="agent-env-7c86d851-259e-473b-989f-34aa8ff73841"><testcase classname="backend.tests.test_iteration51_features.TestCulturalFeed" name="test_get_cultural_feed" time="0.223" /><testcase classname="backend.tests.test_iteration51_features.TestCulturalFeed" name="test_filter_by_type_musique" time="0.077" /><testcase classname="backend.tests.test_iteration51_features.TestCulturalFeed" name="test_filter_by_type_artiste" time="0.092" /><testcase classname="backend.tests.test_iteration51_features.TestCulturalFeed" name="test_filter_by_type_lieu" time="0.077" /><testcase classname="backend.tests.test_iteration51_features.TestCulturalFeed" name="test_filter_by_type_evenement" time="0.108" /><testcase classname="backend.tests.test_iteration51_features.TestCulturalFeed" name="test_filter_by_type_patrimoine" time="0.088" /><testcase classname="backend.tests.test_iteration51_features.TestCulturalFeed" name="test_pagination" time="0.081" /><testcase classname="backend.tests.test_iteration51_features.TestCulturalReactions" name="test_add_reaction_feu" time="0.076" /><testcase classname="backend.tests.test_iteration51_features.TestCulturalReactions" name="test_add_reaction_rythme" time="0.102" /><testcase classname="backend.tests.test_iteration51_features.TestCulturalReactions" name="test_add_reaction_racines" time="0.092" /><testcase classname="backend.tests.test_iteration51_features.TestCulturalReactions" name="test_add_reaction_resistance" time="0.099" /><testcase classname="backend.tests.test_iteration51_features.TestCulturalReactions" name="test_add_reaction_lumiere" time="0.096" /><testcase classname="backend.tests.test_iteration51_features.TestCulturalReactions" name="test_invalid_reaction_type" time="0.080" /><testcase classname="backend.tests.test_iteration51_features.TestJetonsTransfer" name="test_transfer_insufficient_balance" time="0.109" /><testcase classname="backend.tests.test_iteration51_features.TestJetonsTransfer" name="test_transfer_missing_params" time="0.073" /><testcase classname="backend.tests.test_iteration51_features.TestJetonsTransfer" name="test_transfer_invalid_amount" time="0.081" /><testcase classname="backend.tests.test_iteration51_features.TestJetonsTransfer" name="test_get_jetons_balance" time="0.082" /><testcase classname="backend.tests.test_iteration51_features.TestProSocialFeed" name="test_get_social_feed" time="0.099" /><testcase classname="backend.tests.test_iteration51_features.TestProSocialFeed" name="test_get_recommendations" time="0.110" /><testcase classname="backend.tests.test_iteration51_features.TestCulturalIdentity" name="test_get_cultural_identity" time="0.086" /><testcase classname="backend.tests.test_iteration51_features.TestCulturalSearch" name="test_search_cultural_cards" time="0.094"><failure message="assert 405 in [200, 404]&#10; +  where 405 = &lt;Response [405]&gt;.status_code">backend/tests/test_iteration51_features.py:216: in test_search_cultural_cards
    assert response.status_code in [200, 404]
E   assert 405 in [200, 404]
E    +  where 405 = &lt;Response [405]&gt;.status_code</failure></testcase></testsuite></testsuites>