<?xml version="1.0" encoding="utf-8"?><testsuites name="pytest tests"><testsuite name="pytest" errors="0" failures="0" skipped="0" tests="16" time="2.507" timestamp="2026-03-13T20:59:38.408641+00:00" hostname="agent-env-88dc0b58-0f55-4064-835b-b7e7b2da0737"><testcase classname="backend.tests.test_cc2026_iteration30.TestProAccessBypass" name="test_pro_request_access_admin_bypass" time="0.217" /><testcase classname="backend.tests.test_cc2026_iteration30.TestProAccessBypass" name="test_pro_verify_code_admin_bypass" time="0.183" /><testcase classname="backend.tests.test_cc2026_iteration30.TestProAccessBypass" name="test_pro_request_access_unknown_email_fails" time="0.103" /><testcase classname="backend.tests.test_cc2026_iteration30.TestProAccessBypass" name="test_pro_verify_wrong_code_fails" time="0.167" /><testcase classname="backend.tests.test_cc2026_iteration30.TestBadgeLifecycle" name="test_lifecycle_returns_8_stages" time="0.363" /><testcase classname="backend.tests.test_cc2026_iteration30.TestBadgeLifecycle" name="test_lifecycle_badge_not_found" time="0.078" /><testcase classname="backend.tests.test_cc2026_iteration30.TestBadgePrintBatch" name="test_print_batch_marks_badges_printed" time="0.108" /><testcase classname="backend.tests.test_cc2026_iteration30.TestScanDebit" name="test_scan_debit_entree_generale_access_only" time="0.385" /><testcase classname="backend.tests.test_cc2026_iteration30.TestScanDebit" name="test_scan_debit_zone_denied_wrong_badge_type" time="0.100" /><testcase classname="backend.tests.test_cc2026_iteration30.TestScanDebit" name="test_scan_debit_badge_not_found" time="0.096" /><testcase classname="backend.tests.test_cc2026_iteration30.TestDashboardLive" name="test_dashboard_cc2026_live" time="0.150" /><testcase classname="backend.tests.test_cc2026_iteration30.TestAdminReconcile" name="test_admin_reconcile" time="0.147" /><testcase classname="backend.tests.test_cc2026_iteration30.TestBatchEmail" name="test_batch_email_dry_run" time="0.085" /><testcase classname="backend.tests.test_cc2026_iteration30.TestBatchEmail" name="test_batch_email_dry_run_with_filter" time="0.089" /><testcase classname="backend.tests.test_cc2026_iteration30.TestBatchEmail" name="test_batch_email_invalid_template" time="0.094" /><testcase classname="backend.tests.test_cc2026_iteration30.TestBadgeTypesZones" name="test_badge_types_api" time="0.087" /></testsuite></testsuites>