<?xml version="1.0" encoding="utf-8"?><testsuites name="pytest tests"><testsuite name="pytest" errors="0" failures="0" skipped="0" tests="15" time="1.473" timestamp="2026-04-02T01:15:38.853833+00:00" hostname="agent-env-7c86d851-259e-473b-989f-34aa8ff73841"><testcase classname="backend.tests.test_pwa_config.TestPWAConfiguration" name="test_manifest_json_accessible" time="0.164" /><testcase classname="backend.tests.test_pwa_config.TestPWAConfiguration" name="test_manifest_json_content_type" time="0.107" /><testcase classname="backend.tests.test_pwa_config.TestPWAConfiguration" name="test_manifest_short_name" time="0.080" /><testcase classname="backend.tests.test_pwa_config.TestPWAConfiguration" name="test_manifest_name" time="0.073" /><testcase classname="backend.tests.test_pwa_config.TestPWAConfiguration" name="test_manifest_theme_color" time="0.077" /><testcase classname="backend.tests.test_pwa_config.TestPWAConfiguration" name="test_manifest_background_color" time="0.077" /><testcase classname="backend.tests.test_pwa_config.TestPWAConfiguration" name="test_manifest_start_url" time="0.116" /><testcase classname="backend.tests.test_pwa_config.TestPWAConfiguration" name="test_manifest_display" time="0.082" /><testcase classname="backend.tests.test_pwa_config.TestPWAConfiguration" name="test_manifest_icon" time="0.086" /><testcase classname="backend.tests.test_pwa_config.TestPWAConfiguration" name="test_icon_512_accessible" time="0.094" /><testcase classname="backend.tests.test_pwa_config.TestPWAConfiguration" name="test_icon_512_content_type" time="0.106" /><testcase classname="backend.tests.test_pwa_config.TestPWAConfiguration" name="test_sw_js_accessible" time="0.087" /><testcase classname="backend.tests.test_pwa_config.TestPWAConfiguration" name="test_sw_js_cache_version" time="0.084" /><testcase classname="backend.tests.test_pwa_config.TestPWAConfiguration" name="test_sw_js_auth_cache" time="0.096" /><testcase classname="backend.tests.test_pwa_config.TestPWAConfiguration" name="test_espace_pro_page_accessible" time="0.087" /></testsuite></testsuites>