<?xml version="1.0" encoding="utf-8"?><testsuites name="pytest tests"><testsuite name="pytest" errors="0" failures="0" skipped="0" tests="14" time="2.135" timestamp="2026-04-02T02:34:56.728106+00:00" hostname="agent-env-7c86d851-259e-473b-989f-34aa8ff73841"><testcase classname="backend.tests.test_iteration61_httponly_cookies.TestCORSConfiguration" name="test_cors_with_credentials_on_actual_request" time="0.269" /><testcase classname="backend.tests.test_iteration61_httponly_cookies.TestAdminVerifyEndpoint" name="test_admin_verify_sets_cookie" time="0.204" /><testcase classname="backend.tests.test_iteration61_httponly_cookies.TestAdminVerifyEndpoint" name="test_admin_verify_invalid_password" time="0.080" /><testcase classname="backend.tests.test_iteration61_httponly_cookies.TestWorkspaceLoginEndpoint" name="test_workspace_login_sets_cookie" time="0.066" /><testcase classname="backend.tests.test_iteration61_httponly_cookies.TestWorkspaceLoginEndpoint" name="test_workspace_login_invalid_password" time="0.083" /><testcase classname="backend.tests.test_iteration61_httponly_cookies.TestAuthMeEndpoint" name="test_auth_me_without_cookie" time="0.069" /><testcase classname="backend.tests.test_iteration61_httponly_cookies.TestAuthMeEndpoint" name="test_auth_me_with_valid_cookie" time="0.140" /><testcase classname="backend.tests.test_iteration61_httponly_cookies.TestAuthLogoutEndpoint" name="test_logout_clears_cookie" time="0.224" /><testcase classname="backend.tests.test_iteration61_httponly_cookies.TestProVerifyCodeEndpoint" name="test_pro_request_access" time="0.076" /><testcase classname="backend.tests.test_iteration61_httponly_cookies.TestProVerifyCodeEndpoint" name="test_pro_verify_code_sets_cookie" time="0.197" /><testcase classname="backend.tests.test_iteration61_httponly_cookies.TestFullAuthFlow" name="test_admin_full_flow" time="0.281" /><testcase classname="backend.tests.test_iteration61_httponly_cookies.TestFullAuthFlow" name="test_workspace_full_flow" time="0.236" /><testcase classname="backend.tests.test_iteration61_httponly_cookies.TestAPIHealthCheck" name="test_api_root" time="0.064" /><testcase classname="backend.tests.test_iteration61_httponly_cookies.TestAPIHealthCheck" name="test_registrations_endpoint" time="0.071" /></testsuite></testsuites>