<?xml version="1.0" encoding="utf-8"?><testsuites name="pytest tests"><testsuite name="pytest" errors="0" failures="0" skipped="2" tests="9" time="1.177" timestamp="2026-04-05T00:04:41.389160+00:00" hostname="agent-env-7c86d851-259e-473b-989f-34aa8ff73841"><testcase classname="backend.tests.test_frek_github_auth.TestFrekAuthEndpoints" name="test_frek_initiate_with_admin_id" time="0.274" /><testcase classname="backend.tests.test_frek_github_auth.TestFrekAuthEndpoints" name="test_frek_initiate_invalid_format" time="0.187" /><testcase classname="backend.tests.test_frek_github_auth.TestFrekAuthEndpoints" name="test_frek_initiate_unknown_id" time="0.097" /><testcase classname="backend.tests.test_frek_github_auth.TestFrekAuthEndpoints" name="test_frek_verify_admin_bypass" time="0.122"><skipped type="pytest.skip" message="Could not initiate FREK auth: {&quot;detail&quot;:&quot;Veuillez patienter 59s avant de demander un nouveau code.&quot;}">/app/backend/tests/test_frek_github_auth.py:74: Could not initiate FREK auth: {"detail":"Veuillez patienter 59s avant de demander un nouveau code."}</skipped></testcase><testcase classname="backend.tests.test_frek_github_auth.TestFrekAuthEndpoints" name="test_frek_verify_wrong_code" time="0.089"><skipped type="pytest.skip" message="Could not initiate FREK auth: {&quot;detail&quot;:&quot;Veuillez patienter 59s avant de demander un nouveau code.&quot;}">/app/backend/tests/test_frek_github_auth.py:105: Could not initiate FREK auth: {"detail":"Veuillez patienter 59s avant de demander un nouveau code."}</skipped></testcase><testcase classname="backend.tests.test_frek_github_auth.TestFrekAuthEndpoints" name="test_frek_verify_no_initiate" time="0.081" /><testcase classname="backend.tests.test_frek_github_auth.TestGitHubAuthEndpoints" name="test_github_redirect_returns_503" time="0.072" /><testcase classname="backend.tests.test_frek_github_auth.TestAuthMeEndpoint" name="test_auth_me_unauthenticated" time="0.099" /><testcase classname="backend.tests.test_frek_github_auth.TestHealthEndpoint" name="test_api_root" time="0.089" /></testsuite></testsuites>