<?xml version="1.0" encoding="utf-8"?><testsuites name="pytest tests"><testsuite name="pytest" errors="0" failures="0" skipped="0" tests="10" time="1.326" timestamp="2026-04-02T01:36:57.044524+00:00" hostname="agent-env-7c86d851-259e-473b-989f-34aa8ff73841"><testcase classname="tests.test_code_quality_audit.TestBackendHealth" name="test_registrations_endpoint_returns_200" time="0.320" /><testcase classname="tests.test_code_quality_audit.TestBackendHealth" name="test_root_api_endpoint" time="0.077" /><testcase classname="tests.test_code_quality_audit.TestTeamNotifications" name="test_get_team_notifications" time="0.086" /><testcase classname="tests.test_code_quality_audit.TestTeamNotifications" name="test_mark_all_team_notifications_read" time="0.078" /><testcase classname="tests.test_code_quality_audit.TestAdminNotifications" name="test_mark_all_admin_notifications_read" time="0.228" /><testcase classname="tests.test_code_quality_audit.TestFintechDashboard" name="test_fintech_dashboard_returns_data" time="0.099" /><testcase classname="tests.test_code_quality_audit.TestPWAManifest" name="test_manifest_json_accessible" time="0.084" /><testcase classname="tests.test_code_quality_audit.TestPWAManifest" name="test_icon_512_accessible" time="0.109" /><testcase classname="tests.test_code_quality_audit.TestCatalogEndpoint" name="test_catalog_returns_data" time="0.091" /><testcase classname="tests.test_code_quality_audit.TestPartnersEndpoint" name="test_partners_returns_data" time="0.095" /></testsuite></testsuites>