<?xml version="1.0" encoding="utf-8"?><testsuites name="pytest tests"><testsuite name="pytest" errors="0" failures="0" skipped="0" tests="19" time="9.163" timestamp="2026-04-01T23:55:14.849103+00:00" hostname="agent-env-7c86d851-259e-473b-989f-34aa8ff73841"><testcase classname="backend.tests.test_iteration55_login_settings.TestProRequestAccess" name="test_request_access_new_email_auto_register" time="0.940" /><testcase classname="backend.tests.test_iteration55_login_settings.TestProRequestAccess" name="test_request_access_admin_bypass" time="0.191" /><testcase classname="backend.tests.test_iteration55_login_settings.TestProRequestAccess" name="test_request_access_empty_email" time="0.074" /><testcase classname="backend.tests.test_iteration55_login_settings.TestDevGetCode" name="test_get_code_for_new_user" time="0.517" /><testcase classname="backend.tests.test_iteration55_login_settings.TestDevGetCode" name="test_get_code_nonexistent_email" time="0.082" /><testcase classname="backend.tests.test_iteration55_login_settings.TestVerifyCode" name="test_verify_code_returns_profile_with_frek_id" time="0.642" /><testcase classname="backend.tests.test_iteration55_login_settings.TestVerifyCode" name="test_verify_code_admin_bypass" time="0.191" /><testcase classname="backend.tests.test_iteration55_login_settings.TestVerifyCode" name="test_verify_code_invalid" time="0.538" /><testcase classname="backend.tests.test_iteration55_login_settings.TestUpdateLanguage" name="test_update_language_valid_fr" time="0.672" /><testcase classname="backend.tests.test_iteration55_login_settings.TestUpdateLanguage" name="test_update_language_valid_en" time="0.659" /><testcase classname="backend.tests.test_iteration55_login_settings.TestUpdateLanguage" name="test_update_language_valid_es" time="0.805" /><testcase classname="backend.tests.test_iteration55_login_settings.TestUpdateLanguage" name="test_update_language_valid_pt" time="0.648" /><testcase classname="backend.tests.test_iteration55_login_settings.TestUpdateLanguage" name="test_update_language_invalid" time="0.780" /><testcase classname="backend.tests.test_iteration55_login_settings.TestUpdateLanguage" name="test_update_language_missing_user_id" time="0.082" /><testcase classname="backend.tests.test_iteration55_login_settings.TestExportData" name="test_export_data_full_rgpd" time="0.717" /><testcase classname="backend.tests.test_iteration55_login_settings.TestExportData" name="test_export_data_nonexistent_user" time="0.075" /><testcase classname="backend.tests.test_iteration55_login_settings.TestDeleteAccount" name="test_delete_account_success" time="0.737" /><testcase classname="backend.tests.test_iteration55_login_settings.TestDeleteAccount" name="test_delete_account_missing_user_id" time="0.066" /><testcase classname="backend.tests.test_iteration55_login_settings.TestFrekIdFormat" name="test_frek_id_format" time="0.666" /></testsuite></testsuites>