<?xml version="1.0" encoding="utf-8"?><testsuites name="pytest tests"><testsuite name="pytest" errors="0" failures="0" skipped="0" tests="15" time="1.778" timestamp="2026-04-08T04:12:52.670827+00:00" hostname="agent-env-7c86d851-259e-473b-989f-34aa8ff73841"><testcase classname="backend.tests.test_iter85_final_validation.TestWebAuthnEndpoints" name="test_webauthn_devices_requires_auth" time="0.354" /><testcase classname="backend.tests.test_iter85_final_validation.TestWebAuthnEndpoints" name="test_webauthn_register_begin_requires_auth" time="0.202" /><testcase classname="backend.tests.test_iter85_final_validation.TestWebAuthnEndpoints" name="test_webauthn_register_complete_requires_auth" time="0.107" /><testcase classname="backend.tests.test_iter85_final_validation.TestWebAuthnEndpoints" name="test_webauthn_login_begin_returns_404_for_unknown_email" time="0.107" /><testcase classname="backend.tests.test_iter85_final_validation.TestWebAuthnEndpoints" name="test_webauthn_revoke_requires_auth" time="0.084" /><testcase classname="backend.tests.test_iter85_final_validation.TestAnalyticsTracking" name="test_analytics_track_accepts_event" time="0.082" /><testcase classname="backend.tests.test_iter85_final_validation.TestAnalyticsTracking" name="test_analytics_track_pwa_install_event" time="0.091" /><testcase classname="backend.tests.test_iter85_final_validation.TestHealthStatsEndpoint" name="test_health_stats_requires_admin_auth" time="0.087" /><testcase classname="backend.tests.test_iter85_final_validation.TestSessionCookieConfiguration" name="test_session_cookie_max_age_30_days" time="0.000" /><testcase classname="backend.tests.test_iter85_final_validation.TestProLoginFlow" name="test_pro_request_access_endpoint" time="0.104" /><testcase classname="backend.tests.test_iter85_final_validation.TestProLoginFlow" name="test_bypass_admin_login" time="0.155" /><testcase classname="backend.tests.test_iter85_final_validation.TestPWAManifest" name="test_manifest_json_accessible" time="0.068" /><testcase classname="backend.tests.test_iter85_final_validation.TestAPIBasicHealth" name="test_api_root_accessible" time="0.085" /><testcase classname="backend.tests.test_iter85_final_validation.TestAPIBasicHealth" name="test_pro_events_endpoint" time="0.104" /><testcase classname="backend.tests.test_iter85_final_validation.TestAPIBasicHealth" name="test_pro_opportunities_endpoint" time="0.082" /></testsuite></testsuites>