<?xml version="1.0" encoding="utf-8"?><testsuites name="pytest tests"><testsuite name="pytest" errors="0" failures="2" skipped="0" tests="15" time="23.968" timestamp="2026-04-05T02:58:39.282438+00:00" hostname="agent-env-7c86d851-259e-473b-989f-34aa8ff73841"><testcase classname="backend.tests.test_iteration77_cc2026_features.TestProFeedReels" name="test_reels_endpoint_returns_data" time="0.295" /><testcase classname="backend.tests.test_iteration77_cc2026_features.TestProFeed" name="test_feed_endpoint_returns_posts" time="0.205" /><testcase classname="backend.tests.test_iteration77_cc2026_features.TestProFeed" name="test_feed_posts_have_required_fields" time="0.107" /><testcase classname="backend.tests.test_iteration77_cc2026_features.TestWalletEndpoints" name="test_wallet_me_requires_auth" time="0.077" /><testcase classname="backend.tests.test_iteration77_cc2026_features.TestWalletEndpoints" name="test_wallet_history_requires_auth" time="0.078" /><testcase classname="backend.tests.test_iteration77_cc2026_features.TestWalletEndpoints" name="test_wallet_transfer_requires_auth" time="0.120" /><testcase classname="backend.tests.test_iteration77_cc2026_features.TestBrainEndpoints" name="test_brain_chat_endpoint" time="13.951" /><testcase classname="backend.tests.test_iteration77_cc2026_features.TestBrainEndpoints" name="test_brain_chat_enriched_endpoint" time="8.426" /><testcase classname="backend.tests.test_iteration77_cc2026_features.TestInboxMarkAsRead" name="test_messages_read_endpoint_exists" time="0.123" /><testcase classname="backend.tests.test_iteration77_cc2026_features.TestHealthAndStatus" name="test_health_endpoint" time="0.075"><failure message="AssertionError: Expected 200, got 404&#10;assert 404 == 200&#10; +  where 404 = &lt;Response [404]&gt;.status_code">backend/tests/test_iteration77_cc2026_features.py:171: in test_health_endpoint
    assert response.status_code == 200, f"Expected 200, got {response.status_code}"
E   AssertionError: Expected 200, got 404
E   assert 404 == 200
E    +  where 404 = &lt;Response [404]&gt;.status_code</failure></testcase><testcase classname="backend.tests.test_iteration77_cc2026_features.TestHealthAndStatus" name="test_api_accessible" time="0.082"><failure message="assert 404 == 200&#10; +  where 404 = &lt;Response [404]&gt;.status_code">backend/tests/test_iteration77_cc2026_features.py:177: in test_api_accessible
    assert response.status_code == 200
E   assert 404 == 200
E    +  where 404 = &lt;Response [404]&gt;.status_code</failure></testcase><testcase classname="backend.tests.test_iteration77_cc2026_features.TestShopCheckout" name="test_shop_packages_endpoint" time="0.074" /><testcase classname="backend.tests.test_iteration77_cc2026_features.TestShopCheckout" name="test_checkout_create_requires_package_id" time="0.093" /><testcase classname="backend.tests.test_iteration77_cc2026_features.TestAnalyticsEndpoints" name="test_analytics_track_endpoint" time="0.082" /><testcase classname="backend.tests.test_iteration77_cc2026_features.TestAnalyticsEndpoints" name="test_analytics_site_stats_endpoint" time="0.080" /></testsuite></testsuites>