<?xml version="1.0" encoding="utf-8"?><testsuites name="pytest tests"><testsuite name="pytest" errors="0" failures="1" skipped="0" tests="13" time="1.559" timestamp="2026-04-08T03:05:48.361438+00:00" hostname="agent-env-7c86d851-259e-473b-989f-34aa8ff73841"><testcase classname="backend.tests.test_iter60_uploads_buttons.TestBrainUpload" name="test_brain_upload_requires_auth" time="0.273" /><testcase classname="backend.tests.test_iter60_uploads_buttons.TestBrainUpload" name="test_brain_upload_rejects_invalid_mime" time="0.205" /><testcase classname="backend.tests.test_iter60_uploads_buttons.TestBuilderUpload" name="test_builder_upload_requires_auth" time="0.118" /><testcase classname="backend.tests.test_iter60_uploads_buttons.TestFilesEndpoint" name="test_files_returns_404_for_unknown" time="0.106" /><testcase classname="backend.tests.test_iter60_uploads_buttons.TestBrainSessionMessages" name="test_brain_session_messages_requires_auth" time="0.090" /><testcase classname="backend.tests.test_iter60_uploads_buttons.TestUserFollow" name="test_follow_requires_auth" time="0.103" /><testcase classname="backend.tests.test_iter60_uploads_buttons.TestFeedEclair" name="test_eclair_requires_auth" time="0.091" /><testcase classname="backend.tests.test_iter60_uploads_buttons.TestBrainSessions" name="test_brain_sessions_requires_auth" time="0.086" /><testcase classname="backend.tests.test_iter60_uploads_buttons.TestFeedPosts" name="test_feed_posts_returns_data" time="0.076" /><testcase classname="backend.tests.test_iter60_uploads_buttons.TestBuilderProjects" name="test_builder_projects_requires_auth" time="0.071" /><testcase classname="backend.tests.test_iter60_uploads_buttons.TestBuilderProjects" name="test_builder_create_project_requires_auth" time="0.117" /><testcase classname="backend.tests.test_iter60_uploads_buttons.TestOrbitalMenuNavigation" name="test_wallet_endpoint_exists" time="0.083"><failure message="AssertionError: Expected 401, got 200&#10;assert 200 == 401&#10; +  where 200 = &lt;Response [200]&gt;.status_code">backend/tests/test_iter60_uploads_buttons.py:143: in test_wallet_endpoint_exists
    assert response.status_code == 401, f"Expected 401, got {response.status_code}"
E   AssertionError: Expected 401, got 200
E   assert 200 == 401
E    +  where 200 = &lt;Response [200]&gt;.status_code</failure></testcase><testcase classname="backend.tests.test_iter60_uploads_buttons.TestOrbitalMenuNavigation" name="test_feed_endpoint_exists" time="0.066" /></testsuite></testsuites>