<?xml version="1.0" encoding="utf-8"?><testsuites name="pytest tests"><testsuite name="pytest" errors="0" failures="0" skipped="0" tests="11" time="1.387" timestamp="2026-04-01T02:11:55.094932+00:00" hostname="agent-env-7c86d851-259e-473b-989f-34aa8ff73841"><testcase classname="backend.tests.test_iteration42_notifications_mgraph.TestHealthCheck" name="test_health_check" time="0.139" /><testcase classname="backend.tests.test_iteration42_notifications_mgraph.TestMgraph3D" name="test_mgraph_returns_200" time="0.087" /><testcase classname="backend.tests.test_iteration42_notifications_mgraph.TestMgraph3D" name="test_mgraph_has_58_plus_nodes" time="0.083" /><testcase classname="backend.tests.test_iteration42_notifications_mgraph.TestMgraph3D" name="test_mgraph_has_100_plus_edges" time="0.083" /><testcase classname="backend.tests.test_iteration42_notifications_mgraph.TestMgraph3D" name="test_node_has_required_fields" time="0.076" /><testcase classname="backend.tests.test_iteration42_notifications_mgraph.TestMgraph3D" name="test_edge_has_required_fields" time="0.079" /><testcase classname="backend.tests.test_iteration42_notifications_mgraph.TestAdminNotifications" name="test_get_notifications" time="0.098" /><testcase classname="backend.tests.test_iteration42_notifications_mgraph.TestAdminNotifications" name="test_post_test_notification" time="0.083" /><testcase classname="backend.tests.test_iteration42_notifications_mgraph.TestAdminNotifications" name="test_post_read_all_notifications" time="0.078" /><testcase classname="backend.tests.test_iteration42_notifications_mgraph.TestAdminNotifications" name="test_unread_only_filter" time="0.169" /><testcase classname="backend.tests.test_iteration42_notifications_mgraph.TestAdminNotifications" name="test_notification_flow_complete" time="0.349" /></testsuite></testsuites>