<?xml version="1.0" encoding="utf-8"?><testsuites name="pytest tests"><testsuite name="pytest" errors="0" failures="0" skipped="0" tests="14" time="2.883" timestamp="2026-04-01T07:07:17.985167+00:00" hostname="agent-env-7c86d851-259e-473b-989f-34aa8ff73841"><testcase classname="backend.tests.test_cultural_identity.TestCulturalIdentityAPI" name="test_get_cultural_identity_new_user" time="0.359" /><testcase classname="backend.tests.test_cultural_identity.TestCulturalIdentityAPI" name="test_get_cultural_identity_returns_user_id" time="0.085" /><testcase classname="backend.tests.test_cultural_identity.TestCulturalIdentityRecalculate" name="test_recalculate_score" time="0.215" /><testcase classname="backend.tests.test_cultural_identity.TestCulturalFeed" name="test_get_cultural_feed_basic" time="0.115" /><testcase classname="backend.tests.test_cultural_identity.TestCulturalFeed" name="test_get_cultural_feed_card_structure" time="0.120" /><testcase classname="backend.tests.test_cultural_identity.TestCulturalFeed" name="test_get_cultural_feed_filter_by_type" time="0.077" /><testcase classname="backend.tests.test_cultural_identity.TestCulturalFeed" name="test_get_cultural_feed_pagination" time="0.199" /><testcase classname="backend.tests.test_cultural_identity.TestCulturalFeed" name="test_get_cultural_feed_has_more" time="0.118" /><testcase classname="backend.tests.test_cultural_identity.TestCulturalReactions" name="test_add_reaction_valid_type" time="0.172" /><testcase classname="backend.tests.test_cultural_identity.TestCulturalReactions" name="test_toggle_reaction_removes" time="0.253" /><testcase classname="backend.tests.test_cultural_identity.TestCulturalReactions" name="test_reaction_invalid_type_rejected" time="0.191" /><testcase classname="backend.tests.test_cultural_identity.TestCulturalReactions" name="test_all_five_reaction_types_valid" time="0.735" /><testcase classname="backend.tests.test_cultural_identity.TestCulturalFeedSeed" name="test_seed_cards_exist" time="0.086" /><testcase classname="backend.tests.test_cultural_identity.TestCulturalFeedSeed" name="test_seed_endpoint_idempotent" time="0.082" /></testsuite></testsuites>