<?xml version="1.0" encoding="utf-8"?><testsuites name="pytest tests"><testsuite name="pytest" errors="0" failures="0" skipped="0" tests="10" time="1.656" timestamp="2026-04-01T03:33:45.152309+00:00" hostname="agent-env-7c86d851-259e-473b-989f-34aa8ff73841"><testcase classname="tests.test_iteration45_immersive_redesign.TestJetonsAPI" name="test_get_packs_returns_4_packs" time="0.142" /><testcase classname="tests.test_iteration45_immersive_redesign.TestJetonsAPI" name="test_packs_have_required_fields" time="0.075" /><testcase classname="tests.test_iteration45_immersive_redesign.TestJetonsAPI" name="test_vip_pack_has_best_savings" time="0.078" /><testcase classname="tests.test_iteration45_immersive_redesign.TestCandidaturesAPI" name="test_list_candidatures" time="0.079" /><testcase classname="tests.test_iteration45_immersive_redesign.TestCandidaturesAPI" name="test_submit_candidature_success" time="0.811" /><testcase classname="tests.test_iteration45_immersive_redesign.TestCandidaturesAPI" name="test_submit_candidature_without_engagement_fails" time="0.065" /><testcase classname="tests.test_iteration45_immersive_redesign.TestDocsAPI" name="test_download_cahier_des_charges_fr" time="0.098" /><testcase classname="tests.test_iteration45_immersive_redesign.TestDocsAPI" name="test_download_english_version" time="0.104" /><testcase classname="tests.test_iteration45_immersive_redesign.TestDocsAPI" name="test_download_creole_version" time="0.081" /><testcase classname="tests.test_iteration45_immersive_redesign.TestHealthCheck" name="test_api_health" time="0.067" /></testsuite></testsuites>