<?xml version="1.0" encoding="utf-8"?><testsuites name="pytest tests"><testsuite name="pytest" errors="0" failures="0" skipped="0" tests="15" time="2.338" timestamp="2026-04-11T03:21:21.090884+00:00" hostname="agent-env-7c86d851-259e-473b-989f-34aa8ff73841"><testcase classname="backend.tests.test_iter88_builder_auth_feed.TestProAuthEmailBypass" name="test_request_access_admin_email" time="0.128" /><testcase classname="backend.tests.test_iter88_builder_auth_feed.TestProAuthEmailBypass" name="test_verify_code_admin_email" time="0.171" /><testcase classname="backend.tests.test_iter88_builder_auth_feed.TestProAuthFrekId" name="test_frek_auth_initiate_invalid_format" time="0.092" /><testcase classname="backend.tests.test_iter88_builder_auth_feed.TestProAuthFrekId" name="test_frek_auth_initiate_admin" time="0.076" /><testcase classname="backend.tests.test_iter88_builder_auth_feed.TestBuilderProjectFlow" name="test_create_project" time="0.193" /><testcase classname="backend.tests.test_iter88_builder_auth_feed.TestBuilderProjectFlow" name="test_list_projects" time="0.139" /><testcase classname="backend.tests.test_iter88_builder_auth_feed.TestBuilderProjectFlow" name="test_publish_project_to_feed" time="0.216" /><testcase classname="backend.tests.test_iter88_builder_auth_feed.TestProFeed" name="test_get_pro_feed" time="0.094" /><testcase classname="backend.tests.test_iter88_builder_auth_feed.TestProFeed" name="test_get_pro_feed_has_posts" time="0.100" /><testcase classname="backend.tests.test_iter88_builder_auth_feed.TestProFeed" name="test_get_pro_feed_reels" time="0.094" /><testcase classname="backend.tests.test_iter88_builder_auth_feed.TestFeedPostCRUD" name="test_update_feed_post" time="0.260" /><testcase classname="backend.tests.test_iter88_builder_auth_feed.TestFeedPostCRUD" name="test_delete_feed_post" time="0.397" /><testcase classname="backend.tests.test_iter88_builder_auth_feed.TestMobileNavigation" name="test_frontend_loads" time="0.086" /><testcase classname="backend.tests.test_iter88_builder_auth_feed.TestMobileNavigation" name="test_pro_route_accessible" time="0.085" /><testcase classname="backend.tests.test_iter88_builder_auth_feed.TestBuilderAnalytics" name="test_builder_analytics" time="0.153" /></testsuite></testsuites>