<?xml version="1.0" encoding="utf-8"?><testsuites name="pytest tests"><testsuite name="pytest" errors="0" failures="0" skipped="0" tests="12" time="1.737" timestamp="2026-04-02T00:49:42.241582+00:00" hostname="agent-env-7c86d851-259e-473b-989f-34aa8ff73841"><testcase classname="backend.tests.test_iteration57_messages_network.TestMessagesAPI" name="test_get_messages_for_user" time="0.122" /><testcase classname="backend.tests.test_iteration57_messages_network.TestMessagesAPI" name="test_send_message" time="0.201" /><testcase classname="backend.tests.test_iteration57_messages_network.TestMessagesAPI" name="test_mark_message_as_read" time="0.150" /><testcase classname="backend.tests.test_iteration57_messages_network.TestNetworkAPI" name="test_get_registrations_directory" time="0.063" /><testcase classname="backend.tests.test_iteration57_messages_network.TestNetworkAPI" name="test_get_connections" time="0.075" /><testcase classname="backend.tests.test_iteration57_messages_network.TestNetworkAPI" name="test_create_connection" time="0.080" /><testcase classname="backend.tests.test_iteration57_messages_network.TestNetworkAPI" name="test_duplicate_connection_rejected" time="0.173" /><testcase classname="backend.tests.test_iteration57_messages_network.TestNetworkAPI" name="test_get_connection_requests" time="0.293" /><testcase classname="backend.tests.test_iteration57_messages_network.TestProSpaceNavigation" name="test_pro_profile_endpoint" time="0.175" /><testcase classname="backend.tests.test_iteration57_messages_network.TestProSpaceNavigation" name="test_pro_events_endpoint" time="0.086" /><testcase classname="backend.tests.test_iteration57_messages_network.TestProSpaceNavigation" name="test_pro_opportunities_endpoint" time="0.073" /><testcase classname="backend.tests.test_iteration57_messages_network.TestAdminBypass" name="test_admin_bypass_login" time="0.151" /></testsuite></testsuites>