<?xml version="1.0" encoding="utf-8"?><testsuites name="pytest tests"><testsuite name="pytest" errors="0" failures="0" skipped="0" tests="14" time="57.726" timestamp="2026-04-05T01:46:01.014460+00:00" hostname="agent-env-7c86d851-259e-473b-989f-34aa8ff73841"><testcase classname="backend.tests.test_iteration76_brain_wallet_analytics.TestWalletAPI" name="test_wallet_me_requires_auth" time="0.268" /><testcase classname="backend.tests.test_iteration76_brain_wallet_analytics.TestWalletAPI" name="test_wallet_history_requires_auth" time="0.212" /><testcase classname="backend.tests.test_iteration76_brain_wallet_analytics.TestWalletAPI" name="test_wallet_buy_pack_requires_auth" time="0.089" /><testcase classname="backend.tests.test_iteration76_brain_wallet_analytics.TestStripeCheckout" name="test_checkout_create_returns_url" time="0.780" /><testcase classname="backend.tests.test_iteration76_brain_wallet_analytics.TestStripeCheckout" name="test_checkout_create_requires_package_id" time="0.112" /><testcase classname="backend.tests.test_iteration76_brain_wallet_analytics.TestStripeCheckout" name="test_packages_list" time="0.086" /><testcase classname="backend.tests.test_iteration76_brain_wallet_analytics.TestAnalyticsAPI" name="test_track_single_event" time="0.082" /><testcase classname="backend.tests.test_iteration76_brain_wallet_analytics.TestAnalyticsAPI" name="test_track_batch_events" time="0.086" /><testcase classname="backend.tests.test_iteration76_brain_wallet_analytics.TestAnalyticsAPI" name="test_site_stats" time="0.090" /><testcase classname="backend.tests.test_iteration76_brain_wallet_analytics.TestCVLBrainConfidentiality" name="test_brain_chat_endpoint_exists" time="12.397" /><testcase classname="backend.tests.test_iteration76_brain_wallet_analytics.TestCVLBrainConfidentiality" name="test_brain_does_not_mention_cvln" time="8.047" /><testcase classname="backend.tests.test_iteration76_brain_wallet_analytics.TestCVLBrainConfidentiality" name="test_brain_redirects_gafam_question" time="10.169" /><testcase classname="backend.tests.test_iteration76_brain_wallet_analytics.TestBrainSuggestions" name="test_brain_kiltikonet_question" time="15.945" /><testcase classname="backend.tests.test_iteration76_brain_wallet_analytics.TestBrainSuggestions" name="test_brain_jeton_cc_question" time="9.293" /></testsuite></testsuites>