<?xml version="1.0" encoding="utf-8"?><testsuites name="pytest tests"><testsuite name="pytest" errors="0" failures="0" skipped="0" tests="19" time="1.771" timestamp="2026-04-02T03:05:20.041247+00:00" hostname="agent-env-7c86d851-259e-473b-989f-34aa8ff73841"><testcase classname="backend.tests.test_iteration62_golive.TestPhase2MongoDBCleanup" name="test_ghost_profiles_v2_status" time="0.156" /><testcase classname="backend.tests.test_iteration62_golive.TestPhase2MongoDBCleanup" name="test_cc_badges_count" time="0.084" /><testcase classname="backend.tests.test_iteration62_golive.TestPhase2MongoDBCleanup" name="test_registrations_count" time="0.074" /><testcase classname="backend.tests.test_iteration62_golive.TestPhase2MongoDBCleanup" name="test_pro_posts_empty" time="0.078" /><testcase classname="backend.tests.test_iteration62_golive.TestPhase2MongoDBCleanup" name="test_cultural_cards_count" time="0.086" /><testcase classname="backend.tests.test_iteration62_golive.TestPhase3AdminRoutesWithoutAuth" name="test_admin_notifications_requires_auth" time="0.085" /><testcase classname="backend.tests.test_iteration62_golive.TestPhase3AdminRoutesWithoutAuth" name="test_smart_engine_purge_requires_auth" time="0.070" /><testcase classname="backend.tests.test_iteration62_golive.TestPhase3AdminRoutesWithoutAuth" name="test_workspace_logs_requires_auth" time="0.086" /><testcase classname="backend.tests.test_iteration62_golive.TestPhase3AdminRoutesWithoutAuth" name="test_analytics_dashboard_requires_auth" time="0.076" /><testcase classname="backend.tests.test_iteration62_golive.TestPhase3AdminRoutesWithoutAuth" name="test_analytics_site_requires_auth" time="0.075" /><testcase classname="backend.tests.test_iteration62_golive.TestPhase3AdminRoutesWithAuth" name="test_admin_notifications_with_auth" time="0.109" /><testcase classname="backend.tests.test_iteration62_golive.TestPhase3AdminRoutesWithAuth" name="test_analytics_dashboard_with_auth" time="0.111" /><testcase classname="backend.tests.test_iteration62_golive.TestPhase3WorkspaceRoutesWithAuth" name="test_workspace_logs_with_auth" time="0.117" /><testcase classname="backend.tests.test_iteration62_golive.TestPhase3WorkspaceRoutesWithAuth" name="test_analytics_site_with_auth" time="0.113" /><testcase classname="backend.tests.test_iteration62_golive.TestPhase4ProductionMode" name="test_dev_route_in_development" time="0.112" /><testcase classname="backend.tests.test_iteration62_golive.TestPhase4ProductionMode" name="test_analytics_batch_open_without_auth" time="0.078" /><testcase classname="backend.tests.test_iteration62_golive.TestPhase5CounterFallback" name="test_stats_endpoint_returns_data" time="0.068" /><testcase classname="backend.tests.test_iteration62_golive.TestSecurityHeaders" name="test_cors_credentials_enabled" time="0.045" /><testcase classname="backend.tests.test_iteration62_golive.TestSecurityHeaders" name="test_session_cookie_attributes" time="0.082" /></testsuite></testsuites>