<?xml version="1.0" encoding="utf-8"?><testsuites name="pytest tests"><testsuite name="pytest" errors="0" failures="0" skipped="0" tests="12" time="1.564" timestamp="2026-04-01T04:20:59.500241+00:00" hostname="agent-env-7c86d851-259e-473b-989f-34aa8ff73841"><testcase classname="backend.tests.test_iteration46_accessibility.TestHealthAndBasicAPIs" name="test_api_health" time="0.102" /><testcase classname="backend.tests.test_iteration46_accessibility.TestHealthAndBasicAPIs" name="test_jetons_packs" time="0.084" /><testcase classname="backend.tests.test_iteration46_accessibility.TestCandidaturesAPI" name="test_list_candidatures" time="0.077" /><testcase classname="backend.tests.test_iteration46_accessibility.TestCandidaturesAPI" name="test_submit_candidature" time="0.580" /><testcase classname="backend.tests.test_iteration46_accessibility.TestWorkspaceLogin" name="test_admin_login" time="0.069" /><testcase classname="backend.tests.test_iteration46_accessibility.TestWorkspaceLogin" name="test_twina_login" time="0.092" /><testcase classname="backend.tests.test_iteration46_accessibility.TestFrontendPages" name="test_home_page" time="0.079" /><testcase classname="backend.tests.test_iteration46_accessibility.TestFrontendPages" name="test_jetons_page" time="0.100" /><testcase classname="backend.tests.test_iteration46_accessibility.TestFrontendPages" name="test_appel_page" time="0.082" /><testcase classname="backend.tests.test_iteration46_accessibility.TestFrontendPages" name="test_pricing_page" time="0.066" /><testcase classname="backend.tests.test_iteration46_accessibility.TestFrontendPages" name="test_concert_page" time="0.073" /><testcase classname="backend.tests.test_iteration46_accessibility.TestFrontendPages" name="test_accessibilite_page" time="0.103" /></testsuite></testsuites>