<?xml version="1.0" encoding="utf-8"?><testsuites name="pytest tests"><testsuite name="pytest" errors="0" failures="0" skipped="0" tests="22" time="3.255" timestamp="2026-03-13T21:12:56.373071+00:00" hostname="agent-env-88dc0b58-0f55-4064-835b-b7e7b2da0737"><testcase classname="backend.tests.test_cc2026_iteration31.TestEmailTemplates" name="test_email_templates_returns_8_templates" time="0.259" /><testcase classname="backend.tests.test_cc2026_iteration31.TestEmailSend" name="test_email_send_invalid_template" time="0.101" /><testcase classname="backend.tests.test_cc2026_iteration31.TestEmailSend" name="test_email_send_badge_not_found" time="0.206" /><testcase classname="backend.tests.test_cc2026_iteration31.TestEmailCampaign" name="test_email_campaign_dry_run_returns_recipients_count" time="0.087" /><testcase classname="backend.tests.test_cc2026_iteration31.TestEmailCampaign" name="test_email_campaign_with_rappel_j30" time="0.241" /><testcase classname="backend.tests.test_cc2026_iteration31.TestEmailCampaign" name="test_email_campaign_invalid_template" time="0.088" /><testcase classname="backend.tests.test_cc2026_iteration31.TestEmailStats" name="test_email_stats_returns_ses_and_campaigns" time="0.508" /><testcase classname="backend.tests.test_cc2026_iteration31.TestNfcTap" name="test_nfc_tap_with_valid_badge" time="0.129" /><testcase classname="backend.tests.test_cc2026_iteration31.TestNfcTap" name="test_nfc_tap_badge_not_found" time="0.111" /><testcase classname="backend.tests.test_cc2026_iteration31.TestNfcTap" name="test_nfc_tap_rejects_non_nfc_badge" time="0.081" /><testcase classname="backend.tests.test_cc2026_iteration31.TestMerchantRefund" name="test_create_remboursement" time="0.087" /><testcase classname="backend.tests.test_cc2026_iteration31.TestMerchantRefund" name="test_list_remboursements" time="0.126" /><testcase classname="backend.tests.test_cc2026_iteration31.TestCsvExport" name="test_stats_export_csv" time="0.077" /><testcase classname="backend.tests.test_cc2026_iteration31.TestCsvExport" name="test_stats_export_transactions_csv" time="0.095" /><testcase classname="backend.tests.test_cc2026_iteration31.TestCsvExport" name="test_stats_export_scans_csv" time="0.114" /><testcase classname="backend.tests.test_cc2026_iteration31.TestHeatmapAndLive" name="test_stats_heatmap" time="0.093" /><testcase classname="backend.tests.test_cc2026_iteration31.TestHeatmapAndLive" name="test_stats_live_alias" time="0.220" /><testcase classname="backend.tests.test_cc2026_iteration31.TestBadgeLifecycle" name="test_badge_lifecycle_8_steps" time="0.082" /><testcase classname="backend.tests.test_cc2026_iteration31.TestBadgeLifecycle" name="test_badge_lifecycle_not_found" time="0.095" /><testcase classname="backend.tests.test_cc2026_iteration31.TestBadgePrintBatch" name="test_print_batch_marks_badges_printed" time="0.174" /><testcase classname="backend.tests.test_cc2026_iteration31.TestEmailQrGenerate" name="test_qr_generate_for_badge" time="0.100" /><testcase classname="backend.tests.test_cc2026_iteration31.TestEmailQrGenerate" name="test_qr_generate_badge_not_found" time="0.093" /></testsuite></testsuites>