<?xml version="1.0" encoding="utf-8"?><testsuites name="pytest tests"><testsuite name="pytest" errors="0" failures="1" skipped="0" tests="8" time="0.909" timestamp="2026-04-08T03:39:34.879513+00:00" hostname="agent-env-7c86d851-259e-473b-989f-34aa8ff73841"><testcase classname="backend.tests.test_iter84_webauthn_ui.TestWebAuthnEndpoints" name="test_webauthn_devices_requires_auth" time="0.159" /><testcase classname="backend.tests.test_iter84_webauthn_ui.TestWebAuthnEndpoints" name="test_webauthn_register_begin_requires_auth" time="0.088" /><testcase classname="backend.tests.test_iter84_webauthn_ui.TestWebAuthnEndpoints" name="test_webauthn_login_begin_requires_email" time="0.106" /><testcase classname="backend.tests.test_iter84_webauthn_ui.TestWebAuthnEndpoints" name="test_webauthn_revoke_requires_auth" time="0.076" /><testcase classname="backend.tests.test_iter84_webauthn_ui.TestExistingEndpoints" name="test_health_endpoint" time="0.123"><failure message="assert 404 in [200, 429]&#10; +  where 404 = &lt;Response [404]&gt;.status_code">backend/tests/test_iter84_webauthn_ui.py:61: in test_health_endpoint
    assert response.status_code in [200, 429]
E   assert 404 in [200, 429]
E    +  where 404 = &lt;Response [404]&gt;.status_code</failure></testcase><testcase classname="backend.tests.test_iter84_webauthn_ui.TestExistingEndpoints" name="test_brain_sessions_requires_auth" time="0.100" /><testcase classname="backend.tests.test_iter84_webauthn_ui.TestExistingEndpoints" name="test_builder_projects_requires_auth" time="0.099" /><testcase classname="backend.tests.test_iter84_webauthn_ui.TestExistingEndpoints" name="test_user_settings_requires_auth" time="0.090" /></testsuite></testsuites>