<?xml version="1.0" encoding="utf-8"?><testsuites name="pytest tests"><testsuite name="pytest" errors="0" failures="0" skipped="0" tests="13" time="2.844" timestamp="2026-04-01T01:53:04.442341+00:00" hostname="agent-env-7c86d851-259e-473b-989f-34aa8ff73841"><testcase classname="backend.tests.test_iteration41_mgraph.TestHealthCheck" name="test_api_health" time="1.675" /><testcase classname="backend.tests.test_iteration41_mgraph.TestMgraphEndpoint" name="test_mgraph_returns_200" time="0.098" /><testcase classname="backend.tests.test_iteration41_mgraph.TestMgraphEndpoint" name="test_mgraph_has_nodes" time="0.123" /><testcase classname="backend.tests.test_iteration41_mgraph.TestMgraphEndpoint" name="test_mgraph_has_edges" time="0.093" /><testcase classname="backend.tests.test_iteration41_mgraph.TestMgraphEndpoint" name="test_mgraph_has_clusters" time="0.095" /><testcase classname="backend.tests.test_iteration41_mgraph.TestMgraphEndpoint" name="test_node_has_required_fields" time="0.078" /><testcase classname="backend.tests.test_iteration41_mgraph.TestMgraphEndpoint" name="test_edge_has_required_fields" time="0.078" /><testcase classname="backend.tests.test_iteration41_mgraph.TestMgraphEndpoint" name="test_edge_strength_values" time="0.089" /><testcase classname="backend.tests.test_iteration41_mgraph.TestSmartEngineOtherEndpoints" name="test_dashboard_endpoint" time="0.103" /><testcase classname="backend.tests.test_iteration41_mgraph.TestSmartEngineOtherEndpoints" name="test_predictive_endpoint" time="0.103" /><testcase classname="backend.tests.test_iteration41_mgraph.TestSmartEngineOtherEndpoints" name="test_live_audience_endpoint" time="0.081" /><testcase classname="backend.tests.test_iteration41_mgraph.TestSmartEngineOtherEndpoints" name="test_verified_identity_endpoint" time="0.070" /><testcase classname="backend.tests.test_iteration41_mgraph.TestSmartEngineOtherEndpoints" name="test_conversion_endpoint" time="0.091" /></testsuite></testsuites>