<?xml version="1.0" encoding="utf-8"?><testsuites name="pytest tests"><testsuite name="pytest" errors="0" failures="3" skipped="0" tests="28" time="2.811" timestamp="2026-04-08T01:26:06.032490+00:00" hostname="agent-env-7c86d851-259e-473b-989f-34aa8ff73841"><testcase classname="backend.tests.test_iter81_omega_modules.TestOmegaFeed" name="test_feed_posts_returns_list" time="0.142" /><testcase classname="backend.tests.test_iter81_omega_modules.TestOmegaFeed" name="test_feed_posts_have_required_fields" time="0.085" /><testcase classname="backend.tests.test_iter81_omega_modules.TestOmegaFeed" name="test_feed_pagination" time="0.181" /><testcase classname="backend.tests.test_iter81_omega_modules.TestOmegaShop" name="test_shop_packs_returns_4_packs" time="0.081" /><testcase classname="backend.tests.test_iter81_omega_modules.TestOmegaShop" name="test_shop_packs_have_required_fields" time="0.085" /><testcase classname="backend.tests.test_iter81_omega_modules.TestOmegaShop" name="test_shop_products_endpoint" time="0.083" /><testcase classname="backend.tests.test_iter81_omega_modules.TestOmegaAgenda" name="test_agenda_returns_4_days" time="0.068" /><testcase classname="backend.tests.test_iter81_omega_modules.TestOmegaAgenda" name="test_agenda_has_kathy_liana_bravo" time="0.073" /><testcase classname="backend.tests.test_iter81_omega_modules.TestOmegaAgenda" name="test_agenda_events_have_required_fields" time="0.082" /><testcase classname="backend.tests.test_iter81_omega_modules.TestOmegaGouvernance" name="test_gouvernance_proposals_endpoint" time="0.085" /><testcase classname="backend.tests.test_iter81_omega_modules.TestOmegaGouvernance" name="test_gouvernance_seed_endpoint" time="0.090" /><testcase classname="backend.tests.test_iter81_omega_modules.TestOmegaAccreditation" name="test_accreditation_types_returns_6_types" time="0.080" /><testcase classname="backend.tests.test_iter81_omega_modules.TestOmegaAccreditation" name="test_accreditation_types_have_prices" time="0.081" /><testcase classname="backend.tests.test_iter81_omega_modules.TestOmegaAccreditation" name="test_accreditation_apply_endpoint" time="0.074" /><testcase classname="backend.tests.test_iter81_omega_modules.TestOmegaAccreditation" name="test_accreditation_my_requires_auth" time="0.077" /><testcase classname="backend.tests.test_iter81_omega_modules.TestOmegaBadgeScan" name="test_badge_types_endpoint" time="0.092" /><testcase classname="backend.tests.test_iter81_omega_modules.TestOmegaBadgeScan" name="test_badge_scan_requires_badge_id" time="0.085"><failure message="assert 429 == 400&#10; +  where 429 = &lt;Response [429]&gt;.status_code">backend/tests/test_iter81_omega_modules.py:222: in test_badge_scan_requires_badge_id
    assert response.status_code == 400
E   assert 429 == 400
E    +  where 429 = &lt;Response [429]&gt;.status_code</failure></testcase><testcase classname="backend.tests.test_iter81_omega_modules.TestOmegaBadgeScan" name="test_badge_scan_invalid_badge" time="0.084"><failure message="assert 429 == 404&#10; +  where 429 = &lt;Response [429]&gt;.status_code">backend/tests/test_iter81_omega_modules.py:231: in test_badge_scan_invalid_badge
    assert response.status_code == 404
E   assert 429 == 404
E    +  where 429 = &lt;Response [429]&gt;.status_code</failure></testcase><testcase classname="backend.tests.test_iter81_omega_modules.TestOmegaTerminal" name="test_terminal_deploys_list" time="0.089" /><testcase classname="backend.tests.test_iter81_omega_modules.TestOmegaAdhesion" name="test_adhesion_levels_returns_4_levels" time="0.073" /><testcase classname="backend.tests.test_iter81_omega_modules.TestOmegaAdhesion" name="test_adhesion_current_requires_auth" time="0.073" /><testcase classname="backend.tests.test_iter81_omega_modules.TestOmegaUserSettings" name="test_user_settings_requires_auth" time="0.092" /><testcase classname="backend.tests.test_iter81_omega_modules.TestOmegaUserSettings" name="test_user_account_delete_requires_auth" time="0.087" /><testcase classname="backend.tests.test_iter81_omega_modules.TestOmegaMessages" name="test_messages_conversations_requires_auth" time="0.075"><failure message="assert 429 == 401&#10; +  where 429 = &lt;Response [429]&gt;.status_code">backend/tests/test_iter81_omega_modules.py:295: in test_messages_conversations_requires_auth
    assert response.status_code == 401
E   assert 429 == 401
E    +  where 429 = &lt;Response [429]&gt;.status_code</failure></testcase><testcase classname="backend.tests.test_iter81_omega_modules.TestOmegaBrain" name="test_brain_memory_history" time="0.087" /><testcase classname="backend.tests.test_iter81_omega_modules.TestOmegaBrain" name="test_brain_chat_enriched_requires_permission" time="0.084" /><testcase classname="backend.tests.test_iter81_omega_modules.TestOmegaFREK" name="test_frek_health" time="0.320" /><testcase classname="backend.tests.test_iter81_omega_modules.TestOmegaWallet" name="test_wallet_me_requires_auth" time="0.088" /></testsuite></testsuites>