<?xml version="1.0" encoding="utf-8"?><testsuites name="pytest tests"><testsuite name="pytest" errors="0" failures="0" skipped="0" tests="18" time="5.482" timestamp="2026-04-01T02:51:36.867066+00:00" hostname="agent-env-7c86d851-259e-473b-989f-34aa8ff73841"><testcase classname="backend.tests.test_iteration44_candidatures.TestHealthCheck" name="test_api_health" time="0.098" /><testcase classname="backend.tests.test_iteration44_candidatures.TestCandidatureSubmission" name="test_submit_candidature_success" time="0.500" /><testcase classname="backend.tests.test_iteration44_candidatures.TestCandidatureSubmission" name="test_submit_candidature_without_engagement_cc" time="0.073" /><testcase classname="backend.tests.test_iteration44_candidatures.TestCandidatureSubmission" name="test_submit_candidature_minimal_fields" time="0.526" /><testcase classname="backend.tests.test_iteration44_candidatures.TestCandidatureList" name="test_list_candidatures" time="0.073" /><testcase classname="backend.tests.test_iteration44_candidatures.TestCandidatureList" name="test_list_candidatures_with_status_filter" time="0.077" /><testcase classname="backend.tests.test_iteration44_candidatures.TestCandidatureStatusUpdate" name="test_update_status_to_retenue" time="0.623" /><testcase classname="backend.tests.test_iteration44_candidatures.TestCandidatureStatusUpdate" name="test_update_status_to_en_instruction" time="0.881" /><testcase classname="backend.tests.test_iteration44_candidatures.TestCandidatureStatusUpdate" name="test_update_status_to_refusee" time="0.610" /><testcase classname="backend.tests.test_iteration44_candidatures.TestCandidatureStatusUpdate" name="test_update_status_invalid" time="0.569" /><testcase classname="backend.tests.test_iteration44_candidatures.TestCandidatureStatusUpdate" name="test_update_status_nonexistent_candidature" time="0.073" /><testcase classname="backend.tests.test_iteration44_candidatures.TestCandidatureExport" name="test_export_csv" time="0.089" /><testcase classname="backend.tests.test_iteration44_candidatures.TestDocumentDownload" name="test_download_cahier_des_charges_fr" time="0.083" /><testcase classname="backend.tests.test_iteration44_candidatures.TestDocumentDownload" name="test_download_culture_connect_en" time="0.077" /><testcase classname="backend.tests.test_iteration44_candidatures.TestDocumentDownload" name="test_download_culture_connect_kw" time="0.078" /><testcase classname="backend.tests.test_iteration44_candidatures.TestDocumentDownload" name="test_download_nonexistent_file" time="0.074" /><testcase classname="backend.tests.test_iteration44_candidatures.TestDocumentDownload" name="test_download_unsafe_filename" time="0.079" /><testcase classname="backend.tests.test_iteration44_candidatures.TestEndToEndFlow" name="test_full_candidature_flow" time="0.823" /></testsuite></testsuites>