<?xml version="1.0" encoding="utf-8"?><testsuites name="pytest tests"><testsuite name="pytest" errors="0" failures="0" skipped="0" tests="22" time="2.518" timestamp="2026-04-01T22:46:19.971707+00:00" hostname="agent-env-7c86d851-259e-473b-989f-34aa8ff73841"><testcase classname="backend.tests.test_growth_engine_v2.TestGrowthEngineStats" name="test_stats_returns_ghost_v2_data" time="0.333" /><testcase classname="backend.tests.test_growth_engine_v2.TestProofOfLife" name="test_proof_of_life_returns_activity" time="0.093" /><testcase classname="backend.tests.test_growth_engine_v2.TestRandomRewards" name="test_reward_requires_user_id" time="0.091" /><testcase classname="backend.tests.test_growth_engine_v2.TestRandomRewards" name="test_reward_random_bonus" time="0.076" /><testcase classname="backend.tests.test_growth_engine_v2.TestRandomRewards" name="test_reward_daily_login" time="0.204" /><testcase classname="backend.tests.test_growth_engine_v2.TestRandomRewards" name="test_reward_first_post" time="0.076" /><testcase classname="backend.tests.test_growth_engine_v2.TestOnboarding" name="test_get_onboarding_progress" time="0.099" /><testcase classname="backend.tests.test_growth_engine_v2.TestOnboarding" name="test_complete_onboarding_step" time="0.163" /><testcase classname="backend.tests.test_growth_engine_v2.TestOnboarding" name="test_complete_onboarding_requires_params" time="0.082" /><testcase classname="backend.tests.test_growth_engine_v2.TestMagicCircleInvitations" name="test_generate_invite_requires_user_id" time="0.133" /><testcase classname="backend.tests.test_growth_engine_v2.TestMagicCircleInvitations" name="test_generate_invite_code" time="0.080" /><testcase classname="backend.tests.test_growth_engine_v2.TestMagicCircleInvitations" name="test_redeem_invite_requires_params" time="0.082" /><testcase classname="backend.tests.test_growth_engine_v2.TestMagicCircleInvitations" name="test_redeem_invalid_code" time="0.086" /><testcase classname="backend.tests.test_growth_engine_v2.TestCreationNudge" name="test_creation_nudge_returns_ratio" time="0.091" /><testcase classname="backend.tests.test_growth_engine_v2.TestContentMirror" name="test_mirror_returns_cards" time="0.104" /><testcase classname="backend.tests.test_growth_engine_v2.TestSocialValidation" name="test_social_validation_requires_post_id" time="0.072" /><testcase classname="backend.tests.test_growth_engine_v2.TestSocialValidation" name="test_social_validation_queues_engagement" time="0.077" /><testcase classname="backend.tests.test_growth_engine_v2.TestFadeoutController" name="test_fadeout_adjusts_ghosts" time="0.084" /><testcase classname="backend.tests.test_growth_engine_v2.TestDailyArrival" name="test_daily_arrival_activates_profiles" time="0.091" /><testcase classname="backend.tests.test_growth_engine_v2.TestDeepLink" name="test_deeplink_card" time="0.121" /><testcase classname="backend.tests.test_growth_engine_v2.TestDeepLink" name="test_deeplink_profile" time="0.087" /><testcase classname="backend.tests.test_growth_engine_v2.TestSocialFeedWithGhosts" name="test_feed_includes_ghost_posts" time="0.104" /></testsuite></testsuites>