<?xml version="1.0" encoding="utf-8"?><testsuites name="pytest tests"><testsuite name="pytest" errors="0" failures="0" skipped="0" tests="8" time="1.040" timestamp="2026-04-04T21:45:49.197654+00:00" hostname="agent-env-7c86d851-259e-473b-989f-34aa8ff73841"><testcase classname="backend.tests.test_pro_feed_iteration67.TestProFeedAPI" name="test_get_feed_returns_posts" time="0.120" /><testcase classname="backend.tests.test_pro_feed_iteration67.TestProFeedAPI" name="test_feed_has_ghost_posts" time="0.106" /><testcase classname="backend.tests.test_pro_feed_iteration67.TestProFeedAPI" name="test_feed_pagination" time="0.191" /><testcase classname="backend.tests.test_pro_feed_iteration67.TestReelsAPI" name="test_get_reels_returns_content" time="0.078" /><testcase classname="backend.tests.test_pro_feed_iteration67.TestReelsAPI" name="test_reels_have_dimensions" time="0.102" /><testcase classname="backend.tests.test_pro_feed_iteration67.TestLikeAPI" name="test_like_toggle" time="0.186" /><testcase classname="backend.tests.test_pro_feed_iteration67.TestProofOfLife" name="test_proof_of_life_endpoint" time="0.111" /><testcase classname="backend.tests.test_pro_feed_iteration67.TestGhostSeed" name="test_ghost_seed_endpoint" time="0.080" /></testsuite></testsuites>