<?xml version="1.0" encoding="utf-8"?><testsuites name="pytest tests"><testsuite name="pytest" errors="0" failures="0" skipped="0" tests="17" time="9.560" timestamp="2026-03-13T21:47:42.927205+00:00" hostname="agent-env-4cd6f9be-b1b8-4060-b536-0be3ef7061e7"><testcase classname="backend.tests.test_iteration32_features.TestBadgeTypes" name="test_get_badge_types_success" time="0.567" /><testcase classname="backend.tests.test_iteration32_features.TestBadgeTypes" name="test_vis_type_has_general_entry_access" time="0.432" /><testcase classname="backend.tests.test_iteration32_features.TestBadgeTypes" name="test_vis_not_nfc_enabled" time="0.421" /><testcase classname="backend.tests.test_iteration32_features.TestBadgeInscription" name="test_inscribe_visiteur_badge" time="0.553" /><testcase classname="backend.tests.test_iteration32_features.TestBadgeInscription" name="test_inscribe_duplicate_email_rejected" time="1.163" /><testcase classname="backend.tests.test_iteration32_features.TestBadgeInscription" name="test_inscribe_invalid_badge_type_rejected" time="0.409" /><testcase classname="backend.tests.test_iteration32_features.TestJetonsAnalytics" name="test_jetons_overview_returns_data" time="0.451" /><testcase classname="backend.tests.test_iteration32_features.TestJetonsAnalytics" name="test_jetons_overview_timeline_structure" time="0.473" /><testcase classname="backend.tests.test_iteration32_features.TestJetonsAnalytics" name="test_jetons_overview_pack_distribution" time="0.441" /><testcase classname="backend.tests.test_iteration32_features.TestJetonsAnalytics" name="test_jetons_overview_frek_core_status" time="0.446" /><testcase classname="backend.tests.test_iteration32_features.TestSESDomainStatus" name="test_ses_domain_status_returns_domain_info" time="0.688" /><testcase classname="backend.tests.test_iteration32_features.TestSESDomainStatus" name="test_ses_domain_status_has_verification_info" time="0.685" /><testcase classname="backend.tests.test_iteration32_features.TestSESDomainStatus" name="test_ses_domain_status_has_dkim_info" time="0.663" /><testcase classname="backend.tests.test_iteration32_features.TestSESDomainStatus" name="test_ses_domain_status_has_dns_records_needed" time="0.632" /><testcase classname="backend.tests.test_iteration32_features.TestSESDomainStatus" name="test_ses_domain_status_has_quota_info" time="0.642" /><testcase classname="backend.tests.test_iteration32_features.TestBadgeStats" name="test_badge_stats_returns_totals" time="0.410" /><testcase classname="backend.tests.test_iteration32_features.TestBadgeStats" name="test_badge_stats_includes_vis_type" time="0.404" /></testsuite></testsuites>