<?xml version="1.0" encoding="utf-8"?><testsuites name="pytest tests"><testsuite name="pytest" errors="0" failures="4" skipped="2" tests="20" time="3.142" timestamp="2026-04-02T00:04:16.967770+00:00" hostname="agent-env-7c86d851-259e-473b-989f-34aa8ff73841"><testcase classname="backend.tests.test_iteration56_security.TestDisposableEmailBlocking" name="test_yopmail_blocked" time="0.324" /><testcase classname="backend.tests.test_iteration56_security.TestDisposableEmailBlocking" name="test_guerrillamail_blocked" time="0.075" /><testcase classname="backend.tests.test_iteration56_security.TestDisposableEmailBlocking" name="test_mailinator_blocked" time="0.070" /><testcase classname="backend.tests.test_iteration56_security.TestDisposableEmailBlocking" name="test_tempmail_blocked" time="0.079" /><testcase classname="backend.tests.test_iteration56_security.TestDisposableEmailBlocking" name="test_valid_email_not_blocked" time="0.696" /><testcase classname="backend.tests.test_iteration56_security.TestOTPCooldown" name="test_otp_cooldown_enforced" time="0.183"><skipped type="pytest.skip" message="Rate limited from previous tests - cannot test cooldown">/app/backend/tests/test_iteration56_security.py:87: Rate limited from previous tests - cannot test cooldown</skipped></testcase><testcase classname="backend.tests.test_iteration56_security.TestRateLimiting" name="test_rate_limit_after_5_requests" time="0.262" /><testcase classname="backend.tests.test_iteration56_security.TestFREKIDFormat" name="test_frek_id_format_on_verify" time="0.068"><failure message="AssertionError: Admin request failed: 429&#10;assert 429 == 200&#10; +  where 429 = &lt;Response [429]&gt;.status_code">backend/tests/test_iteration56_security.py:141: in test_frek_id_format_on_verify
    assert response1.status_code == 200, f"Admin request failed: {response1.status_code}"
E   AssertionError: Admin request failed: 429
E   assert 429 == 200
E    +  where 429 = &lt;Response [429]&gt;.status_code</failure></testcase><testcase classname="backend.tests.test_iteration56_security.TestFREKIDFormat" name="test_new_user_frek_id_format" time="0.067"><skipped type="pytest.skip" message="Rate limited - cannot test FREK-ID format">/app/backend/tests/test_iteration56_security.py:170: Rate limited - cannot test FREK-ID format</skipped></testcase><testcase classname="backend.tests.test_iteration56_security.TestFREKIDUniqueness" name="test_frek_id_unique_index_exists" time="0.086" /><testcase classname="backend.tests.test_iteration56_security.TestSuspiciousIPDetection" name="test_suspicious_flag_after_3_registrations" time="0.097" /><testcase classname="backend.tests.test_iteration56_security.TestAdminBypass" name="test_admin_bypass_works" time="0.091"><failure message="AssertionError: Admin request failed: 429&#10;assert 429 == 200&#10; +  where 429 = &lt;Response [429]&gt;.status_code">backend/tests/test_iteration56_security.py:294: in test_admin_bypass_works
    assert response1.status_code == 200, f"Admin request failed: {response1.status_code}"
E   AssertionError: Admin request failed: 429
E   assert 429 == 200
E    +  where 429 = &lt;Response [429]&gt;.status_code</failure></testcase><testcase classname="backend.tests.test_iteration56_security.TestExistingEndpoints" name="test_health_endpoint" time="0.071"><failure message="assert 404 == 200&#10; +  where 404 = &lt;Response [404]&gt;.status_code">backend/tests/test_iteration56_security.py:316: in test_health_endpoint
    assert response.status_code == 200
E   assert 404 == 200
E    +  where 404 = &lt;Response [404]&gt;.status_code</failure></testcase><testcase classname="backend.tests.test_iteration56_security.TestExistingEndpoints" name="test_language_update" time="0.176" /><testcase classname="backend.tests.test_iteration56_security.TestExistingEndpoints" name="test_rgpd_export" time="0.274" /><testcase classname="backend.tests.test_iteration56_security.TestExistingEndpoints" name="test_shop_packages" time="0.094" /><testcase classname="backend.tests.test_iteration56_security.TestExistingEndpoints" name="test_fintech_dashboard" time="0.087" /><testcase classname="backend.tests.test_iteration56_security.TestEmailValidation" name="test_empty_email_rejected" time="0.085" /><testcase classname="backend.tests.test_iteration56_security.TestEmailValidation" name="test_whitespace_email_rejected" time="0.071" /><testcase classname="backend.tests.test_iteration56_security.TestEmailValidation" name="test_existing_email_no_duplicate" time="0.078"><failure message="assert 429 == 200&#10; +  where 429 = &lt;Response [429]&gt;.status_code">backend/tests/test_iteration56_security.py:404: in test_existing_email_no_duplicate
    assert response1.status_code == 200
E   assert 429 == 200
E    +  where 429 = &lt;Response [429]&gt;.status_code</failure></testcase></testsuite></testsuites>