<?xml version="1.0" encoding="utf-8"?><testsuites name="pytest tests"><testsuite name="pytest" errors="0" failures="0" skipped="0" tests="12" time="0.510" timestamp="2026-04-08T06:19:51.370806+00:00" hostname="agent-env-7c86d851-259e-473b-989f-34aa8ff73841"><testcase classname="tests.test_iter87_correctifs.TestCorrectif5AvatarUpload" name="test_avatar_endpoint_exists" time="0.008" /><testcase classname="tests.test_iter87_correctifs.TestCorrectif5AvatarUpload" name="test_avatar_rejects_invalid_format" time="0.003" /><testcase classname="tests.test_iter87_correctifs.TestNotificationSounds" name="test_notif_mp3_accessible" time="0.115" /><testcase classname="tests.test_iter87_correctifs.TestNotificationSounds" name="test_notif_ogg_accessible" time="0.089" /><testcase classname="tests.test_iter87_correctifs.TestSplashVideoFiles" name="test_splash_mp4_accessible" time="0.094" /><testcase classname="tests.test_iter87_correctifs.TestSplashVideoFiles" name="test_splash_webm_accessible" time="0.122" /><testcase classname="tests.test_iter87_correctifs.TestMessagesEndpoints" name="test_conversations_endpoint_exists" time="0.004" /><testcase classname="tests.test_iter87_correctifs.TestMessagesEndpoints" name="test_send_message_endpoint_exists" time="0.003" /><testcase classname="tests.test_iter87_correctifs.TestBrainEndpoints" name="test_brain_chat_endpoint_exists" time="0.003" /><testcase classname="tests.test_iter87_correctifs.TestBrainEndpoints" name="test_brain_sessions_endpoint_exists" time="0.002" /><testcase classname="tests.test_iter87_correctifs.TestTerminalEndpoints" name="test_terminal_deploy_endpoint_exists" time="0.005" /><testcase classname="tests.test_iter87_correctifs.TestTerminalEndpoints" name="test_terminal_deploys_endpoint_exists" time="0.004" /></testsuite></testsuites>