<?xml version="1.0" encoding="utf-8"?><testsuites name="pytest tests"><testsuite name="pytest" errors="0" failures="0" skipped="0" tests="10" time="1.551" timestamp="2026-04-01T07:30:13.447542+00:00" hostname="agent-env-7c86d851-259e-473b-989f-34aa8ff73841"><testcase classname="backend.tests.test_iteration50_visual.TestCulturalIdentityAPI" name="test_get_cultural_identity_returns_score_and_dimensions" time="0.136" /><testcase classname="backend.tests.test_iteration50_visual.TestCulturalFeedAPI" name="test_get_cultural_feed_returns_cards" time="0.095" /><testcase classname="backend.tests.test_iteration50_visual.TestCulturalFeedAPI" name="test_cultural_feed_card_structure" time="0.119" /><testcase classname="backend.tests.test_iteration50_visual.TestCulturalFeedAPI" name="test_cultural_feed_filter_by_type" time="0.111" /><testcase classname="backend.tests.test_iteration50_visual.TestCulturalReactionsAPI" name="test_add_reaction" time="0.089" /><testcase classname="backend.tests.test_iteration50_visual.TestCulturalReactionsAPI" name="test_toggle_reaction_removes" time="0.196" /><testcase classname="backend.tests.test_iteration50_visual.TestCulturalReactionsAPI" name="test_invalid_reaction_type_returns_400" time="0.076" /><testcase classname="backend.tests.test_iteration50_visual.TestCulturalReactionsAPI" name="test_all_five_reaction_types_valid" time="0.489" /><testcase classname="backend.tests.test_iteration50_visual.TestProSpaceAPIs" name="test_pro_social_feed" time="0.097" /><testcase classname="backend.tests.test_iteration50_visual.TestProSpaceAPIs" name="test_pro_social_recommendations" time="0.078" /></testsuite></testsuites>