<?xml version="1.0" encoding="utf-8"?><testsuites name="pytest tests"><testsuite name="pytest" errors="0" failures="0" skipped="0" tests="21" time="4.604" timestamp="2026-04-01T23:10:43.611093+00:00" hostname="agent-env-7c86d851-259e-473b-989f-34aa8ff73841"><testcase classname="backend.tests.test_fintech_iteration53.TestWalletAPI" name="test_get_wallet_creates_on_demand" time="0.308" /><testcase classname="backend.tests.test_fintech_iteration53.TestWalletAPI" name="test_get_wallet_by_frek_id" time="0.284" /><testcase classname="backend.tests.test_fintech_iteration53.TestWalletAPI" name="test_link_frek_to_wallet" time="0.070" /><testcase classname="backend.tests.test_fintech_iteration53.TestWalletAPI" name="test_transfer_insufficient_balance" time="0.074" /><testcase classname="backend.tests.test_fintech_iteration53.TestWalletAPI" name="test_consume_insufficient_balance" time="0.162" /><testcase classname="backend.tests.test_fintech_iteration53.TestWalletAPI" name="test_get_transactions" time="0.089" /><testcase classname="backend.tests.test_fintech_iteration53.TestWalletAPI" name="test_get_transactions_with_channel_filter" time="0.072" /><testcase classname="backend.tests.test_fintech_iteration53.TestShopPackagesAPI" name="test_list_packages" time="0.081" /><testcase classname="backend.tests.test_fintech_iteration53.TestShopCheckoutAPI" name="test_create_checkout_session" time="0.598" /><testcase classname="backend.tests.test_fintech_iteration53.TestShopCheckoutAPI" name="test_create_checkout_with_channel_metadata" time="0.442" /><testcase classname="backend.tests.test_fintech_iteration53.TestShopCheckoutAPI" name="test_checkout_status_poll" time="0.832" /><testcase classname="backend.tests.test_fintech_iteration53.TestShopProductsAPI" name="test_list_products" time="0.069" /><testcase classname="backend.tests.test_fintech_iteration53.TestShopProductsAPI" name="test_filter_products_by_category" time="0.081" /><testcase classname="backend.tests.test_fintech_iteration53.TestShopProductsAPI" name="test_filter_products_by_billetterie" time="0.075" /><testcase classname="backend.tests.test_fintech_iteration53.TestShopProductsAPI" name="test_create_product" time="0.078" /><testcase classname="backend.tests.test_fintech_iteration53.TestFintechDashboardAPI" name="test_fintech_dashboard" time="0.072" /><testcase classname="backend.tests.test_fintech_iteration53.TestNotificationsAPI" name="test_get_notifications" time="0.071" /><testcase classname="backend.tests.test_fintech_iteration53.TestGrowthEngineAPI" name="test_growth_engine_stats" time="0.094" /><testcase classname="backend.tests.test_fintech_iteration53.TestGrowthEngineAPI" name="test_proof_of_life" time="0.097" /><testcase classname="backend.tests.test_fintech_iteration53.TestIntegrationFlows" name="test_wallet_to_shop_flow" time="0.703" /><testcase classname="backend.tests.test_fintech_iteration53.TestIntegrationFlows" name="test_frek_terminal_flow" time="0.159" /></testsuite></testsuites>