<?xml version="1.0" encoding="utf-8"?><testsuites name="pytest tests"><testsuite name="pytest" errors="0" failures="0" skipped="0" tests="21" time="97.729" timestamp="2026-04-05T00:37:19.693902+00:00" hostname="agent-env-7c86d851-259e-473b-989f-34aa8ff73841"><testcase classname="backend.tests.test_cvl_brain_frek_auth.TestCvlBrainChatEnriched" name="test_brain_chat_basic_message" time="6.901" /><testcase classname="backend.tests.test_cvl_brain_frek_auth.TestCvlBrainChatEnriched" name="test_brain_chat_multi_turn_context" time="14.494" /><testcase classname="backend.tests.test_cvl_brain_frek_auth.TestCvlBrainChatEnriched" name="test_brain_knowledge_jeton_cc" time="10.330" /><testcase classname="backend.tests.test_cvl_brain_frek_auth.TestCvlBrainChatEnriched" name="test_brain_knowledge_frek_id" time="10.898" /><testcase classname="backend.tests.test_cvl_brain_frek_auth.TestCvlBrainChatEnriched" name="test_brain_knowledge_cc2026" time="9.276" /><testcase classname="backend.tests.test_cvl_brain_frek_auth.TestCvlBrainChatEnriched" name="test_brain_knowledge_kt_token" time="12.665" /><testcase classname="backend.tests.test_cvl_brain_frek_auth.TestCvlBrainChatEnriched" name="test_brain_knowledge_api_tiers" time="5.727" /><testcase classname="backend.tests.test_cvl_brain_frek_auth.TestCvlBrainChatEnriched" name="test_brain_knowledge_cvln_ecosystem" time="13.026" /><testcase classname="backend.tests.test_cvl_brain_frek_auth.TestCvlBrainChatEnriched" name="test_brain_user_context_personalization" time="12.610" /><testcase classname="backend.tests.test_cvl_brain_frek_auth.TestCvlBrainMemory" name="test_brain_memory_save" time="0.135" /><testcase classname="backend.tests.test_cvl_brain_frek_auth.TestCvlBrainMemory" name="test_brain_memory_history" time="0.184" /><testcase classname="backend.tests.test_cvl_brain_frek_auth.TestCvlBrainMemory" name="test_brain_memory_get_specific" time="0.174" /><testcase classname="backend.tests.test_cvl_brain_frek_auth.TestCvlBrainMemory" name="test_brain_memory_delete" time="0.270" /><testcase classname="backend.tests.test_cvl_brain_frek_auth.TestFrekIdAuthentication" name="test_frek_auth_admin_initiate" time="0.075" /><testcase classname="backend.tests.test_cvl_brain_frek_auth.TestFrekIdAuthentication" name="test_frek_auth_admin_verify" time="0.177" /><testcase classname="backend.tests.test_cvl_brain_frek_auth.TestFrekIdAuthentication" name="test_frek_auth_admin_no_cooldown" time="0.154" /><testcase classname="backend.tests.test_cvl_brain_frek_auth.TestFrekIdAuthentication" name="test_frek_auth_invalid_format" time="0.093" /><testcase classname="backend.tests.test_cvl_brain_frek_auth.TestFrekIdAuthentication" name="test_frek_auth_unknown_id" time="0.123" /><testcase classname="backend.tests.test_cvl_brain_frek_auth.TestFrekIdAuthentication" name="test_frek_verify_wrong_code" time="0.162" /><testcase classname="backend.tests.test_cvl_brain_frek_auth.TestFrekIdAuthentication" name="test_frek_verify_no_initiate" time="0.087" /><testcase classname="backend.tests.test_cvl_brain_frek_auth.TestGitHubOAuth" name="test_github_oauth_not_configured" time="0.077" /></testsuite></testsuites>