<?xml version="1.0" encoding="utf-8"?><testsuites name="pytest tests"><testsuite name="pytest" errors="0" failures="0" skipped="0" tests="15" time="1.648" timestamp="2026-04-04T17:39:36.667817+00:00" hostname="agent-env-7c86d851-259e-473b-989f-34aa8ff73841"><testcase classname="backend.tests.test_iteration63_magic_link_features.TestMagicLinkSystem" name="test_request_magic_link_success" time="0.138" /><testcase classname="backend.tests.test_iteration63_magic_link_features.TestMagicLinkSystem" name="test_request_magic_link_empty_email" time="0.092" /><testcase classname="backend.tests.test_iteration63_magic_link_features.TestMagicLinkSystem" name="test_magic_link_invalid_token" time="0.100" /><testcase classname="backend.tests.test_iteration63_magic_link_features.TestEmergencyAccess" name="test_emergency_access_returns_404_in_production" time="0.082" /><testcase classname="backend.tests.test_iteration63_magic_link_features.TestEmergencyAccess" name="test_emergency_access_wrong_secret" time="0.103" /><testcase classname="backend.tests.test_iteration63_magic_link_features.TestTeamInvitations" name="test_admin_login" time="0.084" /><testcase classname="backend.tests.test_iteration63_magic_link_features.TestTeamInvitations" name="test_create_invitation_requires_admin" time="0.068" /><testcase classname="backend.tests.test_iteration63_magic_link_features.TestTeamInvitations" name="test_create_invitation_with_admin" time="0.143" /><testcase classname="backend.tests.test_iteration63_magic_link_features.TestTeamInvitations" name="test_list_invitations_requires_admin" time="0.088" /><testcase classname="backend.tests.test_iteration63_magic_link_features.TestTeamInvitations" name="test_list_invitations_with_admin" time="0.144" /><testcase classname="backend.tests.test_iteration63_magic_link_features.TestTeamInvitations" name="test_validate_invalid_invitation" time="0.087" /><testcase classname="backend.tests.test_iteration63_magic_link_features.TestHealthDashboard" name="test_health_stats_requires_admin" time="0.093" /><testcase classname="backend.tests.test_iteration63_magic_link_features.TestHealthDashboard" name="test_health_stats_with_admin" time="0.159" /><testcase classname="backend.tests.test_iteration63_magic_link_features.TestMagicLinkMongoDBIntegration" name="test_magic_link_flow_creates_token" time="0.088" /><testcase classname="backend.tests.test_iteration63_magic_link_features.TestGoogleOAuthEndpoints" name="test_google_auth_redirect_not_configured" time="0.110" /></testsuite></testsuites>