<?xml version="1.0" encoding="utf-8"?><testsuites name="pytest tests"><testsuite name="pytest" errors="0" failures="0" skipped="0" tests="14" time="32.436" timestamp="2026-04-01T00:36:35.983316+00:00" hostname="agent-env-7c86d851-259e-473b-989f-34aa8ff73841"><testcase classname="backend.tests.test_iteration40_e2e.TestHealthCheck" name="test_api_health" time="0.132" /><testcase classname="backend.tests.test_iteration40_e2e.TestRegistrations" name="test_get_registrations" time="0.084" /><testcase classname="backend.tests.test_iteration40_e2e.TestCatalog" name="test_get_catalog" time="0.084" /><testcase classname="backend.tests.test_iteration40_e2e.TestCVLBrain" name="test_brain_analyse" time="9.376" /><testcase classname="backend.tests.test_iteration40_e2e.TestCVLBrain" name="test_brain_entreprise" time="7.184" /><testcase classname="backend.tests.test_iteration40_e2e.TestCVLBrain" name="test_brain_evenement" time="8.913" /><testcase classname="backend.tests.test_iteration40_e2e.TestCVLBrain" name="test_brain_alerte" time="5.704" /><testcase classname="backend.tests.test_iteration40_e2e.TestCVLBrain" name="test_brain_agent_status" time="0.112" /><testcase classname="backend.tests.test_iteration40_e2e.TestAnalyticsJetons" name="test_jetons_overview" time="0.169" /><testcase classname="backend.tests.test_iteration40_e2e.TestAnalyticsSite" name="test_site_analytics" time="0.086" /><testcase classname="backend.tests.test_iteration40_e2e.TestAdminAuth" name="test_admin_verify_correct_password" time="0.076" /><testcase classname="backend.tests.test_iteration40_e2e.TestAdminAuth" name="test_admin_verify_wrong_password" time="0.085" /><testcase classname="backend.tests.test_iteration40_e2e.TestPartners" name="test_get_partners" time="0.114" /><testcase classname="backend.tests.test_iteration40_e2e.TestAIAgents" name="test_ai_agents_list" time="0.247" /></testsuite></testsuites>