<?xml version="1.0" encoding="utf-8"?><testsuites name="pytest tests"><testsuite name="pytest" errors="0" failures="0" skipped="0" tests="11" time="1.477" timestamp="2026-04-08T05:07:23.312928+00:00" hostname="agent-env-7c86d851-259e-473b-989f-34aa8ff73841"><testcase classname="backend.tests.test_iter86_p0_p3_validation.TestEclairEndpoint" name="test_eclair_post_not_found_returns_404" time="0.263" /><testcase classname="backend.tests.test_iter86_p0_p3_validation.TestEclairEndpoint" name="test_eclair_missing_frek_id_returns_400" time="0.226" /><testcase classname="backend.tests.test_iter86_p0_p3_validation.TestPushNotifications" name="test_push_subscribe_requires_auth" time="0.103" /><testcase classname="backend.tests.test_iter86_p0_p3_validation.TestPushNotifications" name="test_push_preferences_requires_auth" time="0.129" /><testcase classname="backend.tests.test_iter86_p0_p3_validation.TestPushNotifications" name="test_push_send_requires_admin" time="0.102" /><testcase classname="backend.tests.test_iter86_p0_p3_validation.TestAdminCC2026" name="test_cc2026_stats_requires_admin" time="0.126" /><testcase classname="backend.tests.test_iter86_p0_p3_validation.TestAdminCC2026" name="test_admin_users_requires_admin" time="0.109" /><testcase classname="backend.tests.test_iter86_p0_p3_validation.TestAdminCC2026" name="test_admin_feed_reported_requires_admin" time="0.095" /><testcase classname="backend.tests.test_iter86_p0_p3_validation.TestAnalytics" name="test_analytics_track_accepts_event" time="0.097" /><testcase classname="backend.tests.test_iter86_p0_p3_validation.TestManifest" name="test_manifest_has_correct_name" time="0.086" /><testcase classname="backend.tests.test_iter86_p0_p3_validation.TestServiceWorker" name="test_sw_exists" time="0.076" /></testsuite></testsuites>