<?xml version="1.0" encoding="utf-8"?><testsuites name="pytest tests"><testsuite name="pytest" errors="0" failures="0" skipped="0" tests="16" time="5.530" timestamp="2026-04-14T15:26:06.315764+00:00" hostname="agent-env-7c86d851-259e-473b-989f-34aa8ff73841"><testcase classname="backend.tests.test_stripe_checkout.TestStripeCheckoutEndpoints" name="test_partnership_bronze_checkout" time="0.829" /><testcase classname="backend.tests.test_stripe_checkout.TestStripeCheckoutEndpoints" name="test_partnership_silver_checkout" time="0.560" /><testcase classname="backend.tests.test_stripe_checkout.TestStripeCheckoutEndpoints" name="test_partnership_gold_checkout" time="0.524" /><testcase classname="backend.tests.test_stripe_checkout.TestStripeCheckoutEndpoints" name="test_accreditation_emerging_checkout" time="0.789" /><testcase classname="backend.tests.test_stripe_checkout.TestStripeCheckoutEndpoints" name="test_accreditation_professional_checkout" time="0.630" /><testcase classname="backend.tests.test_stripe_checkout.TestStripeCheckoutEndpoints" name="test_accreditation_institutional_checkout" time="0.503" /><testcase classname="backend.tests.test_stripe_checkout.TestStripeCheckoutEndpoints" name="test_ticket_general_checkout" time="0.510" /><testcase classname="backend.tests.test_stripe_checkout.TestStripeCheckoutEndpoints" name="test_ticket_vip_checkout" time="0.476" /><testcase classname="backend.tests.test_stripe_checkout.TestStripeCheckoutEndpoints" name="test_invalid_checkout_type" time="0.129" /><testcase classname="backend.tests.test_stripe_checkout.TestStripeCheckoutEndpoints" name="test_invalid_partnership_tier" time="0.112" /><testcase classname="backend.tests.test_stripe_checkout.TestStripeCheckoutEndpoints" name="test_invalid_ticket_tier" time="0.106" /><testcase classname="backend.tests.test_stripe_checkout.TestCheckoutStatusEndpoint" name="test_checkout_status_invalid_session" time="0.287" /><testcase classname="backend.tests.test_stripe_checkout.TestURLFormatVerification" name="test_no_double_api_in_partnership_page" time="0.003" /><testcase classname="backend.tests.test_stripe_checkout.TestURLFormatVerification" name="test_no_double_api_in_registration_form" time="0.002" /><testcase classname="backend.tests.test_stripe_checkout.TestURLFormatVerification" name="test_no_double_api_in_pricing_page" time="0.002" /><testcase classname="backend.tests.test_stripe_checkout.TestURLFormatVerification" name="test_no_double_api_in_confirmation_screens" time="0.004" /></testsuite></testsuites>