<?xml version="1.0" encoding="utf-8"?><testsuites name="pytest tests"><testsuite name="pytest" errors="0" failures="0" skipped="0" tests="15" time="7.022" timestamp="2026-02-26T13:50:43.259095+00:00" hostname="agent-env-f87bf28b-03b2-4882-90e0-68bbdc7652a1"><testcase classname="backend.tests.test_networking_intelligence.TestStatsEndpoint" name="test_stats_returns_200" time="0.580" /><testcase classname="backend.tests.test_networking_intelligence.TestStatsEndpoint" name="test_stats_contains_by_expertise" time="0.423" /><testcase classname="backend.tests.test_networking_intelligence.TestStatsEndpoint" name="test_stats_contains_top_5_interests" time="0.527" /><testcase classname="backend.tests.test_networking_intelligence.TestStatsEndpoint" name="test_stats_summary_structure" time="0.398" /><testcase classname="backend.tests.test_networking_intelligence.TestStatsEndpoint" name="test_stats_metadata_fields" time="0.407" /><testcase classname="backend.tests.test_networking_intelligence.TestSearchMatchEndpoint" name="test_search_match_returns_200" time="0.437" /><testcase classname="backend.tests.test_networking_intelligence.TestSearchMatchEndpoint" name="test_search_match_with_expertise_filter" time="0.412" /><testcase classname="backend.tests.test_networking_intelligence.TestSearchMatchEndpoint" name="test_search_match_returns_shared_interests" time="0.411" /><testcase classname="backend.tests.test_networking_intelligence.TestSearchMatchEndpoint" name="test_search_match_returns_expertise_tags" time="0.420" /><testcase classname="backend.tests.test_networking_intelligence.TestSearchMatchEndpoint" name="test_search_match_marche_culturel_filter" time="0.400" /><testcase classname="backend.tests.test_networking_intelligence.TestSearchMatchEndpoint" name="test_search_match_profile_type_filter" time="0.414" /><testcase classname="backend.tests.test_networking_intelligence.TestSearchMatchEndpoint" name="test_search_match_combined_filters" time="0.463" /><testcase classname="backend.tests.test_networking_intelligence.TestSearchSuggestionsEndpoint" name="test_suggestions_without_id_returns_404" time="0.464" /><testcase classname="backend.tests.test_networking_intelligence.TestSearchSuggestionsEndpoint" name="test_suggestions_with_invalid_id_returns_404" time="0.397" /><testcase classname="backend.tests.test_networking_intelligence.TestRegistrationWithExpertiseTags" name="test_manual_registration_with_expertise_tags" time="0.805" /></testsuite></testsuites>