<?xml version="1.0" encoding="utf-8"?><testsuites name="pytest tests"><testsuite name="pytest" errors="0" failures="0" skipped="0" tests="17" time="11.661" timestamp="2026-02-26T14:13:45.622459+00:00" hostname="agent-env-f87bf28b-03b2-4882-90e0-68bbdc7652a1"><testcase classname="backend.tests.test_new_features.TestFilteredExport" name="test_export_filtered_no_params" time="0.623" /><testcase classname="backend.tests.test_new_features.TestFilteredExport" name="test_export_filtered_by_profile_type" time="0.517" /><testcase classname="backend.tests.test_new_features.TestFilteredExport" name="test_export_filtered_by_expertise_tags" time="0.406" /><testcase classname="backend.tests.test_new_features.TestFilteredExport" name="test_export_filtered_combined" time="0.445" /><testcase classname="backend.tests.test_new_features.TestFilteredExport" name="test_export_filtered_includes_expertise_tags_column" time="0.417" /><testcase classname="backend.tests.test_new_features.TestParticipantProfile" name="test_get_participant_profile_exists" time="0.404" /><testcase classname="backend.tests.test_new_features.TestParticipantProfile" name="test_get_participant_profile_not_found" time="0.410" /><testcase classname="backend.tests.test_new_features.TestBadgePDF" name="test_badge_pdf_approved_participant" time="0.857" /><testcase classname="backend.tests.test_new_features.TestBadgePDF" name="test_badge_pdf_not_found" time="0.409" /><testcase classname="backend.tests.test_new_features.TestPartnerManagement" name="test_get_partners_admin" time="0.412" /><testcase classname="backend.tests.test_new_features.TestPartnerManagement" name="test_create_manual_partner" time="0.457" /><testcase classname="backend.tests.test_new_features.TestPartnerManagement" name="test_create_and_delete_partner" time="1.064" /><testcase classname="backend.tests.test_new_features.TestPartnerManagement" name="test_update_partner" time="1.313" /><testcase classname="backend.tests.test_new_features.TestPartnerManagement" name="test_delete_nonexistent_partner" time="0.407" /><testcase classname="backend.tests.test_new_features.TestPartnerSponsorLinking" name="test_link_sponsor_to_registration" time="2.583" /><testcase classname="backend.tests.test_new_features.TestPartnerSponsorLinking" name="test_link_sponsor_invalid_partner" time="0.458" /><testcase classname="backend.tests.test_new_features.TestPublicPartners" name="test_get_public_partners" time="0.406" /></testsuite></testsuites>