<?xml version="1.0" encoding="utf-8"?><testsuites name="pytest tests"><testsuite name="pytest" errors="0" failures="0" skipped="0" tests="17" time="10.600" timestamp="2026-03-09T16:24:18.743254+00:00" hostname="agent-env-8f946dd6-3240-4e69-955f-827637ba68b4"><testcase classname="backend.tests.test_opportunities_events.TestOpportunitiesAPI" name="test_get_opportunities_list" time="0.590" /><testcase classname="backend.tests.test_opportunities_events.TestOpportunitiesAPI" name="test_opportunities_have_correct_types" time="0.419" /><testcase classname="backend.tests.test_opportunities_events.TestOpportunitiesAPI" name="test_opportunities_have_deadlines" time="0.433" /><testcase classname="backend.tests.test_opportunities_events.TestOpportunitiesAPI" name="test_create_opportunity" time="0.523" /><testcase classname="backend.tests.test_opportunities_events.TestOpportunitiesAPI" name="test_apply_to_opportunity" time="0.800" /><testcase classname="backend.tests.test_opportunities_events.TestOpportunitiesAPI" name="test_apply_to_nonexistent_opportunity" time="0.432" /><testcase classname="backend.tests.test_opportunities_events.TestEventsAPI" name="test_get_events_list" time="0.440" /><testcase classname="backend.tests.test_opportunities_events.TestEventsAPI" name="test_events_are_in_may_2026" time="0.418" /><testcase classname="backend.tests.test_opportunities_events.TestEventsAPI" name="test_events_have_correct_types" time="0.411" /><testcase classname="backend.tests.test_opportunities_events.TestEventsAPI" name="test_events_sorted_by_date" time="0.404" /><testcase classname="backend.tests.test_opportunities_events.TestEventsAPI" name="test_register_for_event" time="0.877" /><testcase classname="backend.tests.test_opportunities_events.TestEventsAPI" name="test_register_nonexistent_event" time="0.411" /><testcase classname="backend.tests.test_opportunities_events.TestEventsAPI" name="test_double_registration_handled" time="1.248" /><testcase classname="backend.tests.test_opportunities_events.TestProSpaceAuthentication" name="test_request_access_approved_user" time="0.993" /><testcase classname="backend.tests.test_opportunities_events.TestProSpaceAuthentication" name="test_request_access_unknown_user" time="0.420" /><testcase classname="backend.tests.test_opportunities_events.TestProSpaceAuthentication" name="test_get_dev_code" time="1.256" /><testcase classname="backend.tests.test_opportunities_events.TestProSpaceAuthentication" name="test_verify_code_invalid" time="0.433" /></testsuite></testsuites>