<?xml version="1.0" encoding="utf-8"?><testsuites name="pytest tests"><testsuite name="pytest" errors="0" failures="0" skipped="0" tests="16" time="46.360" timestamp="2026-03-30T11:45:12.338778+00:00" hostname="agent-env-7c86d851-259e-473b-989f-34aa8ff73841"><testcase classname="backend.tests.test_pdf_export_invitations.TestHealthCheck" name="test_api_root" time="0.295" /><testcase classname="backend.tests.test_pdf_export_invitations.TestExportSingleInvitation" name="test_export_single_vip_badge" time="0.814" /><testcase classname="backend.tests.test_pdf_export_invitations.TestExportSingleInvitation" name="test_export_single_bnv_badge" time="0.739" /><testcase classname="backend.tests.test_pdf_export_invitations.TestExportSingleInvitation" name="test_export_single_art_badge" time="0.725" /><testcase classname="backend.tests.test_pdf_export_invitations.TestExportSingleInvitation" name="test_export_single_exp_vip_badge" time="0.681" /><testcase classname="backend.tests.test_pdf_export_invitations.TestExportSingleInvitation" name="test_export_single_nonexistent_badge" time="0.110" /><testcase classname="backend.tests.test_pdf_export_invitations.TestExportBatchInvitations" name="test_export_batch_vip_badges" time="2.920" /><testcase classname="backend.tests.test_pdf_export_invitations.TestExportBatchInvitations" name="test_export_batch_bnv_badges" time="1.857" /><testcase classname="backend.tests.test_pdf_export_invitations.TestExportBatchInvitations" name="test_export_batch_art_badges" time="1.681" /><testcase classname="backend.tests.test_pdf_export_invitations.TestExportBatchInvitations" name="test_export_batch_mixed_all_types" time="5.629" /><testcase classname="backend.tests.test_pdf_export_invitations.TestExportBatchInvitations" name="test_export_batch_nonexistent_type" time="0.135" /><testcase classname="backend.tests.test_pdf_export_invitations.TestPDFStructure" name="test_pdf_page_count_matches_badge_count" time="1.830" /><testcase classname="backend.tests.test_pdf_export_invitations.TestPDFStructure" name="test_pdf_content_type_header" time="0.670" /><testcase classname="backend.tests.test_pdf_export_invitations.TestPDFStructure" name="test_pdf_content_disposition_header" time="0.670" /><testcase classname="backend.tests.test_pdf_export_invitations.TestEdgeCases" name="test_export_batch_with_large_limit" time="27.361" /><testcase classname="backend.tests.test_pdf_export_invitations.TestEdgeCases" name="test_export_batch_with_status_filter" time="0.171" /></testsuite></testsuites>