<?xml version="1.0" encoding="utf-8"?><testsuites name="pytest tests"><testsuite name="pytest" errors="0" failures="0" skipped="0" tests="7" time="4.558" timestamp="2026-03-09T18:21:04.319546+00:00" hostname="agent-env-b9ff2bdf-01b3-4f3c-960a-3bc73a4c753c"><testcase classname="backend.tests.test_performance_dashboard.TestAnalyticsDashboardAPI" name="test_analytics_dashboard_returns_200" time="0.608" /><testcase classname="backend.tests.test_performance_dashboard.TestAnalyticsDashboardAPI" name="test_analytics_dashboard_has_required_fields" time="0.530" /><testcase classname="backend.tests.test_performance_dashboard.TestAnalyticsDashboardAPI" name="test_analytics_dashboard_period_parameter" time="1.681" /><testcase classname="backend.tests.test_performance_dashboard.TestAnalyticsDashboardAPI" name="test_analytics_dashboard_data_types" time="0.413" /><testcase classname="backend.tests.test_performance_dashboard.TestRegistrationsAPIForDashboard" name="test_registrations_returns_200" time="0.406" /><testcase classname="backend.tests.test_performance_dashboard.TestRegistrationsAPIForDashboard" name="test_registrations_has_counts_structure" time="0.431" /><testcase classname="backend.tests.test_performance_dashboard.TestAnalyticsSummaryAPI" name="test_analytics_summary_endpoint" time="0.434" /></testsuite></testsuites>