<?xml version="1.0" encoding="utf-8"?><testsuites name="pytest tests"><testsuite name="pytest" errors="0" failures="1" skipped="0" tests="11" time="8.062" timestamp="2026-03-09T16:07:46.318207+00:00" hostname="agent-env-8f946dd6-3240-4e69-955f-827637ba68b4"><testcase classname="tests.test_pro_space_api.TestProSpaceRequestAccess" name="test_request_access_approved_email_success" time="1.264" /><testcase classname="tests.test_pro_space_api.TestProSpaceRequestAccess" name="test_request_access_nonexistent_email_404" time="0.524" /><testcase classname="tests.test_pro_space_api.TestProSpaceRequestAccess" name="test_request_access_empty_email_fails" time="0.665"><failure message="AssertionError: Expected 404 or 422 for empty email, got 200&#10;assert 200 in [404, 422]&#10; +  where 200 = &lt;Response [200]&gt;.status_code">tests/test_pro_space_api.py:63: in test_request_access_empty_email_fails
    assert response.status_code in [404, 422], f"Expected 404 or 422 for empty email, got {response.status_code}"
E   AssertionError: Expected 404 or 422 for empty email, got 200
E   assert 200 in [404, 422]
E    +  where 200 = &lt;Response [200]&gt;.status_code</failure></testcase><testcase classname="tests.test_pro_space_api.TestProSpaceVerifyCode" name="test_verify_code_invalid_code" time="1.062" /><testcase classname="tests.test_pro_space_api.TestProSpaceVerifyCode" name="test_verify_code_no_pending_code" time="0.429" /><testcase classname="tests.test_pro_space_api.TestProSpaceProfile" name="test_get_profile_by_id" time="0.928" /><testcase classname="tests.test_pro_space_api.TestProSpaceProfile" name="test_get_profile_not_found" time="0.416" /><testcase classname="tests.test_pro_space_api.TestProSpaceConnections" name="test_get_connections_empty" time="0.886" /><testcase classname="tests.test_pro_space_api.TestProSpaceMessages" name="test_get_messages_empty" time="0.966" /><testcase classname="tests.test_pro_space_api.TestProSpaceOpportunitiesAndEvents" name="test_get_opportunities" time="0.397" /><testcase classname="tests.test_pro_space_api.TestProSpaceOpportunitiesAndEvents" name="test_get_events" time="0.404" /></testsuite></testsuites>