<?xml version="1.0" encoding="utf-8"?><testsuites name="pytest tests"><testsuite name="pytest" errors="0" failures="0" skipped="0" tests="21" time="10.934" timestamp="2026-03-09T17:01:40.954034+00:00" hostname="agent-env-8f946dd6-3240-4e69-955f-827637ba68b4"><testcase classname="tests.test_pwa_features.TestSmartAnalyticsAPI" name="test_analytics_batch_post_success" time="0.636" /><testcase classname="tests.test_pwa_features.TestSmartAnalyticsAPI" name="test_analytics_intro_section_tracking" time="0.424" /><testcase classname="tests.test_pwa_features.TestSmartAnalyticsAPI" name="test_analytics_batch_multiple_events" time="0.436" /><testcase classname="tests.test_pwa_features.TestSmartAnalyticsAPI" name="test_analytics_dashboard_get" time="0.701" /><testcase classname="tests.test_pwa_features.TestTeamNotificationsAPI" name="test_get_team_notifications" time="0.456" /><testcase classname="tests.test_pwa_features.TestTeamNotificationsAPI" name="test_get_team_notifications_with_limit" time="0.418" /><testcase classname="tests.test_pwa_features.TestTeamNotificationsAPI" name="test_get_team_notifications_unread_only" time="0.428" /><testcase classname="tests.test_pwa_features.TestTeamNotificationsAPI" name="test_create_team_notification" time="0.416" /><testcase classname="tests.test_pwa_features.TestTeamNotificationsAPI" name="test_mark_all_notifications_read" time="0.435" /><testcase classname="tests.test_pwa_features.TestPWAManifest" name="test_manifest_accessible" time="0.411" /><testcase classname="tests.test_pwa_features.TestPWAManifest" name="test_manifest_required_fields" time="0.434" /><testcase classname="tests.test_pwa_features.TestPWAManifest" name="test_manifest_icons" time="0.336" /><testcase classname="tests.test_pwa_features.TestPWAManifest" name="test_manifest_shortcuts" time="0.302" /><testcase classname="tests.test_pwa_features.TestServiceWorker" name="test_sw_js_accessible" time="0.292" /><testcase classname="tests.test_pwa_features.TestServiceWorker" name="test_sw_js_contains_cache_strategy" time="0.319" /><testcase classname="tests.test_pwa_features.TestServiceWorker" name="test_sw_js_offline_support" time="0.332" /><testcase classname="tests.test_pwa_features.TestCatalogPublicAPI" name="test_catalog_public_accessible" time="0.427" /><testcase classname="tests.test_pwa_features.TestProSpaceIntegration" name="test_pro_request_and_get_code" time="1.141" /><testcase classname="tests.test_pwa_features.TestProSpaceIntegration" name="test_pro_verify_code" time="1.548" /><testcase classname="tests.test_pwa_features.TestProSpaceIntegration" name="test_pro_opportunities" time="0.435" /><testcase classname="tests.test_pwa_features.TestProSpaceIntegration" name="test_pro_events" time="0.455" /></testsuite></testsuites>