<?xml version="1.0" encoding="utf-8"?><testsuites name="pytest tests"><testsuite name="pytest" errors="0" failures="0" skipped="0" tests="13" time="20.844" timestamp="2026-02-25T16:42:30.059673+00:00" hostname="agent-env-a86baee0-9d11-4c71-8b11-16ef9f10f6a8"><testcase classname="backend.tests.test_admin_crud.TestAdminCRUD" name="test_api_root" time="0.580" /><testcase classname="backend.tests.test_admin_crud.TestAdminCRUD" name="test_admin_verify" time="0.536" /><testcase classname="backend.tests.test_admin_crud.TestAdminCRUD" name="test_admin_verify_invalid_password" time="0.434" /><testcase classname="backend.tests.test_admin_crud.TestAdminCRUD" name="test_create_manual_registration" time="0.422" /><testcase classname="backend.tests.test_admin_crud.TestAdminCRUD" name="test_create_manual_registration_verify_persistence" time="0.820" /><testcase classname="backend.tests.test_admin_crud.TestAdminCRUD" name="test_delete_registration" time="1.180" /><testcase classname="backend.tests.test_admin_crud.TestAdminCRUD" name="test_delete_nonexistent_registration" time="0.412" /><testcase classname="backend.tests.test_admin_crud.TestAdminCRUD" name="test_catalog_toggle" time="1.338" /><testcase classname="backend.tests.test_admin_crud.TestRegistrationForm" name="test_registration_with_all_dropdowns" time="1.122" /><testcase classname="backend.tests.test_admin_crud.TestRegistrationForm" name="test_registration_all_profile_types" time="4.739" /><testcase classname="backend.tests.test_admin_crud.TestRegistrationForm" name="test_registration_all_countries" time="3.734" /><testcase classname="backend.tests.test_admin_crud.TestRegistrationForm" name="test_registration_all_how_heard_options" time="3.825" /><testcase classname="backend.tests.test_admin_crud.TestCleanup" name="test_cleanup_test_data" time="1.542" /></testsuite></testsuites>