<?xml version="1.0" encoding="utf-8"?><testsuites name="pytest tests"><testsuite name="pytest" errors="0" failures="1" skipped="0" tests="16" time="12.909" timestamp="2026-03-07T16:31:58.819283+00:00" hostname="agent-env-444556d5-5117-4027-9e41-1201499adc53"><testcase classname="backend.tests.test_section2_5_routes.TestSiteRegistration" name="test_register_public_user" time="0.567" /><testcase classname="backend.tests.test_section2_5_routes.TestSiteRegistration" name="test_register_professional_artist" time="0.939" /><testcase classname="backend.tests.test_section2_5_routes.TestSiteRegistration" name="test_register_professional_press" time="0.800" /><testcase classname="backend.tests.test_section2_5_routes.TestSiteRegistration" name="test_register_institution" time="0.732" /><testcase classname="backend.tests.test_section2_5_routes.TestAdminAccreditation" name="test_admin_add_participant_artiste" time="0.929" /><testcase classname="backend.tests.test_section2_5_routes.TestAdminAccreditation" name="test_admin_add_participant_vip" time="0.700" /><testcase classname="backend.tests.test_section2_5_routes.TestAdminAccreditation" name="test_admin_add_participant_presse" time="0.771" /><testcase classname="backend.tests.test_section2_5_routes.TestBadgeValidation" name="test_get_badge_info_invalid_id" time="0.487" /><testcase classname="backend.tests.test_section2_5_routes.TestBadgeValidation" name="test_validate_badge_presence_invalid_id" time="0.518" /><testcase classname="backend.tests.test_section2_5_routes.TestBadgeValidation" name="test_badge_validation_flow" time="3.131"><failure message="AssertionError: assert (False is True or '' == 'Present'&#10; +  where False = &lt;built-in method get of dict object at 0xfe3fc60cf080&gt;('is_present')&#10; +    where &lt;built-in method get of dict object at 0xfe3fc60cf080&gt; = {'badge_type': '', 'full_name': 'Validation1772901125', 'heure_arrivee': '', 'id': '82', ...}.get&#10;  &#10;  - Present)">backend/tests/test_section2_5_routes.py:267: in test_badge_validation_flow
    assert verify_data.get("is_present") is True or verify_data.get("statut_presence") == "Present"
E   AssertionError: assert (False is True or '' == 'Present'
E    +  where False = &lt;built-in method get of dict object at 0xfe3fc60cf080&gt;('is_present')
E    +    where &lt;built-in method get of dict object at 0xfe3fc60cf080&gt; = {'badge_type': '', 'full_name': 'Validation1772901125', 'heure_arrivee': '', 'id': '82', ...}.get
E     
E     - Present)</failure></testcase><testcase classname="backend.tests.test_section2_5_routes.TestCatalogSync" name="test_get_synced_catalog" time="0.406" /><testcase classname="backend.tests.test_section2_5_routes.TestAlirioContacts" name="test_create_alirio_contact" time="0.415" /><testcase classname="backend.tests.test_section2_5_routes.TestAlirioContacts" name="test_get_alirio_contacts" time="0.412" /><testcase classname="backend.tests.test_section2_5_routes.TestAlirioContacts" name="test_promote_contact_to_partner" time="1.176" /><testcase classname="backend.tests.test_section2_5_routes.TestHealthCheck" name="test_api_root" time="0.421" /><testcase classname="backend.tests.test_section2_5_routes.TestHealthCheck" name="test_catalog_endpoint" time="0.416" /></testsuite></testsuites>