<?xml version="1.0" encoding="utf-8"?><testsuites name="pytest tests"><testsuite name="pytest" errors="0" failures="0" skipped="0" tests="19" time="12.408" timestamp="2026-03-06T06:12:06.450122+00:00" hostname="agent-env-6bb0c0d6-2554-406d-9432-36c1e1629424"><testcase classname="backend.tests.test_security_messaging.TestAPIHealth" name="test_api_root" time="0.541" /><testcase classname="backend.tests.test_security_messaging.TestAPIHealth" name="test_workspace_login_endpoint_exists" time="0.529" /><testcase classname="backend.tests.test_security_messaging.TestWorkspaceAuthentication" name="test_admin_login_success" time="0.426" /><testcase classname="backend.tests.test_security_messaging.TestWorkspaceAuthentication" name="test_laurent_login_success" time="0.412" /><testcase classname="backend.tests.test_security_messaging.TestWorkspaceAuthentication" name="test_gwen_login_success" time="0.405" /><testcase classname="backend.tests.test_security_messaging.TestWorkspaceAuthentication" name="test_wudy_login_success" time="0.410" /><testcase classname="backend.tests.test_security_messaging.TestWorkspaceAuthentication" name="test_alirio_login_success" time="0.404" /><testcase classname="backend.tests.test_security_messaging.TestWorkspaceAuthentication" name="test_wrong_password_rejected" time="0.412" /><testcase classname="backend.tests.test_security_messaging.TestRateLimiting" name="test_rate_limiting_exists" time="5.105" /><testcase classname="backend.tests.test_security_messaging.TestChatMessagingAPI" name="test_get_channel_messages_general" time="0.410" /><testcase classname="backend.tests.test_security_messaging.TestChatMessagingAPI" name="test_get_channel_messages_urgences" time="0.435" /><testcase classname="backend.tests.test_security_messaging.TestChatMessagingAPI" name="test_get_channel_messages_logistique" time="0.391" /><testcase classname="backend.tests.test_security_messaging.TestChatMessagingAPI" name="test_get_channel_messages_communication" time="0.405" /><testcase classname="backend.tests.test_security_messaging.TestChatMessagingAPI" name="test_get_channel_messages_presse" time="0.415" /><testcase classname="backend.tests.test_security_messaging.TestChatMessagingAPI" name="test_get_online_users" time="0.405" /><testcase classname="backend.tests.test_security_messaging.TestChatMessagingAPI" name="test_post_message_api" time="0.415" /><testcase classname="backend.tests.test_security_messaging.TestChatMessagingAPI" name="test_founder_include_all_parameter" time="0.406" /><testcase classname="backend.tests.test_security_messaging.TestWorkspaceLogout" name="test_workspace_logout_endpoint" time="0.404" /><testcase classname="backend.tests.test_security_messaging.TestWebSocketChat" name="test_websocket_endpoint_info" time="0.000" /></testsuite></testsuites>