<?xml version="1.0" encoding="utf-8"?><testsuites name="pytest tests"><testsuite name="pytest" errors="0" failures="0" skipped="0" tests="33" time="29.857" timestamp="2026-03-09T20:21:20.378264+00:00" hostname="agent-env-fee2d0a1-6d8a-4c84-8a35-45d962e8d8a5"><testcase classname="backend.tests.test_shared_data_sync.TestSharedArtistes" name="test_get_artistes" time="0.570" /><testcase classname="backend.tests.test_shared_data_sync.TestSharedArtistes" name="test_create_artiste" time="0.415" /><testcase classname="backend.tests.test_shared_data_sync.TestSharedArtistes" name="test_create_and_verify_persistence" time="0.815" /><testcase classname="backend.tests.test_shared_data_sync.TestSharedArtistes" name="test_update_artiste" time="0.937" /><testcase classname="backend.tests.test_shared_data_sync.TestSharedArtistes" name="test_delete_artiste" time="1.264" /><testcase classname="backend.tests.test_shared_data_sync.TestSharedPrestataires" name="test_get_prestataires" time="0.410" /><testcase classname="backend.tests.test_shared_data_sync.TestSharedPrestataires" name="test_create_prestataire" time="0.419" /><testcase classname="backend.tests.test_shared_data_sync.TestSharedPrestataires" name="test_update_prestataire" time="0.829" /><testcase classname="backend.tests.test_shared_data_sync.TestSharedPrestataires" name="test_delete_prestataire" time="0.833" /><testcase classname="backend.tests.test_shared_data_sync.TestSharedPartners" name="test_get_partners" time="0.404" /><testcase classname="backend.tests.test_shared_data_sync.TestSharedPartners" name="test_create_partner" time="0.438" /><testcase classname="backend.tests.test_shared_data_sync.TestSharedPartners" name="test_update_partner" time="0.818" /><testcase classname="backend.tests.test_shared_data_sync.TestSharedPartners" name="test_delete_partner" time="0.825" /><testcase classname="backend.tests.test_shared_data_sync.TestSharedTasks" name="test_get_tasks" time="0.418" /><testcase classname="backend.tests.test_shared_data_sync.TestSharedTasks" name="test_create_task" time="0.413" /><testcase classname="backend.tests.test_shared_data_sync.TestSharedTasks" name="test_get_tasks_filtered_by_assignee" time="0.409" /><testcase classname="backend.tests.test_shared_data_sync.TestSharedTasks" name="test_update_task" time="0.887" /><testcase classname="backend.tests.test_shared_data_sync.TestSharedTasks" name="test_delete_task" time="0.832" /><testcase classname="backend.tests.test_shared_data_sync.TestSharedExpenses" name="test_get_expenses" time="0.396" /><testcase classname="backend.tests.test_shared_data_sync.TestSharedExpenses" name="test_create_expense" time="0.417" /><testcase classname="backend.tests.test_shared_data_sync.TestSharedExpenses" name="test_update_expense" time="0.870" /><testcase classname="backend.tests.test_shared_data_sync.TestSharedExpenses" name="test_delete_expense" time="0.828" /><testcase classname="backend.tests.test_shared_data_sync.TestSharedContacts" name="test_get_contacts" time="0.405" /><testcase classname="backend.tests.test_shared_data_sync.TestSharedContacts" name="test_create_contact" time="0.398" /><testcase classname="backend.tests.test_shared_data_sync.TestSharedContacts" name="test_get_contacts_filtered_by_owner" time="0.401" /><testcase classname="backend.tests.test_shared_data_sync.TestSharedContacts" name="test_update_contact" time="0.845" /><testcase classname="backend.tests.test_shared_data_sync.TestSharedContacts" name="test_delete_contact" time="0.824" /><testcase classname="backend.tests.test_shared_data_sync.TestSharedPlanning" name="test_get_planning" time="0.411" /><testcase classname="backend.tests.test_shared_data_sync.TestSharedPlanning" name="test_create_planning_item" time="0.419" /><testcase classname="backend.tests.test_shared_data_sync.TestSharedPlanning" name="test_get_planning_filtered_by_date" time="0.417" /><testcase classname="backend.tests.test_shared_data_sync.TestSharedPlanning" name="test_update_planning_item" time="0.817" /><testcase classname="backend.tests.test_shared_data_sync.TestSharedPlanning" name="test_delete_planning_item" time="0.841" /><testcase classname="backend.tests.test_shared_data_sync.TestInitDefaultData" name="test_init_default_data" time="9.565" /></testsuite></testsuites>