<?xml version="1.0" encoding="utf-8"?><testsuites name="pytest tests"><testsuite name="pytest" errors="0" failures="0" skipped="0" tests="17" time="9.128" timestamp="2026-03-09T18:48:34.746627+00:00" hostname="agent-env-41c65a6a-eef6-4764-891b-18b33b9610f3"><testcase classname="backend.tests.test_smart_engine.TestSmartEngineStats" name="test_stats_returns_200" time="0.572" /><testcase classname="backend.tests.test_smart_engine.TestSmartEngineStats" name="test_stats_has_required_fields" time="0.421" /><testcase classname="backend.tests.test_smart_engine.TestSmartEngineStats" name="test_stats_data_types" time="0.449" /><testcase classname="backend.tests.test_smart_engine.TestSmartEngineAlertRules" name="test_alert_rules_returns_200" time="0.421" /><testcase classname="backend.tests.test_smart_engine.TestSmartEngineAlertRules" name="test_alert_rules_returns_5_default_rules" time="0.413" /><testcase classname="backend.tests.test_smart_engine.TestSmartEngineAlertRules" name="test_alert_rules_structure" time="0.532" /><testcase classname="backend.tests.test_smart_engine.TestSmartEngineAlertRules" name="test_default_rule_types" time="0.399" /><testcase classname="backend.tests.test_smart_engine.TestSmartEngineInsights" name="test_insights_returns_200" time="0.413" /><testcase classname="backend.tests.test_smart_engine.TestSmartEngineInsights" name="test_insights_has_required_sections" time="0.401" /><testcase classname="backend.tests.test_smart_engine.TestSmartEngineInsights" name="test_insights_metrics_structure" time="0.408" /><testcase classname="backend.tests.test_smart_engine.TestSmartEngineInsights" name="test_insights_funnel_structure" time="0.421" /><testcase classname="backend.tests.test_smart_engine.TestTeamNotifications" name="test_notifications_returns_200" time="0.413" /><testcase classname="backend.tests.test_smart_engine.TestTeamNotifications" name="test_notifications_response_structure" time="0.436" /><testcase classname="backend.tests.test_smart_engine.TestTeamNotifications" name="test_create_and_get_notification" time="0.822" /><testcase classname="backend.tests.test_smart_engine.TestCheckAlerts" name="test_check_alerts_returns_200" time="0.421" /><testcase classname="backend.tests.test_smart_engine.TestCheckAlerts" name="test_check_alerts_response_structure" time="0.453" /><testcase classname="backend.tests.test_smart_engine.TestAlertRuleToggle" name="test_toggle_alert_rule" time="1.676" /></testsuite></testsuites>