<?xml version="1.0" encoding="utf-8"?><testsuites name="pytest tests"><testsuite name="pytest" errors="0" failures="0" skipped="0" tests="13" time="18.662" timestamp="2026-03-09T17:46:19.959834+00:00" hostname="agent-env-8f946dd6-3240-4e69-955f-827637ba68b4"><testcase classname="tests.test_terrain_mode.TestTerrainMode" name="test_validate_badge_green_success" time="2.005" /><testcase classname="tests.test_terrain_mode.TestTerrainMode" name="test_validate_badge_orange_duplicate" time="2.154" /><testcase classname="tests.test_terrain_mode.TestTerrainMode" name="test_validate_badge_red_invalid" time="1.250" /><testcase classname="tests.test_terrain_mode.TestTerrainMode" name="test_get_affluence" time="1.245" /><testcase classname="tests.test_terrain_mode.TestTerrainMode" name="test_search_participants" time="1.230" /><testcase classname="tests.test_terrain_mode.TestTerrainMode" name="test_search_short_query" time="1.233" /><testcase classname="tests.test_terrain_mode.TestTerrainMode" name="test_manual_checkin" time="1.741" /><testcase classname="tests.test_terrain_mode.TestTerrainMode" name="test_manual_checkin_already_present" time="2.227" /><testcase classname="tests.test_terrain_mode.TestTerrainMode" name="test_manual_checkin_not_found" time="1.268" /><testcase classname="tests.test_terrain_mode.TestTerrainMode" name="test_reset_presence" time="2.104" /><testcase classname="tests.test_terrain_mode.TestTerrainMode" name="test_reset_presence_not_found" time="1.264" /><testcase classname="tests.test_terrain_mode.TestTerrainEdgeCases" name="test_validate_badge_empty_body" time="0.404" /><testcase classname="tests.test_terrain_mode.TestTerrainEdgeCases" name="test_affluence_performance" time="0.434" /></testsuite></testsuites>