<?xml version="1.0" encoding="utf-8"?><testsuites name="pytest tests"><testsuite name="pytest" errors="0" failures="0" skipped="0" tests="24" time="14.059" timestamp="2026-03-06T05:20:41.647562+00:00" hostname="agent-env-6bb0c0d6-2554-406d-9432-36c1e1629424"><testcase classname="backend.tests.test_workspace_system.TestAPIHealth" name="test_api_root_responds" time="0.585" /><testcase classname="backend.tests.test_workspace_system.TestAdminLogin" name="test_admin_login_success" time="0.426" /><testcase classname="backend.tests.test_workspace_system.TestAdminLogin" name="test_admin_verify_endpoint" time="0.427" /><testcase classname="backend.tests.test_workspace_system.TestWorkspaceLogins" name="test_laurent_login" time="0.530" /><testcase classname="backend.tests.test_workspace_system.TestWorkspaceLogins" name="test_twina_login" time="0.407" /><testcase classname="backend.tests.test_workspace_system.TestWorkspaceLogins" name="test_gwen_login" time="0.421" /><testcase classname="backend.tests.test_workspace_system.TestWorkspaceLogins" name="test_alirio_login" time="0.412" /><testcase classname="backend.tests.test_workspace_system.TestWorkspaceLogins" name="test_kaige_login" time="0.411" /><testcase classname="backend.tests.test_workspace_system.TestWorkspaceLogins" name="test_wudy_login" time="0.428" /><testcase classname="backend.tests.test_workspace_system.TestWorkspaceLogins" name="test_fabrice_login" time="0.405" /><testcase classname="backend.tests.test_workspace_system.TestWorkspaceLogins" name="test_analyst_login" time="0.424" /><testcase classname="backend.tests.test_workspace_system.TestWorkspaceLogins" name="test_invalid_password" time="0.427" /><testcase classname="backend.tests.test_workspace_system.TestWorkspaceLogs" name="test_get_workspace_logs" time="0.440" /><testcase classname="backend.tests.test_workspace_system.TestWorkspaceLogs" name="test_get_workspace_sessions" time="0.402" /><testcase classname="backend.tests.test_workspace_system.TestWorkspaceLogs" name="test_add_workspace_log" time="0.410" /><testcase classname="backend.tests.test_workspace_system.TestNotificationsAPI" name="test_send_notification" time="0.425" /><testcase classname="backend.tests.test_workspace_system.TestNotificationsAPI" name="test_get_notifications" time="0.405" /><testcase classname="backend.tests.test_workspace_system.TestNotificationsAPI" name="test_mark_notification_read" time="0.799" /><testcase classname="backend.tests.test_workspace_system.TestNotificationsAPI" name="test_mark_all_read" time="0.418" /><testcase classname="backend.tests.test_workspace_system.TestAdminDashboard" name="test_get_registrations" time="0.430" /><testcase classname="backend.tests.test_workspace_system.TestAdminDashboard" name="test_get_stats_v1" time="0.413" /><testcase classname="backend.tests.test_workspace_system.TestAdminDashboard" name="test_get_catalog" time="0.407" /><testcase classname="backend.tests.test_workspace_system.TestAccreditationSystemEndpoints" name="test_accreditation_page_loads" time="0.403" /><testcase classname="backend.tests.test_workspace_system.TestAllCredentialsCoverage" name="test_all_workspace_credentials" time="3.704" /></testsuite></testsuites>